{"/home/jackson/Documents/GitHub/Waste-Watcher/food-waste-tracker/FirebaseConfig.js": {"path":"/home/jackson/Documents/GitHub/Waste-Watcher/food-waste-tracker/FirebaseConfig.js","statementMap":{"0":{"start":{"line":11,"column":23},"end":{"line":18,"column":1}},"1":{"start":{"line":21,"column":28},"end":{"line":21,"column":57}},"2":{"start":{"line":22,"column":30},"end":{"line":24,"column":3}},"3":{"start":{"line":26,"column":27},"end":{"line":26,"column":53}}},"fnMap":{},"branchMap":{},"s":{"0":1,"1":1,"2":1,"3":1},"f":{},"b":{},"_coverageSchema":"1a1c01bbd47fc00a2c39e90264f33305004495a9","hash":"988134971a953051c69e0dabffdd91c3ff7137da"}
,"/home/jackson/Documents/GitHub/Waste-Watcher/food-waste-tracker/images/FoodRescueMaine_Logo_Final-01.png": {"path":"/home/jackson/Documents/GitHub/Waste-Watcher/food-waste-tracker/images/FoodRescueMaine_Logo_Final-01.png","statementMap":{"0":{"start":{"line":1,"column":0},"end":{"line":1,"column":19}}},"fnMap":{},"branchMap":{},"s":{"0":1},"f":{},"b":{},"_coverageSchema":"1a1c01bbd47fc00a2c39e90264f33305004495a9","hash":"2961186f2d30b082400afd8c037f97930ae08ec7"}
,"/home/jackson/Documents/GitHub/Waste-Watcher/food-waste-tracker/images/bell.png": {"path":"/home/jackson/Documents/GitHub/Waste-Watcher/food-waste-tracker/images/bell.png","statementMap":{"0":{"start":{"line":1,"column":0},"end":{"line":1,"column":19}}},"fnMap":{},"branchMap":{},"s":{"0":1},"f":{},"b":{},"_coverageSchema":"1a1c01bbd47fc00a2c39e90264f33305004495a9","hash":"8e07a41b5d9e8c66f6cd26de9e5d7f3815007090"}
,"/home/jackson/Documents/GitHub/Waste-Watcher/food-waste-tracker/images/friends.png": {"path":"/home/jackson/Documents/GitHub/Waste-Watcher/food-waste-tracker/images/friends.png","statementMap":{"0":{"start":{"line":1,"column":0},"end":{"line":1,"column":19}}},"fnMap":{},"branchMap":{},"s":{"0":1},"f":{},"b":{},"_coverageSchema":"1a1c01bbd47fc00a2c39e90264f33305004495a9","hash":"e8dc69836a3af55641e64f86716672c670b29500"}
,"/home/jackson/Documents/GitHub/Waste-Watcher/food-waste-tracker/images/profile.png": {"path":"/home/jackson/Documents/GitHub/Waste-Watcher/food-waste-tracker/images/profile.png","statementMap":{"0":{"start":{"line":1,"column":0},"end":{"line":1,"column":19}}},"fnMap":{},"branchMap":{},"s":{"0":1},"f":{},"b":{},"_coverageSchema":"1a1c01bbd47fc00a2c39e90264f33305004495a9","hash":"08328ba991c945c6caf1676e9bd59c820ad62969"}
,"/home/jackson/Documents/GitHub/Waste-Watcher/food-waste-tracker/images/refer.png": {"path":"/home/jackson/Documents/GitHub/Waste-Watcher/food-waste-tracker/images/refer.png","statementMap":{"0":{"start":{"line":1,"column":0},"end":{"line":1,"column":19}}},"fnMap":{},"branchMap":{},"s":{"0":1},"f":{},"b":{},"_coverageSchema":"1a1c01bbd47fc00a2c39e90264f33305004495a9","hash":"e9459bf5fe5a5d364f090bbf5f37e35e4e3ace98"}
,"/home/jackson/Documents/GitHub/Waste-Watcher/food-waste-tracker/images/ribbon.png": {"path":"/home/jackson/Documents/GitHub/Waste-Watcher/food-waste-tracker/images/ribbon.png","statementMap":{"0":{"start":{"line":1,"column":0},"end":{"line":1,"column":19}}},"fnMap":{},"branchMap":{},"s":{"0":1},"f":{},"b":{},"_coverageSchema":"1a1c01bbd47fc00a2c39e90264f33305004495a9","hash":"b8b77c93f61d6d863d6fce87cd296cf0f75b04d4"}
,"/home/jackson/Documents/GitHub/Waste-Watcher/food-waste-tracker/images/settings.png": {"path":"/home/jackson/Documents/GitHub/Waste-Watcher/food-waste-tracker/images/settings.png","statementMap":{"0":{"start":{"line":1,"column":0},"end":{"line":1,"column":19}}},"fnMap":{},"branchMap":{},"s":{"0":1},"f":{},"b":{},"_coverageSchema":"1a1c01bbd47fc00a2c39e90264f33305004495a9","hash":"0938343cc8aaf16102621b9aa8921cc0eb598217"}
,"/home/jackson/Documents/GitHub/Waste-Watcher/food-waste-tracker/images/streak.png": {"path":"/home/jackson/Documents/GitHub/Waste-Watcher/food-waste-tracker/images/streak.png","statementMap":{"0":{"start":{"line":1,"column":0},"end":{"line":1,"column":19}}},"fnMap":{},"branchMap":{},"s":{"0":1},"f":{},"b":{},"_coverageSchema":"1a1c01bbd47fc00a2c39e90264f33305004495a9","hash":"0dad60fdca9d7f31b6562c0360f49d1dda7ab99c"}
,"/home/jackson/Documents/GitHub/Waste-Watcher/food-waste-tracker/src/Pages/ArcGISMap.js": {"path":"/home/jackson/Documents/GitHub/Waste-Watcher/food-waste-tracker/src/Pages/ArcGISMap.js","statementMap":{"0":{"start":{"line":10,"column":4},"end":{"line":10,"column":16}},"1":{"start":{"line":14,"column":4},"end":{"line":34,"column":5}},"2":{"start":{"line":38,"column":15},"end":{"line":50,"column":2}}},"fnMap":{"0":{"name":"(anonymous_0)","decl":{"start":{"line":9,"column":2},"end":{"line":9,"column":3}},"loc":{"start":{"line":9,"column":21},"end":{"line":11,"column":3}},"line":9},"1":{"name":"(anonymous_1)","decl":{"start":{"line":13,"column":2},"end":{"line":13,"column":3}},"loc":{"start":{"line":13,"column":11},"end":{"line":35,"column":3}},"line":13}},"branchMap":{},"s":{"0":0,"1":0,"2":1},"f":{"0":0,"1":0},"b":{},"_coverageSchema":"1a1c01bbd47fc00a2c39e90264f33305004495a9","hash":"1c70b1f27be36698a6c45f12ac30d801c59f5bc4"}
,"/home/jackson/Documents/GitHub/Waste-Watcher/food-waste-tracker/src/Pages/ForgotPassword.js": {"path":"/home/jackson/Documents/GitHub/Waste-Watcher/food-waste-tracker/src/Pages/ForgotPassword.js","statementMap":{"0":{"start":{"line":18,"column":4},"end":{"line":18,"column":16}},"1":{"start":{"line":19,"column":4},"end":{"line":22,"column":5}},"2":{"start":{"line":27,"column":4},"end":{"line":31,"column":5}},"3":{"start":{"line":28,"column":6},"end":{"line":28,"column":41}},"4":{"start":{"line":30,"column":6},"end":{"line":30,"column":42}},"5":{"start":{"line":37,"column":4},"end":{"line":37,"column":23}},"6":{"start":{"line":38,"column":4},"end":{"line":38,"column":33}},"7":{"start":{"line":42,"column":27},"end":{"line":42,"column":37}},"8":{"start":{"line":44,"column":4},"end":{"line":89,"column":6}},"9":{"start":{"line":54,"column":31},"end":{"line":54,"column":64}},"10":{"start":{"line":55,"column":40},"end":{"line":62,"column":17}},"11":{"start":{"line":73,"column":41},"end":{"line":73,"column":60}},"12":{"start":{"line":74,"column":36},"end":{"line":74,"column":55}},"13":{"start":{"line":78,"column":40},"end":{"line":82,"column":39}},"14":{"start":{"line":93,"column":15},"end":{"line":153,"column":2}}},"fnMap":{"0":{"name":"(anonymous_0)","decl":{"start":{"line":17,"column":2},"end":{"line":17,"column":3}},"loc":{"start":{"line":17,"column":21},"end":{"line":23,"column":3}},"line":17},"1":{"name":"(anonymous_1)","decl":{"start":{"line":26,"column":2},"end":{"line":26,"column":3}},"loc":{"start":{"line":26,"column":17},"end":{"line":32,"column":3}},"line":26},"2":{"name":"(anonymous_2)","decl":{"start":{"line":35,"column":2},"end":{"line":35,"column":3}},"loc":{"start":{"line":35,"column":17},"end":{"line":39,"column":3}},"line":35},"3":{"name":"(anonymous_3)","decl":{"start":{"line":41,"column":2},"end":{"line":41,"column":3}},"loc":{"start":{"line":41,"column":11},"end":{"line":90,"column":3}},"line":41},"4":{"name":"(anonymous_4)","decl":{"start":{"line":54,"column":25},"end":{"line":54,"column":26}},"loc":{"start":{"line":54,"column":31},"end":{"line":54,"column":64}},"line":54},"5":{"name":"(anonymous_5)","decl":{"start":{"line":55,"column":23},"end":{"line":55,"column":24}},"loc":{"start":{"line":55,"column":40},"end":{"line":62,"column":17}},"line":55},"6":{"name":"(anonymous_6)","decl":{"start":{"line":73,"column":30},"end":{"line":73,"column":31}},"loc":{"start":{"line":73,"column":41},"end":{"line":73,"column":60}},"line":73},"7":{"name":"(anonymous_7)","decl":{"start":{"line":74,"column":30},"end":{"line":74,"column":31}},"loc":{"start":{"line":74,"column":36},"end":{"line":74,"column":55}},"line":74},"8":{"name":"(anonymous_8)","decl":{"start":{"line":78,"column":23},"end":{"line":78,"column":24}},"loc":{"start":{"line":78,"column":40},"end":{"line":82,"column":39}},"line":78}},"branchMap":{"0":{"loc":{"start":{"line":27,"column":4},"end":{"line":31,"column":5}},"type":"if","locations":[{"start":{"line":27,"column":4},"end":{"line":31,"column":5}},{"start":{"line":29,"column":11},"end":{"line":31,"column":5}}],"line":27},"1":{"loc":{"start":{"line":57,"column":37},"end":{"line":59,"column":42}},"type":"cond-expr","locations":[{"start":{"line":58,"column":24},"end":{"line":58,"column":42}},{"start":{"line":59,"column":24},"end":{"line":59,"column":42}}],"line":57},"2":{"loc":{"start":{"line":80,"column":37},"end":{"line":80,"column":91}},"type":"cond-expr","locations":[{"start":{"line":80,"column":47},"end":{"line":80,"column":70}},{"start":{"line":80,"column":73},"end":{"line":80,"column":91}}],"line":80}},"s":{"0":1,"1":1,"2":0,"3":0,"4":0,"5":0,"6":0,"7":1,"8":1,"9":0,"10":1,"11":0,"12":0,"13":1,"14":1},"f":{"0":1,"1":0,"2":0,"3":1,"4":0,"5":1,"6":0,"7":0,"8":1},"b":{"0":[0,0],"1":[0,1],"2":[0,1]},"_coverageSchema":"1a1c01bbd47fc00a2c39e90264f33305004495a9","hash":"7c149e4406f80348a005cd6cff81b49707d83915"}
,"/home/jackson/Documents/GitHub/Waste-Watcher/food-waste-tracker/src/Pages/HomePage.js": {"path":"/home/jackson/Documents/GitHub/Waste-Watcher/food-waste-tracker/src/Pages/HomePage.js","statementMap":{"0":{"start":{"line":28,"column":0},"end":{"line":36,"column":1}},"1":{"start":{"line":33,"column":26},"end":{"line":33,"column":55}},"2":{"start":{"line":37,"column":0},"end":{"line":46,"column":1}},"3":{"start":{"line":42,"column":26},"end":{"line":42,"column":42}},"4":{"start":{"line":49,"column":0},"end":{"line":49,"column":45}},"5":{"start":{"line":51,"column":0},"end":{"line":56,"column":1}},"6":{"start":{"line":57,"column":0},"end":{"line":61,"column":1}},"7":{"start":{"line":62,"column":0},"end":{"line":64,"column":1}},"8":{"start":{"line":69,"column":4},"end":{"line":69,"column":16}},"9":{"start":{"line":70,"column":4},"end":{"line":86,"column":5}},"10":{"start":{"line":87,"column":4},"end":{"line":87,"column":18}},"11":{"start":{"line":91,"column":12},"end":{"line":102,"column":3}},"12":{"start":{"line":92,"column":4},"end":{"line":101,"column":5}},"13":{"start":{"line":93,"column":20},"end":{"line":93,"column":57}},"14":{"start":{"line":94,"column":6},"end":{"line":94,"column":35}},"15":{"start":{"line":95,"column":6},"end":{"line":95,"column":50}},"16":{"start":{"line":97,"column":21},"end":{"line":97,"column":59}},"17":{"start":{"line":98,"column":6},"end":{"line":98,"column":41}},"18":{"start":{"line":105,"column":22},"end":{"line":108,"column":3}},"19":{"start":{"line":106,"column":4},"end":{"line":106,"column":50}},"20":{"start":{"line":107,"column":4},"end":{"line":107,"column":46}},"21":{"start":{"line":112,"column":4},"end":{"line":112,"column":43}},"22":{"start":{"line":116,"column":4},"end":{"line":116,"column":37}},"23":{"start":{"line":122,"column":4},"end":{"line":122,"column":41}},"24":{"start":{"line":127,"column":4},"end":{"line":127,"column":41}},"25":{"start":{"line":128,"column":4},"end":{"line":128,"column":35}},"26":{"start":{"line":129,"column":4},"end":{"line":129,"column":41}},"27":{"start":{"line":130,"column":4},"end":{"line":130,"column":46}},"28":{"start":{"line":135,"column":4},"end":{"line":146,"column":5}},"29":{"start":{"line":136,"column":6},"end":{"line":136,"column":37}},"30":{"start":{"line":137,"column":11},"end":{"line":146,"column":5}},"31":{"start":{"line":143,"column":6},"end":{"line":143,"column":37}},"32":{"start":{"line":145,"column":6},"end":{"line":145,"column":24}},"33":{"start":{"line":162,"column":25},"end":{"line":162,"column":35}},"34":{"start":{"line":163,"column":4},"end":{"line":412,"column":5}},"35":{"start":{"line":230,"column":34},"end":{"line":230,"column":63}},"36":{"start":{"line":233,"column":31},"end":{"line":233,"column":60}},"37":{"start":{"line":243,"column":16},"end":{"line":243,"column":53}},"38":{"start":{"line":251,"column":16},"end":{"line":251,"column":47}},"39":{"start":{"line":259,"column":16},"end":{"line":259,"column":53}},"40":{"start":{"line":275,"column":31},"end":{"line":275,"column":77}},"41":{"start":{"line":279,"column":31},"end":{"line":279,"column":57}},"42":{"start":{"line":280,"column":38},"end":{"line":287,"column":17}},"43":{"start":{"line":299,"column":34},"end":{"line":299,"column":60}},"44":{"start":{"line":302,"column":31},"end":{"line":302,"column":57}},"45":{"start":{"line":323,"column":18},"end":{"line":323,"column":49}},"46":{"start":{"line":336,"column":18},"end":{"line":336,"column":49}},"47":{"start":{"line":350,"column":18},"end":{"line":350,"column":49}},"48":{"start":{"line":361,"column":43},"end":{"line":361,"column":81}},"49":{"start":{"line":374,"column":43},"end":{"line":374,"column":81}},"50":{"start":{"line":387,"column":26},"end":{"line":389,"column":30}},"51":{"start":{"line":387,"column":56},"end":{"line":389,"column":27}},"52":{"start":{"line":401,"column":26},"end":{"line":403,"column":30}},"53":{"start":{"line":401,"column":56},"end":{"line":403,"column":27}},"54":{"start":{"line":416,"column":15},"end":{"line":763,"column":4}}},"fnMap":{"0":{"name":"(anonymous_0)","decl":{"start":{"line":33,"column":9},"end":{"line":33,"column":10}},"loc":{"start":{"line":33,"column":26},"end":{"line":33,"column":55}},"line":33},"1":{"name":"(anonymous_1)","decl":{"start":{"line":42,"column":9},"end":{"line":42,"column":10}},"loc":{"start":{"line":42,"column":26},"end":{"line":42,"column":42}},"line":42},"2":{"name":"(anonymous_2)","decl":{"start":{"line":68,"column":2},"end":{"line":68,"column":3}},"loc":{"start":{"line":68,"column":21},"end":{"line":88,"column":3}},"line":68},"3":{"name":"(anonymous_3)","decl":{"start":{"line":91,"column":12},"end":{"line":91,"column":13}},"loc":{"start":{"line":91,"column":24},"end":{"line":102,"column":3}},"line":91},"4":{"name":"(anonymous_4)","decl":{"start":{"line":105,"column":22},"end":{"line":105,"column":23}},"loc":{"start":{"line":105,"column":39},"end":{"line":108,"column":3}},"line":105},"5":{"name":"(anonymous_5)","decl":{"start":{"line":111,"column":2},"end":{"line":111,"column":3}},"loc":{"start":{"line":111,"column":24},"end":{"line":113,"column":3}},"line":111},"6":{"name":"(anonymous_6)","decl":{"start":{"line":115,"column":2},"end":{"line":115,"column":3}},"loc":{"start":{"line":115,"column":18},"end":{"line":117,"column":3}},"line":115},"7":{"name":"(anonymous_7)","decl":{"start":{"line":120,"column":2},"end":{"line":120,"column":3}},"loc":{"start":{"line":120,"column":24},"end":{"line":123,"column":3}},"line":120},"8":{"name":"(anonymous_8)","decl":{"start":{"line":126,"column":2},"end":{"line":126,"column":3}},"loc":{"start":{"line":126,"column":24},"end":{"line":131,"column":3}},"line":126},"9":{"name":"(anonymous_9)","decl":{"start":{"line":134,"column":3},"end":{"line":134,"column":4}},"loc":{"start":{"line":134,"column":20},"end":{"line":147,"column":3}},"line":134},"10":{"name":"(anonymous_10)","decl":{"start":{"line":161,"column":2},"end":{"line":161,"column":3}},"loc":{"start":{"line":161,"column":11},"end":{"line":413,"column":3}},"line":161},"11":{"name":"(anonymous_11)","decl":{"start":{"line":230,"column":28},"end":{"line":230,"column":29}},"loc":{"start":{"line":230,"column":34},"end":{"line":230,"column":63}},"line":230},"12":{"name":"(anonymous_12)","decl":{"start":{"line":233,"column":25},"end":{"line":233,"column":26}},"loc":{"start":{"line":233,"column":31},"end":{"line":233,"column":60}},"line":233},"13":{"name":"(anonymous_13)","decl":{"start":{"line":242,"column":30},"end":{"line":242,"column":31}},"loc":{"start":{"line":243,"column":16},"end":{"line":243,"column":53}},"line":243},"14":{"name":"(anonymous_14)","decl":{"start":{"line":250,"column":30},"end":{"line":250,"column":31}},"loc":{"start":{"line":251,"column":16},"end":{"line":251,"column":47}},"line":251},"15":{"name":"(anonymous_15)","decl":{"start":{"line":258,"column":30},"end":{"line":258,"column":31}},"loc":{"start":{"line":259,"column":16},"end":{"line":259,"column":53}},"line":259},"16":{"name":"(anonymous_16)","decl":{"start":{"line":275,"column":25},"end":{"line":275,"column":26}},"loc":{"start":{"line":275,"column":31},"end":{"line":275,"column":77}},"line":275},"17":{"name":"(anonymous_17)","decl":{"start":{"line":279,"column":25},"end":{"line":279,"column":26}},"loc":{"start":{"line":279,"column":31},"end":{"line":279,"column":57}},"line":279},"18":{"name":"(anonymous_18)","decl":{"start":{"line":280,"column":23},"end":{"line":280,"column":24}},"loc":{"start":{"line":280,"column":38},"end":{"line":287,"column":17}},"line":280},"19":{"name":"(anonymous_19)","decl":{"start":{"line":299,"column":28},"end":{"line":299,"column":29}},"loc":{"start":{"line":299,"column":34},"end":{"line":299,"column":60}},"line":299},"20":{"name":"(anonymous_20)","decl":{"start":{"line":302,"column":25},"end":{"line":302,"column":26}},"loc":{"start":{"line":302,"column":31},"end":{"line":302,"column":57}},"line":302},"21":{"name":"(anonymous_21)","decl":{"start":{"line":322,"column":32},"end":{"line":322,"column":33}},"loc":{"start":{"line":323,"column":18},"end":{"line":323,"column":49}},"line":323},"22":{"name":"(anonymous_22)","decl":{"start":{"line":335,"column":32},"end":{"line":335,"column":33}},"loc":{"start":{"line":336,"column":18},"end":{"line":336,"column":49}},"line":336},"23":{"name":"(anonymous_23)","decl":{"start":{"line":349,"column":32},"end":{"line":349,"column":33}},"loc":{"start":{"line":350,"column":18},"end":{"line":350,"column":49}},"line":350},"24":{"name":"(anonymous_24)","decl":{"start":{"line":361,"column":31},"end":{"line":361,"column":32}},"loc":{"start":{"line":361,"column":42},"end":{"line":361,"column":82}},"line":361},"25":{"name":"(anonymous_25)","decl":{"start":{"line":374,"column":31},"end":{"line":374,"column":32}},"loc":{"start":{"line":374,"column":42},"end":{"line":374,"column":82}},"line":374},"26":{"name":"(anonymous_26)","decl":{"start":{"line":386,"column":33},"end":{"line":386,"column":34}},"loc":{"start":{"line":386,"column":39},"end":{"line":390,"column":25}},"line":386},"27":{"name":"(anonymous_27)","decl":{"start":{"line":387,"column":40},"end":{"line":387,"column":41}},"loc":{"start":{"line":387,"column":56},"end":{"line":389,"column":27}},"line":387},"28":{"name":"(anonymous_28)","decl":{"start":{"line":400,"column":33},"end":{"line":400,"column":34}},"loc":{"start":{"line":400,"column":39},"end":{"line":404,"column":25}},"line":400},"29":{"name":"(anonymous_29)","decl":{"start":{"line":401,"column":40},"end":{"line":401,"column":41}},"loc":{"start":{"line":401,"column":56},"end":{"line":403,"column":27}},"line":401}},"branchMap":{"0":{"loc":{"start":{"line":33,"column":10},"end":{"line":33,"column":21}},"type":"default-arg","locations":[{"start":{"line":33,"column":20},"end":{"line":33,"column":21}}],"line":33},"1":{"loc":{"start":{"line":42,"column":10},"end":{"line":42,"column":21}},"type":"default-arg","locations":[{"start":{"line":42,"column":20},"end":{"line":42,"column":21}}],"line":42},"2":{"loc":{"start":{"line":135,"column":4},"end":{"line":146,"column":5}},"type":"if","locations":[{"start":{"line":135,"column":4},"end":{"line":146,"column":5}},{"start":{"line":137,"column":11},"end":{"line":146,"column":5}}],"line":135},"3":{"loc":{"start":{"line":137,"column":11},"end":{"line":146,"column":5}},"type":"if","locations":[{"start":{"line":137,"column":11},"end":{"line":146,"column":5}},{"start":{"line":144,"column":11},"end":{"line":146,"column":5}}],"line":137},"4":{"loc":{"start":{"line":138,"column":6},"end":{"line":141,"column":26}},"type":"binary-expr","locations":[{"start":{"line":138,"column":6},"end":{"line":138,"column":23}},{"start":{"line":139,"column":6},"end":{"line":139,"column":22}},{"start":{"line":140,"column":6},"end":{"line":140,"column":27}},{"start":{"line":141,"column":6},"end":{"line":141,"column":26}}],"line":138},"5":{"loc":{"start":{"line":282,"column":37},"end":{"line":284,"column":38}},"type":"cond-expr","locations":[{"start":{"line":283,"column":22},"end":{"line":283,"column":39}},{"start":{"line":284,"column":22},"end":{"line":284,"column":38}}],"line":282},"6":{"loc":{"start":{"line":444,"column":17},"end":{"line":444,"column":57}},"type":"cond-expr","locations":[{"start":{"line":444,"column":45},"end":{"line":444,"column":50}},{"start":{"line":444,"column":53},"end":{"line":444,"column":57}}],"line":444}},"s":{"0":1,"1":0,"2":1,"3":0,"4":1,"5":1,"6":1,"7":1,"8":0,"9":0,"10":0,"11":0,"12":0,"13":0,"14":0,"15":0,"16":0,"17":0,"18":0,"19":0,"20":0,"21":0,"22":0,"23":0,"24":0,"25":0,"26":0,"27":0,"28":0,"29":0,"30":0,"31":0,"32":0,"33":0,"34":0,"35":0,"36":0,"37":0,"38":0,"39":0,"40":0,"41":0,"42":0,"43":0,"44":0,"45":0,"46":0,"47":0,"48":0,"49":0,"50":0,"51":0,"52":0,"53":0,"54":1},"f":{"0":0,"1":0,"2":0,"3":0,"4":0,"5":0,"6":0,"7":0,"8":0,"9":0,"10":0,"11":0,"12":0,"13":0,"14":0,"15":0,"16":0,"17":0,"18":0,"19":0,"20":0,"21":0,"22":0,"23":0,"24":0,"25":0,"26":0,"27":0,"28":0,"29":0},"b":{"0":[0],"1":[0],"2":[0,0],"3":[0,0],"4":[0,0,0,0],"5":[0,0],"6":[0,1]},"_coverageSchema":"1a1c01bbd47fc00a2c39e90264f33305004495a9","hash":"bfcb0e19cbf7c85237fa97191c93ee5cf06663d1"}
,"/home/jackson/Documents/GitHub/Waste-Watcher/food-waste-tracker/src/Pages/LeaderboardPage.js": {"path":"/home/jackson/Documents/GitHub/Waste-Watcher/food-waste-tracker/src/Pages/LeaderboardPage.js","statementMap":{"0":{"start":{"line":22,"column":4},"end":{"line":22,"column":17}},"1":{"start":{"line":23,"column":4},"end":{"line":25,"column":5}},"2":{"start":{"line":30,"column":4},"end":{"line":30,"column":37}},"3":{"start":{"line":37,"column":25},"end":{"line":37,"column":35}},"4":{"start":{"line":38,"column":4},"end":{"line":98,"column":5}},"5":{"start":{"line":102,"column":15},"end":{"line":238,"column":2}}},"fnMap":{"0":{"name":"(anonymous_0)","decl":{"start":{"line":21,"column":2},"end":{"line":21,"column":3}},"loc":{"start":{"line":21,"column":21},"end":{"line":26,"column":3}},"line":21},"1":{"name":"(anonymous_1)","decl":{"start":{"line":29,"column":2},"end":{"line":29,"column":3}},"loc":{"start":{"line":29,"column":21},"end":{"line":31,"column":3}},"line":29},"2":{"name":"(anonymous_2)","decl":{"start":{"line":36,"column":2},"end":{"line":36,"column":3}},"loc":{"start":{"line":36,"column":11},"end":{"line":99,"column":3}},"line":36}},"branchMap":{"0":{"loc":{"start":{"line":107,"column":15},"end":{"line":107,"column":54}},"type":"cond-expr","locations":[{"start":{"line":107,"column":43},"end":{"line":107,"column":47}},{"start":{"line":107,"column":50},"end":{"line":107,"column":54}}],"line":107}},"s":{"0":0,"1":0,"2":0,"3":0,"4":0,"5":1},"f":{"0":0,"1":0,"2":0},"b":{"0":[0,1]},"_coverageSchema":"1a1c01bbd47fc00a2c39e90264f33305004495a9","hash":"c4221c3809cd1ff3433c944caf5151849a6f92da"}
,"/home/jackson/Documents/GitHub/Waste-Watcher/food-waste-tracker/src/Pages/LogoutPage.js": {"path":"/home/jackson/Documents/GitHub/Waste-Watcher/food-waste-tracker/src/Pages/LogoutPage.js","statementMap":{"0":{"start":{"line":29,"column":4},"end":{"line":29,"column":16}},"1":{"start":{"line":31,"column":4},"end":{"line":43,"column":5}},"2":{"start":{"line":46,"column":29},"end":{"line":62,"column":3}},"3":{"start":{"line":48,"column":4},"end":{"line":61,"column":5}},"4":{"start":{"line":49,"column":21},"end":{"line":56,"column":8}},"5":{"start":{"line":60,"column":6},"end":{"line":60,"column":50}},"6":{"start":{"line":66,"column":10},"end":{"line":96,"column":3}},"7":{"start":{"line":67,"column":25},"end":{"line":67,"column":30}},"8":{"start":{"line":68,"column":4},"end":{"line":95,"column":5}},"9":{"start":{"line":69,"column":6},"end":{"line":80,"column":9}},"10":{"start":{"line":72,"column":21},"end":{"line":72,"column":40}},"11":{"start":{"line":73,"column":8},"end":{"line":73,"column":40}},"12":{"start":{"line":77,"column":26},"end":{"line":77,"column":36}},"13":{"start":{"line":78,"column":29},"end":{"line":78,"column":42}},"14":{"start":{"line":79,"column":8},"end":{"line":79,"column":34}},"15":{"start":{"line":82,"column":20},"end":{"line":82,"column":58}},"16":{"start":{"line":83,"column":6},"end":{"line":83,"column":35}},"17":{"start":{"line":85,"column":6},"end":{"line":85,"column":22}},"18":{"start":{"line":88,"column":6},"end":{"line":94,"column":7}},"19":{"start":{"line":89,"column":8},"end":{"line":89,"column":39}},"20":{"start":{"line":91,"column":8},"end":{"line":93,"column":9}},"21":{"start":{"line":102,"column":4},"end":{"line":102,"column":42}},"22":{"start":{"line":108,"column":18},"end":{"line":151,"column":3}},"23":{"start":{"line":112,"column":26},"end":{"line":112,"column":56}},"24":{"start":{"line":113,"column":23},"end":{"line":113,"column":40}},"25":{"start":{"line":114,"column":26},"end":{"line":114,"column":46}},"26":{"start":{"line":115,"column":25},"end":{"line":115,"column":44}},"27":{"start":{"line":116,"column":22},"end":{"line":116,"column":38}},"28":{"start":{"line":119,"column":4},"end":{"line":144,"column":5}},"29":{"start":{"line":122,"column":4},"end":{"line":122,"column":64}},"30":{"start":{"line":123,"column":4},"end":{"line":123,"column":64}},"31":{"start":{"line":125,"column":4},"end":{"line":125,"column":24}},"32":{"start":{"line":127,"column":4},"end":{"line":143,"column":9}},"33":{"start":{"line":130,"column":21},"end":{"line":130,"column":40}},"34":{"start":{"line":131,"column":8},"end":{"line":131,"column":42}},"35":{"start":{"line":132,"column":8},"end":{"line":132,"column":40}},"36":{"start":{"line":133,"column":8},"end":{"line":133,"column":36}},"37":{"start":{"line":134,"column":8},"end":{"line":134,"column":40}},"38":{"start":{"line":137,"column":26},"end":{"line":137,"column":36}},"39":{"start":{"line":138,"column":29},"end":{"line":138,"column":42}},"40":{"start":{"line":139,"column":8},"end":{"line":141,"column":9}},"41":{"start":{"line":140,"column":10},"end":{"line":140,"column":46}},"42":{"start":{"line":142,"column":8},"end":{"line":142,"column":34}},"43":{"start":{"line":146,"column":4},"end":{"line":148,"column":5}},"44":{"start":{"line":147,"column":6},"end":{"line":147,"column":44}},"45":{"start":{"line":155,"column":4},"end":{"line":160,"column":5}},"46":{"start":{"line":156,"column":6},"end":{"line":156,"column":55}},"47":{"start":{"line":157,"column":6},"end":{"line":157,"column":18}},"48":{"start":{"line":159,"column":6},"end":{"line":159,"column":17}},"49":{"start":{"line":167,"column":21},"end":{"line":167,"column":53}},"50":{"start":{"line":168,"column":22},"end":{"line":168,"column":83}},"51":{"start":{"line":170,"column":4},"end":{"line":175,"column":5}},"52":{"start":{"line":171,"column":32},"end":{"line":171,"column":56}},"53":{"start":{"line":173,"column":6},"end":{"line":173,"column":117}},"54":{"start":{"line":174,"column":6},"end":{"line":174,"column":19}},"55":{"start":{"line":178,"column":4},"end":{"line":181,"column":7}},"56":{"start":{"line":179,"column":6},"end":{"line":179,"column":60}},"57":{"start":{"line":180,"column":6},"end":{"line":180,"column":19}},"58":{"start":{"line":184,"column":4},"end":{"line":189,"column":5}},"59":{"start":{"line":185,"column":6},"end":{"line":185,"column":69}},"60":{"start":{"line":186,"column":6},"end":{"line":186,"column":19}},"61":{"start":{"line":188,"column":6},"end":{"line":188,"column":18}},"62":{"start":{"line":196,"column":4},"end":{"line":232,"column":5}},"63":{"start":{"line":197,"column":6},"end":{"line":197,"column":79}},"64":{"start":{"line":198,"column":6},"end":{"line":198,"column":19}},"65":{"start":{"line":199,"column":11},"end":{"line":232,"column":5}},"66":{"start":{"line":200,"column":6},"end":{"line":200,"column":60}},"67":{"start":{"line":201,"column":6},"end":{"line":201,"column":19}},"68":{"start":{"line":202,"column":11},"end":{"line":232,"column":5}},"69":{"start":{"line":211,"column":6},"end":{"line":214,"column":7}},"70":{"start":{"line":215,"column":11},"end":{"line":232,"column":5}},"71":{"start":{"line":216,"column":6},"end":{"line":216,"column":71}},"72":{"start":{"line":217,"column":6},"end":{"line":217,"column":19}},"73":{"start":{"line":218,"column":11},"end":{"line":232,"column":5}},"74":{"start":{"line":219,"column":6},"end":{"line":219,"column":71}},"75":{"start":{"line":220,"column":6},"end":{"line":220,"column":19}},"76":{"start":{"line":221,"column":11},"end":{"line":232,"column":5}},"77":{"start":{"line":222,"column":6},"end":{"line":222,"column":62}},"78":{"start":{"line":223,"column":6},"end":{"line":223,"column":19}},"79":{"start":{"line":224,"column":11},"end":{"line":232,"column":5}},"80":{"start":{"line":225,"column":6},"end":{"line":228,"column":8}},"81":{"start":{"line":229,"column":6},"end":{"line":229,"column":19}},"82":{"start":{"line":231,"column":6},"end":{"line":231,"column":18}},"83":{"start":{"line":237,"column":4},"end":{"line":237,"column":42}},"84":{"start":{"line":242,"column":4},"end":{"line":247,"column":5}},"85":{"start":{"line":243,"column":6},"end":{"line":243,"column":71}},"86":{"start":{"line":244,"column":6},"end":{"line":244,"column":18}},"87":{"start":{"line":246,"column":6},"end":{"line":246,"column":18}},"88":{"start":{"line":252,"column":4},"end":{"line":257,"column":5}},"89":{"start":{"line":253,"column":6},"end":{"line":253,"column":61}},"90":{"start":{"line":254,"column":6},"end":{"line":254,"column":19}},"91":{"start":{"line":256,"column":6},"end":{"line":256,"column":18}},"92":{"start":{"line":261,"column":25},"end":{"line":261,"column":35}},"93":{"start":{"line":262,"column":4},"end":{"line":554,"column":5}},"94":{"start":{"line":286,"column":18},"end":{"line":286,"column":53}},"95":{"start":{"line":297,"column":18},"end":{"line":297,"column":53}},"96":{"start":{"line":304,"column":38},"end":{"line":311,"column":17}},"97":{"start":{"line":312,"column":31},"end":{"line":312,"column":53}},"98":{"start":{"line":318,"column":38},"end":{"line":325,"column":17}},"99":{"start":{"line":326,"column":31},"end":{"line":326,"column":62}},"100":{"start":{"line":333,"column":36},"end":{"line":338,"column":15}},"101":{"start":{"line":339,"column":29},"end":{"line":339,"column":66}},"102":{"start":{"line":355,"column":36},"end":{"line":360,"column":15}},"103":{"start":{"line":362,"column":16},"end":{"line":362,"column":42}},"104":{"start":{"line":377,"column":16},"end":{"line":377,"column":43}},"105":{"start":{"line":378,"column":16},"end":{"line":378,"column":42}},"106":{"start":{"line":399,"column":24},"end":{"line":399,"column":52}},"107":{"start":{"line":400,"column":24},"end":{"line":400,"column":51}},"108":{"start":{"line":402,"column":44},"end":{"line":409,"column":23}},"109":{"start":{"line":419,"column":26},"end":{"line":419,"column":70}},"110":{"start":{"line":434,"column":28},"end":{"line":434,"column":70}},"111":{"start":{"line":449,"column":54},"end":{"line":449,"column":90}},"112":{"start":{"line":463,"column":26},"end":{"line":463,"column":68}},"113":{"start":{"line":476,"column":51},"end":{"line":476,"column":87}},"114":{"start":{"line":489,"column":51},"end":{"line":489,"column":93}},"115":{"start":{"line":525,"column":26},"end":{"line":527,"column":30}},"116":{"start":{"line":525,"column":56},"end":{"line":527,"column":27}},"117":{"start":{"line":534,"column":39},"end":{"line":534,"column":69}},"118":{"start":{"line":535,"column":46},"end":{"line":542,"column":25}},"119":{"start":{"line":559,"column":15},"end":{"line":768,"column":2}}},"fnMap":{"0":{"name":"(anonymous_0)","decl":{"start":{"line":28,"column":2},"end":{"line":28,"column":3}},"loc":{"start":{"line":28,"column":21},"end":{"line":44,"column":3}},"line":28},"1":{"name":"(anonymous_1)","decl":{"start":{"line":46,"column":29},"end":{"line":46,"column":30}},"loc":{"start":{"line":46,"column":41},"end":{"line":62,"column":3}},"line":46},"2":{"name":"(anonymous_2)","decl":{"start":{"line":66,"column":10},"end":{"line":66,"column":11}},"loc":{"start":{"line":66,"column":32},"end":{"line":96,"column":3}},"line":66},"3":{"name":"(anonymous_3)","decl":{"start":{"line":70,"column":12},"end":{"line":70,"column":13}},"loc":{"start":{"line":70,"column":32},"end":{"line":75,"column":7}},"line":70},"4":{"name":"(anonymous_4)","decl":{"start":{"line":76,"column":13},"end":{"line":76,"column":14}},"loc":{"start":{"line":76,"column":24},"end":{"line":80,"column":7}},"line":76},"5":{"name":"(anonymous_5)","decl":{"start":{"line":101,"column":2},"end":{"line":101,"column":3}},"loc":{"start":{"line":101,"column":27},"end":{"line":103,"column":3}},"line":101},"6":{"name":"(anonymous_6)","decl":{"start":{"line":108,"column":18},"end":{"line":108,"column":19}},"loc":{"start":{"line":108,"column":40},"end":{"line":151,"column":3}},"line":108},"7":{"name":"(anonymous_7)","decl":{"start":{"line":128,"column":12},"end":{"line":128,"column":13}},"loc":{"start":{"line":128,"column":32},"end":{"line":135,"column":7}},"line":128},"8":{"name":"(anonymous_8)","decl":{"start":{"line":136,"column":13},"end":{"line":136,"column":14}},"loc":{"start":{"line":136,"column":24},"end":{"line":143,"column":7}},"line":136},"9":{"name":"(anonymous_9)","decl":{"start":{"line":154,"column":2},"end":{"line":154,"column":3}},"loc":{"start":{"line":154,"column":15},"end":{"line":161,"column":3}},"line":154},"10":{"name":"(anonymous_10)","decl":{"start":{"line":164,"column":2},"end":{"line":164,"column":3}},"loc":{"start":{"line":164,"column":24},"end":{"line":190,"column":3}},"line":164},"11":{"name":"(anonymous_11)","decl":{"start":{"line":178,"column":30},"end":{"line":178,"column":31}},"loc":{"start":{"line":178,"column":39},"end":{"line":181,"column":5}},"line":178},"12":{"name":"(anonymous_12)","decl":{"start":{"line":194,"column":2},"end":{"line":194,"column":3}},"loc":{"start":{"line":194,"column":28},"end":{"line":233,"column":3}},"line":194},"13":{"name":"(anonymous_13)","decl":{"start":{"line":236,"column":2},"end":{"line":236,"column":3}},"loc":{"start":{"line":236,"column":24},"end":{"line":238,"column":3}},"line":236},"14":{"name":"(anonymous_14)","decl":{"start":{"line":241,"column":2},"end":{"line":241,"column":3}},"loc":{"start":{"line":241,"column":17},"end":{"line":248,"column":3}},"line":241},"15":{"name":"(anonymous_15)","decl":{"start":{"line":251,"column":2},"end":{"line":251,"column":3}},"loc":{"start":{"line":251,"column":14},"end":{"line":258,"column":3}},"line":251},"16":{"name":"(anonymous_16)","decl":{"start":{"line":259,"column":2},"end":{"line":259,"column":3}},"loc":{"start":{"line":259,"column":11},"end":{"line":555,"column":3}},"line":259},"17":{"name":"(anonymous_17)","decl":{"start":{"line":285,"column":30},"end":{"line":285,"column":31}},"loc":{"start":{"line":285,"column":41},"end":{"line":287,"column":17}},"line":285},"18":{"name":"(anonymous_18)","decl":{"start":{"line":296,"column":30},"end":{"line":296,"column":31}},"loc":{"start":{"line":296,"column":41},"end":{"line":298,"column":17}},"line":296},"19":{"name":"(anonymous_19)","decl":{"start":{"line":304,"column":23},"end":{"line":304,"column":24}},"loc":{"start":{"line":304,"column":38},"end":{"line":311,"column":17}},"line":304},"20":{"name":"(anonymous_20)","decl":{"start":{"line":312,"column":25},"end":{"line":312,"column":26}},"loc":{"start":{"line":312,"column":31},"end":{"line":312,"column":53}},"line":312},"21":{"name":"(anonymous_21)","decl":{"start":{"line":318,"column":23},"end":{"line":318,"column":24}},"loc":{"start":{"line":318,"column":38},"end":{"line":325,"column":17}},"line":318},"22":{"name":"(anonymous_22)","decl":{"start":{"line":326,"column":25},"end":{"line":326,"column":26}},"loc":{"start":{"line":326,"column":31},"end":{"line":326,"column":62}},"line":326},"23":{"name":"(anonymous_23)","decl":{"start":{"line":333,"column":21},"end":{"line":333,"column":22}},"loc":{"start":{"line":333,"column":36},"end":{"line":338,"column":15}},"line":333},"24":{"name":"(anonymous_24)","decl":{"start":{"line":339,"column":23},"end":{"line":339,"column":24}},"loc":{"start":{"line":339,"column":29},"end":{"line":339,"column":66}},"line":339},"25":{"name":"(anonymous_25)","decl":{"start":{"line":355,"column":21},"end":{"line":355,"column":22}},"loc":{"start":{"line":355,"column":36},"end":{"line":360,"column":15}},"line":355},"26":{"name":"(anonymous_26)","decl":{"start":{"line":361,"column":23},"end":{"line":361,"column":24}},"loc":{"start":{"line":361,"column":29},"end":{"line":363,"column":15}},"line":361},"27":{"name":"(anonymous_27)","decl":{"start":{"line":376,"column":30},"end":{"line":376,"column":31}},"loc":{"start":{"line":376,"column":36},"end":{"line":379,"column":15}},"line":376},"28":{"name":"(anonymous_28)","decl":{"start":{"line":398,"column":31},"end":{"line":398,"column":32}},"loc":{"start":{"line":398,"column":37},"end":{"line":401,"column":23}},"line":398},"29":{"name":"(anonymous_29)","decl":{"start":{"line":402,"column":29},"end":{"line":402,"column":30}},"loc":{"start":{"line":402,"column":44},"end":{"line":409,"column":23}},"line":402},"30":{"name":"(anonymous_30)","decl":{"start":{"line":418,"column":38},"end":{"line":418,"column":39}},"loc":{"start":{"line":419,"column":26},"end":{"line":419,"column":70}},"line":419},"31":{"name":"(anonymous_31)","decl":{"start":{"line":433,"column":40},"end":{"line":433,"column":41}},"loc":{"start":{"line":434,"column":28},"end":{"line":434,"column":70}},"line":434},"32":{"name":"(anonymous_32)","decl":{"start":{"line":449,"column":38},"end":{"line":449,"column":39}},"loc":{"start":{"line":449,"column":54},"end":{"line":449,"column":90}},"line":449},"33":{"name":"(anonymous_33)","decl":{"start":{"line":462,"column":38},"end":{"line":462,"column":39}},"loc":{"start":{"line":463,"column":26},"end":{"line":463,"column":68}},"line":463},"34":{"name":"(anonymous_34)","decl":{"start":{"line":476,"column":38},"end":{"line":476,"column":39}},"loc":{"start":{"line":476,"column":51},"end":{"line":476,"column":87}},"line":476},"35":{"name":"(anonymous_35)","decl":{"start":{"line":489,"column":38},"end":{"line":489,"column":39}},"loc":{"start":{"line":489,"column":51},"end":{"line":489,"column":93}},"line":489},"36":{"name":"(anonymous_36)","decl":{"start":{"line":524,"column":33},"end":{"line":524,"column":34}},"loc":{"start":{"line":524,"column":39},"end":{"line":528,"column":25}},"line":524},"37":{"name":"(anonymous_37)","decl":{"start":{"line":525,"column":40},"end":{"line":525,"column":41}},"loc":{"start":{"line":525,"column":56},"end":{"line":527,"column":27}},"line":525},"38":{"name":"(anonymous_38)","decl":{"start":{"line":534,"column":33},"end":{"line":534,"column":34}},"loc":{"start":{"line":534,"column":39},"end":{"line":534,"column":69}},"line":534},"39":{"name":"(anonymous_39)","decl":{"start":{"line":535,"column":31},"end":{"line":535,"column":32}},"loc":{"start":{"line":535,"column":46},"end":{"line":542,"column":25}},"line":535}},"branchMap":{"0":{"loc":{"start":{"line":88,"column":6},"end":{"line":94,"column":7}},"type":"if","locations":[{"start":{"line":88,"column":6},"end":{"line":94,"column":7}},{"start":{"line":90,"column":13},"end":{"line":94,"column":7}}],"line":88},"1":{"loc":{"start":{"line":119,"column":4},"end":{"line":144,"column":5}},"type":"if","locations":[{"start":{"line":119,"column":4},"end":{"line":144,"column":5}},{"start":{},"end":{}}],"line":119},"2":{"loc":{"start":{"line":119,"column":8},"end":{"line":119,"column":81}},"type":"binary-expr","locations":[{"start":{"line":119,"column":8},"end":{"line":119,"column":21}},{"start":{"line":119,"column":25},"end":{"line":119,"column":35}},{"start":{"line":119,"column":39},"end":{"line":119,"column":52}},{"start":{"line":119,"column":56},"end":{"line":119,"column":68}},{"start":{"line":119,"column":72},"end":{"line":119,"column":81}}],"line":119},"3":{"loc":{"start":{"line":139,"column":8},"end":{"line":141,"column":9}},"type":"if","locations":[{"start":{"line":139,"column":8},"end":{"line":141,"column":9}},{"start":{},"end":{}}],"line":139},"4":{"loc":{"start":{"line":146,"column":4},"end":{"line":148,"column":5}},"type":"if","locations":[{"start":{"line":146,"column":4},"end":{"line":148,"column":5}},{"start":{},"end":{}}],"line":146},"5":{"loc":{"start":{"line":155,"column":4},"end":{"line":160,"column":5}},"type":"if","locations":[{"start":{"line":155,"column":4},"end":{"line":160,"column":5}},{"start":{"line":158,"column":11},"end":{"line":160,"column":5}}],"line":155},"6":{"loc":{"start":{"line":184,"column":4},"end":{"line":189,"column":5}},"type":"if","locations":[{"start":{"line":184,"column":4},"end":{"line":189,"column":5}},{"start":{"line":187,"column":11},"end":{"line":189,"column":5}}],"line":184},"7":{"loc":{"start":{"line":196,"column":4},"end":{"line":232,"column":5}},"type":"if","locations":[{"start":{"line":196,"column":4},"end":{"line":232,"column":5}},{"start":{"line":199,"column":11},"end":{"line":232,"column":5}}],"line":196},"8":{"loc":{"start":{"line":199,"column":11},"end":{"line":232,"column":5}},"type":"if","locations":[{"start":{"line":199,"column":11},"end":{"line":232,"column":5}},{"start":{"line":202,"column":11},"end":{"line":232,"column":5}}],"line":199},"9":{"loc":{"start":{"line":202,"column":11},"end":{"line":232,"column":5}},"type":"if","locations":[{"start":{"line":202,"column":11},"end":{"line":232,"column":5}},{"start":{"line":215,"column":11},"end":{"line":232,"column":5}}],"line":202},"10":{"loc":{"start":{"line":204,"column":8},"end":{"line":208,"column":41}},"type":"binary-expr","locations":[{"start":{"line":204,"column":8},"end":{"line":204,"column":41}},{"start":{"line":205,"column":8},"end":{"line":205,"column":41}},{"start":{"line":206,"column":8},"end":{"line":206,"column":41}},{"start":{"line":207,"column":8},"end":{"line":207,"column":41}},{"start":{"line":208,"column":8},"end":{"line":208,"column":41}}],"line":204},"11":{"loc":{"start":{"line":215,"column":11},"end":{"line":232,"column":5}},"type":"if","locations":[{"start":{"line":215,"column":11},"end":{"line":232,"column":5}},{"start":{"line":218,"column":11},"end":{"line":232,"column":5}}],"line":215},"12":{"loc":{"start":{"line":218,"column":11},"end":{"line":232,"column":5}},"type":"if","locations":[{"start":{"line":218,"column":11},"end":{"line":232,"column":5}},{"start":{"line":221,"column":11},"end":{"line":232,"column":5}}],"line":218},"13":{"loc":{"start":{"line":221,"column":11},"end":{"line":232,"column":5}},"type":"if","locations":[{"start":{"line":221,"column":11},"end":{"line":232,"column":5}},{"start":{"line":224,"column":11},"end":{"line":232,"column":5}}],"line":221},"14":{"loc":{"start":{"line":224,"column":11},"end":{"line":232,"column":5}},"type":"if","locations":[{"start":{"line":224,"column":11},"end":{"line":232,"column":5}},{"start":{"line":230,"column":11},"end":{"line":232,"column":5}}],"line":224},"15":{"loc":{"start":{"line":242,"column":4},"end":{"line":247,"column":5}},"type":"if","locations":[{"start":{"line":242,"column":4},"end":{"line":247,"column":5}},{"start":{"line":245,"column":11},"end":{"line":247,"column":5}}],"line":242},"16":{"loc":{"start":{"line":252,"column":4},"end":{"line":257,"column":5}},"type":"if","locations":[{"start":{"line":252,"column":4},"end":{"line":257,"column":5}},{"start":{"line":255,"column":11},"end":{"line":257,"column":5}}],"line":252},"17":{"loc":{"start":{"line":252,"column":8},"end":{"line":252,"column":67}},"type":"binary-expr","locations":[{"start":{"line":252,"column":8},"end":{"line":252,"column":36}},{"start":{"line":252,"column":40},"end":{"line":252,"column":67}}],"line":252},"18":{"loc":{"start":{"line":306,"column":37},"end":{"line":308,"column":42}},"type":"cond-expr","locations":[{"start":{"line":307,"column":24},"end":{"line":307,"column":47}},{"start":{"line":308,"column":24},"end":{"line":308,"column":42}}],"line":306},"19":{"loc":{"start":{"line":320,"column":37},"end":{"line":322,"column":42}},"type":"cond-expr","locations":[{"start":{"line":321,"column":24},"end":{"line":321,"column":47}},{"start":{"line":322,"column":24},"end":{"line":322,"column":42}}],"line":320},"20":{"loc":{"start":{"line":335,"column":35},"end":{"line":335,"column":89}},"type":"cond-expr","locations":[{"start":{"line":335,"column":45},"end":{"line":335,"column":68}},{"start":{"line":335,"column":71},"end":{"line":335,"column":89}}],"line":335},"21":{"loc":{"start":{"line":357,"column":35},"end":{"line":357,"column":89}},"type":"cond-expr","locations":[{"start":{"line":357,"column":45},"end":{"line":357,"column":68}},{"start":{"line":357,"column":71},"end":{"line":357,"column":89}}],"line":357},"22":{"loc":{"start":{"line":404,"column":43},"end":{"line":406,"column":48}},"type":"cond-expr","locations":[{"start":{"line":405,"column":30},"end":{"line":405,"column":48}},{"start":{"line":406,"column":30},"end":{"line":406,"column":48}}],"line":404},"23":{"loc":{"start":{"line":537,"column":45},"end":{"line":539,"column":50}},"type":"cond-expr","locations":[{"start":{"line":538,"column":32},"end":{"line":538,"column":59}},{"start":{"line":539,"column":32},"end":{"line":539,"column":50}}],"line":537}},"s":{"0":1,"1":1,"2":1,"3":0,"4":0,"5":0,"6":1,"7":0,"8":0,"9":0,"10":0,"11":0,"12":0,"13":0,"14":0,"15":0,"16":0,"17":0,"18":0,"19":0,"20":0,"21":0,"22":1,"23":0,"24":0,"25":0,"26":0,"27":0,"28":0,"29":0,"30":0,"31":0,"32":0,"33":0,"34":0,"35":0,"36":0,"37":0,"38":0,"39":0,"40":0,"41":0,"42":0,"43":0,"44":0,"45":0,"46":0,"47":0,"48":0,"49":0,"50":0,"51":0,"52":0,"53":0,"54":0,"55":0,"56":0,"57":0,"58":0,"59":0,"60":0,"61":0,"62":0,"63":0,"64":0,"65":0,"66":0,"67":0,"68":0,"69":0,"70":0,"71":0,"72":0,"73":0,"74":0,"75":0,"76":0,"77":0,"78":0,"79":0,"80":0,"81":0,"82":0,"83":0,"84":0,"85":0,"86":0,"87":0,"88":0,"89":0,"90":0,"91":0,"92":1,"93":1,"94":0,"95":0,"96":1,"97":0,"98":1,"99":0,"100":1,"101":0,"102":1,"103":0,"104":0,"105":0,"106":0,"107":0,"108":0,"109":0,"110":0,"111":0,"112":0,"113":0,"114":0,"115":0,"116":0,"117":0,"118":0,"119":1},"f":{"0":1,"1":0,"2":0,"3":0,"4":0,"5":0,"6":0,"7":0,"8":0,"9":0,"10":0,"11":0,"12":0,"13":0,"14":0,"15":0,"16":1,"17":0,"18":0,"19":1,"20":0,"21":1,"22":0,"23":1,"24":0,"25":1,"26":0,"27":0,"28":0,"29":0,"30":0,"31":0,"32":0,"33":0,"34":0,"35":0,"36":0,"37":0,"38":0,"39":0},"b":{"0":[0,0],"1":[0,0],"2":[0,0,0,0,0],"3":[0,0],"4":[0,0],"5":[0,0],"6":[0,0],"7":[0,0],"8":[0,0],"9":[0,0],"10":[0,0,0,0,0],"11":[0,0],"12":[0,0],"13":[0,0],"14":[0,0],"15":[0,0],"16":[0,0],"17":[0,0],"18":[0,1],"19":[0,1],"20":[0,1],"21":[0,1],"22":[0,0],"23":[0,0]},"_coverageSchema":"1a1c01bbd47fc00a2c39e90264f33305004495a9","hash":"09d719eededd546a3f6b58e1363b5497241e9e3d"}
,"/home/jackson/Documents/GitHub/Waste-Watcher/food-waste-tracker/src/Pages/ProfilePage.js": {"path":"/home/jackson/Documents/GitHub/Waste-Watcher/food-waste-tracker/src/Pages/ProfilePage.js","statementMap":{"0":{"start":{"line":32,"column":4},"end":{"line":32,"column":16}},"1":{"start":{"line":33,"column":4},"end":{"line":42,"column":5}},"2":{"start":{"line":43,"column":4},"end":{"line":43,"column":56}},"3":{"start":{"line":47,"column":4},"end":{"line":47,"column":71}},"4":{"start":{"line":52,"column":4},"end":{"line":52,"column":41}},"5":{"start":{"line":56,"column":4},"end":{"line":56,"column":46}},"6":{"start":{"line":60,"column":4},"end":{"line":60,"column":43}},"7":{"start":{"line":64,"column":4},"end":{"line":64,"column":39}},"8":{"start":{"line":68,"column":4},"end":{"line":68,"column":39}},"9":{"start":{"line":72,"column":21},"end":{"line":72,"column":55}},"10":{"start":{"line":73,"column":22},"end":{"line":73,"column":58}},"11":{"start":{"line":74,"column":4},"end":{"line":76,"column":33}},"12":{"start":{"line":80,"column":25},"end":{"line":80,"column":35}},"13":{"start":{"line":81,"column":4},"end":{"line":409,"column":5}},"14":{"start":{"line":125,"column":36},"end":{"line":130,"column":13}},"15":{"start":{"line":131,"column":27},"end":{"line":131,"column":61}},"16":{"start":{"line":151,"column":34},"end":{"line":151,"column":69}},"17":{"start":{"line":158,"column":33},"end":{"line":158,"column":68}},"18":{"start":{"line":169,"column":36},"end":{"line":174,"column":13}},"19":{"start":{"line":175,"column":27},"end":{"line":175,"column":58}},"20":{"start":{"line":195,"column":34},"end":{"line":195,"column":66}},"21":{"start":{"line":202,"column":33},"end":{"line":202,"column":65}},"22":{"start":{"line":213,"column":36},"end":{"line":218,"column":13}},"23":{"start":{"line":219,"column":27},"end":{"line":219,"column":54}},"24":{"start":{"line":242,"column":34},"end":{"line":242,"column":62}},"25":{"start":{"line":249,"column":33},"end":{"line":249,"column":61}},"26":{"start":{"line":262,"column":36},"end":{"line":267,"column":13}},"27":{"start":{"line":268,"column":27},"end":{"line":268,"column":54}},"28":{"start":{"line":291,"column":34},"end":{"line":291,"column":62}},"29":{"start":{"line":298,"column":33},"end":{"line":298,"column":61}},"30":{"start":{"line":311,"column":36},"end":{"line":316,"column":13}},"31":{"start":{"line":317,"column":27},"end":{"line":317,"column":56}},"32":{"start":{"line":339,"column":34},"end":{"line":339,"column":64}},"33":{"start":{"line":346,"column":35},"end":{"line":346,"column":65}},"34":{"start":{"line":362,"column":36},"end":{"line":367,"column":13}},"35":{"start":{"line":368,"column":27},"end":{"line":368,"column":49}},"36":{"start":{"line":413,"column":15},"end":{"line":520,"column":2}}},"fnMap":{"0":{"name":"(anonymous_0)","decl":{"start":{"line":31,"column":2},"end":{"line":31,"column":3}},"loc":{"start":{"line":31,"column":21},"end":{"line":44,"column":3}},"line":31},"1":{"name":"(anonymous_1)","decl":{"start":{"line":46,"column":2},"end":{"line":46,"column":3}},"loc":{"start":{"line":46,"column":43},"end":{"line":48,"column":3}},"line":46},"2":{"name":"(anonymous_2)","decl":{"start":{"line":51,"column":2},"end":{"line":51,"column":3}},"loc":{"start":{"line":51,"column":28},"end":{"line":53,"column":3}},"line":51},"3":{"name":"(anonymous_3)","decl":{"start":{"line":55,"column":2},"end":{"line":55,"column":3}},"loc":{"start":{"line":55,"column":33},"end":{"line":57,"column":3}},"line":55},"4":{"name":"(anonymous_4)","decl":{"start":{"line":59,"column":2},"end":{"line":59,"column":3}},"loc":{"start":{"line":59,"column":30},"end":{"line":61,"column":3}},"line":59},"5":{"name":"(anonymous_5)","decl":{"start":{"line":63,"column":2},"end":{"line":63,"column":3}},"loc":{"start":{"line":63,"column":26},"end":{"line":65,"column":3}},"line":63},"6":{"name":"(anonymous_6)","decl":{"start":{"line":67,"column":2},"end":{"line":67,"column":3}},"loc":{"start":{"line":67,"column":26},"end":{"line":69,"column":3}},"line":67},"7":{"name":"(anonymous_7)","decl":{"start":{"line":71,"column":2},"end":{"line":71,"column":3}},"loc":{"start":{"line":71,"column":20},"end":{"line":77,"column":3}},"line":71},"8":{"name":"(anonymous_8)","decl":{"start":{"line":79,"column":2},"end":{"line":79,"column":3}},"loc":{"start":{"line":79,"column":11},"end":{"line":410,"column":3}},"line":79},"9":{"name":"(anonymous_9)","decl":{"start":{"line":125,"column":19},"end":{"line":125,"column":20}},"loc":{"start":{"line":125,"column":36},"end":{"line":130,"column":13}},"line":125},"10":{"name":"(anonymous_10)","decl":{"start":{"line":131,"column":21},"end":{"line":131,"column":22}},"loc":{"start":{"line":131,"column":27},"end":{"line":131,"column":61}},"line":131},"11":{"name":"(anonymous_11)","decl":{"start":{"line":151,"column":28},"end":{"line":151,"column":29}},"loc":{"start":{"line":151,"column":34},"end":{"line":151,"column":69}},"line":151},"12":{"name":"(anonymous_12)","decl":{"start":{"line":158,"column":27},"end":{"line":158,"column":28}},"loc":{"start":{"line":158,"column":33},"end":{"line":158,"column":68}},"line":158},"13":{"name":"(anonymous_13)","decl":{"start":{"line":169,"column":19},"end":{"line":169,"column":20}},"loc":{"start":{"line":169,"column":36},"end":{"line":174,"column":13}},"line":169},"14":{"name":"(anonymous_14)","decl":{"start":{"line":175,"column":21},"end":{"line":175,"column":22}},"loc":{"start":{"line":175,"column":27},"end":{"line":175,"column":58}},"line":175},"15":{"name":"(anonymous_15)","decl":{"start":{"line":195,"column":28},"end":{"line":195,"column":29}},"loc":{"start":{"line":195,"column":34},"end":{"line":195,"column":66}},"line":195},"16":{"name":"(anonymous_16)","decl":{"start":{"line":202,"column":27},"end":{"line":202,"column":28}},"loc":{"start":{"line":202,"column":33},"end":{"line":202,"column":65}},"line":202},"17":{"name":"(anonymous_17)","decl":{"start":{"line":213,"column":19},"end":{"line":213,"column":20}},"loc":{"start":{"line":213,"column":36},"end":{"line":218,"column":13}},"line":213},"18":{"name":"(anonymous_18)","decl":{"start":{"line":219,"column":21},"end":{"line":219,"column":22}},"loc":{"start":{"line":219,"column":27},"end":{"line":219,"column":54}},"line":219},"19":{"name":"(anonymous_19)","decl":{"start":{"line":242,"column":28},"end":{"line":242,"column":29}},"loc":{"start":{"line":242,"column":34},"end":{"line":242,"column":62}},"line":242},"20":{"name":"(anonymous_20)","decl":{"start":{"line":249,"column":27},"end":{"line":249,"column":28}},"loc":{"start":{"line":249,"column":33},"end":{"line":249,"column":61}},"line":249},"21":{"name":"(anonymous_21)","decl":{"start":{"line":262,"column":19},"end":{"line":262,"column":20}},"loc":{"start":{"line":262,"column":36},"end":{"line":267,"column":13}},"line":262},"22":{"name":"(anonymous_22)","decl":{"start":{"line":268,"column":21},"end":{"line":268,"column":22}},"loc":{"start":{"line":268,"column":27},"end":{"line":268,"column":54}},"line":268},"23":{"name":"(anonymous_23)","decl":{"start":{"line":291,"column":28},"end":{"line":291,"column":29}},"loc":{"start":{"line":291,"column":34},"end":{"line":291,"column":62}},"line":291},"24":{"name":"(anonymous_24)","decl":{"start":{"line":298,"column":27},"end":{"line":298,"column":28}},"loc":{"start":{"line":298,"column":33},"end":{"line":298,"column":61}},"line":298},"25":{"name":"(anonymous_25)","decl":{"start":{"line":311,"column":19},"end":{"line":311,"column":20}},"loc":{"start":{"line":311,"column":36},"end":{"line":316,"column":13}},"line":311},"26":{"name":"(anonymous_26)","decl":{"start":{"line":317,"column":21},"end":{"line":317,"column":22}},"loc":{"start":{"line":317,"column":27},"end":{"line":317,"column":56}},"line":317},"27":{"name":"(anonymous_27)","decl":{"start":{"line":339,"column":28},"end":{"line":339,"column":29}},"loc":{"start":{"line":339,"column":34},"end":{"line":339,"column":64}},"line":339},"28":{"name":"(anonymous_28)","decl":{"start":{"line":346,"column":29},"end":{"line":346,"column":30}},"loc":{"start":{"line":346,"column":35},"end":{"line":346,"column":65}},"line":346},"29":{"name":"(anonymous_29)","decl":{"start":{"line":362,"column":19},"end":{"line":362,"column":20}},"loc":{"start":{"line":362,"column":36},"end":{"line":367,"column":13}},"line":362},"30":{"name":"(anonymous_30)","decl":{"start":{"line":368,"column":21},"end":{"line":368,"column":22}},"loc":{"start":{"line":368,"column":27},"end":{"line":368,"column":49}},"line":368}},"branchMap":{"0":{"loc":{"start":{"line":74,"column":4},"end":{"line":76,"column":33}},"type":"cond-expr","locations":[{"start":{"line":75,"column":8},"end":{"line":75,"column":34}},{"start":{"line":76,"column":8},"end":{"line":76,"column":33}}],"line":74},"1":{"loc":{"start":{"line":127,"column":33},"end":{"line":127,"column":80}},"type":"cond-expr","locations":[{"start":{"line":127,"column":43},"end":{"line":127,"column":59}},{"start":{"line":127,"column":62},"end":{"line":127,"column":80}}],"line":127},"2":{"loc":{"start":{"line":171,"column":33},"end":{"line":171,"column":80}},"type":"cond-expr","locations":[{"start":{"line":171,"column":43},"end":{"line":171,"column":59}},{"start":{"line":171,"column":62},"end":{"line":171,"column":80}}],"line":171},"3":{"loc":{"start":{"line":215,"column":33},"end":{"line":215,"column":80}},"type":"cond-expr","locations":[{"start":{"line":215,"column":43},"end":{"line":215,"column":59}},{"start":{"line":215,"column":62},"end":{"line":215,"column":80}}],"line":215},"4":{"loc":{"start":{"line":264,"column":33},"end":{"line":264,"column":80}},"type":"cond-expr","locations":[{"start":{"line":264,"column":43},"end":{"line":264,"column":59}},{"start":{"line":264,"column":62},"end":{"line":264,"column":80}}],"line":264},"5":{"loc":{"start":{"line":313,"column":33},"end":{"line":313,"column":80}},"type":"cond-expr","locations":[{"start":{"line":313,"column":43},"end":{"line":313,"column":59}},{"start":{"line":313,"column":62},"end":{"line":313,"column":80}}],"line":313},"6":{"loc":{"start":{"line":364,"column":33},"end":{"line":364,"column":80}},"type":"cond-expr","locations":[{"start":{"line":364,"column":43},"end":{"line":364,"column":59}},{"start":{"line":364,"column":62},"end":{"line":364,"column":80}}],"line":364},"7":{"loc":{"start":{"line":432,"column":15},"end":{"line":432,"column":54}},"type":"cond-expr","locations":[{"start":{"line":432,"column":43},"end":{"line":432,"column":47}},{"start":{"line":432,"column":50},"end":{"line":432,"column":54}}],"line":432}},"s":{"0":1,"1":1,"2":1,"3":0,"4":0,"5":0,"6":0,"7":0,"8":0,"9":0,"10":0,"11":0,"12":1,"13":1,"14":1,"15":0,"16":0,"17":0,"18":1,"19":0,"20":0,"21":0,"22":1,"23":0,"24":0,"25":0,"26":1,"27":0,"28":0,"29":0,"30":1,"31":0,"32":0,"33":0,"34":1,"35":0,"36":1},"f":{"0":1,"1":0,"2":0,"3":0,"4":0,"5":0,"6":0,"7":0,"8":1,"9":1,"10":0,"11":0,"12":0,"13":1,"14":0,"15":0,"16":0,"17":1,"18":0,"19":0,"20":0,"21":1,"22":0,"23":0,"24":0,"25":1,"26":0,"27":0,"28":0,"29":1,"30":0},"b":{"0":[0,0],"1":[0,1],"2":[0,1],"3":[0,1],"4":[0,1],"5":[0,1],"6":[0,1],"7":[0,1]},"_coverageSchema":"1a1c01bbd47fc00a2c39e90264f33305004495a9","hash":"3152890062986f3294a5a2276db3857d3ae6ba69"}
,"/home/jackson/Documents/GitHub/Waste-Watcher/food-waste-tracker/src/Popups/AddFriendsPopup.js": {"path":"/home/jackson/Documents/GitHub/Waste-Watcher/food-waste-tracker/src/Popups/AddFriendsPopup.js","statementMap":{"0":{"start":{"line":9,"column":4},"end":{"line":9,"column":16}},"1":{"start":{"line":13,"column":4},"end":{"line":40,"column":5}},"2":{"start":{"line":31,"column":40},"end":{"line":35,"column":38}},"3":{"start":{"line":44,"column":15},"end":{"line":83,"column":2}}},"fnMap":{"0":{"name":"(anonymous_0)","decl":{"start":{"line":8,"column":2},"end":{"line":8,"column":3}},"loc":{"start":{"line":8,"column":21},"end":{"line":10,"column":3}},"line":8},"1":{"name":"(anonymous_1)","decl":{"start":{"line":12,"column":2},"end":{"line":12,"column":3}},"loc":{"start":{"line":12,"column":11},"end":{"line":41,"column":3}},"line":12},"2":{"name":"(anonymous_2)","decl":{"start":{"line":31,"column":23},"end":{"line":31,"column":24}},"loc":{"start":{"line":31,"column":40},"end":{"line":35,"column":38}},"line":31}},"branchMap":{"0":{"loc":{"start":{"line":33,"column":37},"end":{"line":33,"column":91}},"type":"cond-expr","locations":[{"start":{"line":33,"column":47},"end":{"line":33,"column":70}},{"start":{"line":33,"column":73},"end":{"line":33,"column":91}}],"line":33}},"s":{"0":0,"1":0,"2":0,"3":1},"f":{"0":0,"1":0,"2":0},"b":{"0":[0,0]},"_coverageSchema":"1a1c01bbd47fc00a2c39e90264f33305004495a9","hash":"6ebddb2916011400f3e13e4c864f415ccae0b2dd"}
,"/home/jackson/Documents/GitHub/Waste-Watcher/food-waste-tracker/src/Popups/BadgesPopup.js": {"path":"/home/jackson/Documents/GitHub/Waste-Watcher/food-waste-tracker/src/Popups/BadgesPopup.js","statementMap":{"0":{"start":{"line":9,"column":4},"end":{"line":9,"column":16}},"1":{"start":{"line":13,"column":4},"end":{"line":19,"column":5}},"2":{"start":{"line":23,"column":15},"end":{"line":31,"column":2}}},"fnMap":{"0":{"name":"(anonymous_0)","decl":{"start":{"line":8,"column":2},"end":{"line":8,"column":3}},"loc":{"start":{"line":8,"column":21},"end":{"line":10,"column":3}},"line":8},"1":{"name":"(anonymous_1)","decl":{"start":{"line":12,"column":2},"end":{"line":12,"column":3}},"loc":{"start":{"line":12,"column":11},"end":{"line":20,"column":3}},"line":12}},"branchMap":{},"s":{"0":0,"1":0,"2":1},"f":{"0":0,"1":0},"b":{},"_coverageSchema":"1a1c01bbd47fc00a2c39e90264f33305004495a9","hash":"19595c94c0d55b7ebba74f77bda7ee54c0dd31d4"}
,"/home/jackson/Documents/GitHub/Waste-Watcher/food-waste-tracker/src/Popups/NotificationsPopup.js": {"path":"/home/jackson/Documents/GitHub/Waste-Watcher/food-waste-tracker/src/Popups/NotificationsPopup.js","statementMap":{"0":{"start":{"line":9,"column":4},"end":{"line":9,"column":16}},"1":{"start":{"line":13,"column":4},"end":{"line":31,"column":5}},"2":{"start":{"line":35,"column":15},"end":{"line":50,"column":2}}},"fnMap":{"0":{"name":"(anonymous_0)","decl":{"start":{"line":8,"column":2},"end":{"line":8,"column":3}},"loc":{"start":{"line":8,"column":21},"end":{"line":10,"column":3}},"line":8},"1":{"name":"(anonymous_1)","decl":{"start":{"line":12,"column":2},"end":{"line":12,"column":3}},"loc":{"start":{"line":12,"column":11},"end":{"line":32,"column":3}},"line":12}},"branchMap":{},"s":{"0":0,"1":0,"2":1},"f":{"0":0,"1":0},"b":{},"_coverageSchema":"1a1c01bbd47fc00a2c39e90264f33305004495a9","hash":"3db756f393feafcde4c03d1a9309f863df4ca159"}
,"/home/jackson/Documents/GitHub/Waste-Watcher/food-waste-tracker/src/Popups/Popup.js": {"path":"/home/jackson/Documents/GitHub/Waste-Watcher/food-waste-tracker/src/Popups/Popup.js","statementMap":{"0":{"start":{"line":6,"column":4},"end":{"line":6,"column":16}},"1":{"start":{"line":10,"column":4},"end":{"line":14,"column":5}},"2":{"start":{"line":18,"column":15},"end":{"line":32,"column":2}}},"fnMap":{"0":{"name":"(anonymous_0)","decl":{"start":{"line":5,"column":2},"end":{"line":5,"column":3}},"loc":{"start":{"line":5,"column":21},"end":{"line":7,"column":3}},"line":5},"1":{"name":"(anonymous_1)","decl":{"start":{"line":9,"column":2},"end":{"line":9,"column":3}},"loc":{"start":{"line":9,"column":11},"end":{"line":15,"column":3}},"line":9}},"branchMap":{"0":{"loc":{"start":{"line":28,"column":15},"end":{"line":28,"column":56}},"type":"cond-expr","locations":[{"start":{"line":28,"column":43},"end":{"line":28,"column":48}},{"start":{"line":28,"column":51},"end":{"line":28,"column":56}}],"line":28}},"s":{"0":0,"1":0,"2":1},"f":{"0":0,"1":0},"b":{"0":[0,1]},"_coverageSchema":"1a1c01bbd47fc00a2c39e90264f33305004495a9","hash":"cba7b52b9d5bb1014bd492bbf7a64ff6d36b6865"}
,"/home/jackson/Documents/GitHub/Waste-Watcher/food-waste-tracker/src/Popups/ReferralPopup.js": {"path":"/home/jackson/Documents/GitHub/Waste-Watcher/food-waste-tracker/src/Popups/ReferralPopup.js","statementMap":{"0":{"start":{"line":8,"column":4},"end":{"line":8,"column":16}},"1":{"start":{"line":12,"column":4},"end":{"line":18,"column":5}},"2":{"start":{"line":22,"column":15},"end":{"line":30,"column":2}}},"fnMap":{"0":{"name":"(anonymous_0)","decl":{"start":{"line":7,"column":2},"end":{"line":7,"column":3}},"loc":{"start":{"line":7,"column":21},"end":{"line":9,"column":3}},"line":7},"1":{"name":"(anonymous_1)","decl":{"start":{"line":11,"column":2},"end":{"line":11,"column":3}},"loc":{"start":{"line":11,"column":11},"end":{"line":19,"column":3}},"line":11}},"branchMap":{},"s":{"0":0,"1":0,"2":1},"f":{"0":0,"1":0},"b":{},"_coverageSchema":"1a1c01bbd47fc00a2c39e90264f33305004495a9","hash":"e9fa49cebdcaffc1f6233090efac55ee0b3a3202"}
,"/home/jackson/Documents/GitHub/Waste-Watcher/food-waste-tracker/src/Popups/SettingsPopup.js": {"path":"/home/jackson/Documents/GitHub/Waste-Watcher/food-waste-tracker/src/Popups/SettingsPopup.js","statementMap":{"0":{"start":{"line":19,"column":4},"end":{"line":19,"column":16}},"1":{"start":{"line":20,"column":4},"end":{"line":24,"column":5}},"2":{"start":{"line":68,"column":4},"end":{"line":68,"column":32}},"3":{"start":{"line":72,"column":4},"end":{"line":72,"column":35}},"4":{"start":{"line":76,"column":4},"end":{"line":76,"column":29}},"5":{"start":{"line":80,"column":4},"end":{"line":80,"column":28}},"6":{"start":{"line":84,"column":4},"end":{"line":84,"column":34}},"7":{"start":{"line":96,"column":4},"end":{"line":225,"column":5}},"8":{"start":{"line":141,"column":34},"end":{"line":148,"column":13}},"9":{"start":{"line":179,"column":34},"end":{"line":186,"column":13}},"10":{"start":{"line":229,"column":15},"end":{"line":290,"column":2}}},"fnMap":{"0":{"name":"(anonymous_0)","decl":{"start":{"line":18,"column":2},"end":{"line":18,"column":3}},"loc":{"start":{"line":18,"column":21},"end":{"line":26,"column":3}},"line":18},"1":{"name":"(anonymous_1)","decl":{"start":{"line":67,"column":2},"end":{"line":67,"column":3}},"loc":{"start":{"line":67,"column":23},"end":{"line":69,"column":3}},"line":67},"2":{"name":"(anonymous_2)","decl":{"start":{"line":71,"column":2},"end":{"line":71,"column":3}},"loc":{"start":{"line":71,"column":26},"end":{"line":73,"column":3}},"line":71},"3":{"name":"(anonymous_3)","decl":{"start":{"line":75,"column":2},"end":{"line":75,"column":3}},"loc":{"start":{"line":75,"column":20},"end":{"line":77,"column":3}},"line":75},"4":{"name":"(anonymous_4)","decl":{"start":{"line":79,"column":2},"end":{"line":79,"column":3}},"loc":{"start":{"line":79,"column":19},"end":{"line":81,"column":3}},"line":79},"5":{"name":"(anonymous_5)","decl":{"start":{"line":83,"column":2},"end":{"line":83,"column":3}},"loc":{"start":{"line":83,"column":18},"end":{"line":85,"column":1}},"line":83},"6":{"name":"(anonymous_6)","decl":{"start":{"line":95,"column":2},"end":{"line":95,"column":3}},"loc":{"start":{"line":95,"column":11},"end":{"line":226,"column":3}},"line":95},"7":{"name":"(anonymous_7)","decl":{"start":{"line":141,"column":19},"end":{"line":141,"column":20}},"loc":{"start":{"line":141,"column":34},"end":{"line":148,"column":13}},"line":141},"8":{"name":"(anonymous_8)","decl":{"start":{"line":179,"column":19},"end":{"line":179,"column":20}},"loc":{"start":{"line":179,"column":34},"end":{"line":186,"column":13}},"line":179}},"branchMap":{"0":{"loc":{"start":{"line":143,"column":33},"end":{"line":145,"column":38}},"type":"cond-expr","locations":[{"start":{"line":144,"column":20},"end":{"line":144,"column":38}},{"start":{"line":145,"column":20},"end":{"line":145,"column":38}}],"line":143},"1":{"loc":{"start":{"line":155,"column":25},"end":{"line":155,"column":85}},"type":"cond-expr","locations":[{"start":{"line":155,"column":54},"end":{"line":155,"column":70}},{"start":{"line":155,"column":73},"end":{"line":155,"column":85}}],"line":155},"2":{"loc":{"start":{"line":170,"column":27},"end":{"line":170,"column":87}},"type":"cond-expr","locations":[{"start":{"line":170,"column":56},"end":{"line":170,"column":72}},{"start":{"line":170,"column":75},"end":{"line":170,"column":87}}],"line":170},"3":{"loc":{"start":{"line":181,"column":33},"end":{"line":183,"column":38}},"type":"cond-expr","locations":[{"start":{"line":182,"column":20},"end":{"line":182,"column":38}},{"start":{"line":183,"column":20},"end":{"line":183,"column":38}}],"line":181},"4":{"loc":{"start":{"line":194,"column":25},"end":{"line":194,"column":85}},"type":"cond-expr","locations":[{"start":{"line":194,"column":54},"end":{"line":194,"column":70}},{"start":{"line":194,"column":73},"end":{"line":194,"column":85}}],"line":194},"5":{"loc":{"start":{"line":208,"column":29},"end":{"line":208,"column":89}},"type":"cond-expr","locations":[{"start":{"line":208,"column":58},"end":{"line":208,"column":74}},{"start":{"line":208,"column":77},"end":{"line":208,"column":89}}],"line":208}},"s":{"0":0,"1":0,"2":0,"3":0,"4":0,"5":0,"6":0,"7":0,"8":0,"9":0,"10":1},"f":{"0":0,"1":0,"2":0,"3":0,"4":0,"5":0,"6":0,"7":0,"8":0},"b":{"0":[0,0],"1":[0,0],"2":[0,0],"3":[0,0],"4":[0,0],"5":[0,0]},"_coverageSchema":"1a1c01bbd47fc00a2c39e90264f33305004495a9","hash":"59dfa91829fb87861d043923b04a117d492764ca"}
,"/home/jackson/Documents/GitHub/Waste-Watcher/food-waste-tracker/src/Popups/StreakPopup.js": {"path":"/home/jackson/Documents/GitHub/Waste-Watcher/food-waste-tracker/src/Popups/StreakPopup.js","statementMap":{"0":{"start":{"line":8,"column":4},"end":{"line":8,"column":16}},"1":{"start":{"line":12,"column":4},"end":{"line":40,"column":5}},"2":{"start":{"line":44,"column":15},"end":{"line":71,"column":2}}},"fnMap":{"0":{"name":"(anonymous_0)","decl":{"start":{"line":7,"column":2},"end":{"line":7,"column":3}},"loc":{"start":{"line":7,"column":21},"end":{"line":9,"column":3}},"line":7},"1":{"name":"(anonymous_1)","decl":{"start":{"line":11,"column":2},"end":{"line":11,"column":3}},"loc":{"start":{"line":11,"column":11},"end":{"line":41,"column":3}},"line":11}},"branchMap":{},"s":{"0":0,"1":0,"2":1},"f":{"0":0,"1":0},"b":{},"_coverageSchema":"1a1c01bbd47fc00a2c39e90264f33305004495a9","hash":"886461891fd7fe3afc5bcbc121a0f0f7be165c2f"}
,"/home/jackson/Documents/GitHub/Waste-Watcher/food-waste-tracker/src/Popups/TrackMeal.js": {"path":"/home/jackson/Documents/GitHub/Waste-Watcher/food-waste-tracker/src/Popups/TrackMeal.js","statementMap":{"0":{"start":{"line":19,"column":4},"end":{"line":19,"column":16}},"1":{"start":{"line":21,"column":4},"end":{"line":31,"column":5}},"2":{"start":{"line":36,"column":4},"end":{"line":47,"column":5}},"3":{"start":{"line":37,"column":6},"end":{"line":37,"column":37}},"4":{"start":{"line":38,"column":11},"end":{"line":47,"column":5}},"5":{"start":{"line":44,"column":6},"end":{"line":44,"column":37}},"6":{"start":{"line":46,"column":6},"end":{"line":46,"column":24}},"7":{"start":{"line":51,"column":4},"end":{"line":55,"column":5}},"8":{"start":{"line":52,"column":6},"end":{"line":52,"column":39}},"9":{"start":{"line":54,"column":6},"end":{"line":54,"column":40}},"10":{"start":{"line":56,"column":4},"end":{"line":56,"column":38}},"11":{"start":{"line":60,"column":4},"end":{"line":60,"column":28}},"12":{"start":{"line":67,"column":17},"end":{"line":67,"column":79}},"13":{"start":{"line":68,"column":17},"end":{"line":68,"column":32}},"14":{"start":{"line":69,"column":19},"end":{"line":69,"column":53}},"15":{"start":{"line":70,"column":4},"end":{"line":70,"column":59}},"16":{"start":{"line":75,"column":4},"end":{"line":77,"column":5}},"17":{"start":{"line":75,"column":17},"end":{"line":75,"column":18}},"18":{"start":{"line":76,"column":6},"end":{"line":76,"column":69}},"19":{"start":{"line":76,"column":44},"end":{"line":76,"column":69}},"20":{"start":{"line":78,"column":4},"end":{"line":80,"column":5}},"21":{"start":{"line":78,"column":17},"end":{"line":78,"column":18}},"22":{"start":{"line":79,"column":6},"end":{"line":79,"column":63}},"23":{"start":{"line":79,"column":40},"end":{"line":79,"column":63}},"24":{"start":{"line":81,"column":4},"end":{"line":81,"column":24}},"25":{"start":{"line":85,"column":4},"end":{"line":191,"column":5}},"26":{"start":{"line":96,"column":16},"end":{"line":96,"column":72}},"27":{"start":{"line":110,"column":22},"end":{"line":110,"column":56}},"28":{"start":{"line":122,"column":44},"end":{"line":122,"column":78}},"29":{"start":{"line":137,"column":42},"end":{"line":137,"column":70}},"30":{"start":{"line":153,"column":38},"end":{"line":153,"column":75}},"31":{"start":{"line":165,"column":38},"end":{"line":165,"column":73}},"32":{"start":{"line":175,"column":18},"end":{"line":175,"column":67}},"33":{"start":{"line":181,"column":25},"end":{"line":181,"column":43}},"34":{"start":{"line":182,"column":32},"end":{"line":187,"column":11}},"35":{"start":{"line":196,"column":24},"end":{"line":245,"column":1}},"36":{"start":{"line":247,"column":22},"end":{"line":260,"column":1}},"37":{"start":{"line":262,"column":20},"end":{"line":294,"column":1}},"38":{"start":{"line":296,"column":27},"end":{"line":301,"column":1}},"39":{"start":{"line":303,"column":18},"end":{"line":309,"column":1}},"40":{"start":{"line":310,"column":22},"end":{"line":335,"column":1}},"41":{"start":{"line":336,"column":15},"end":{"line":421,"column":2}}},"fnMap":{"0":{"name":"(anonymous_0)","decl":{"start":{"line":18,"column":2},"end":{"line":18,"column":3}},"loc":{"start":{"line":18,"column":21},"end":{"line":32,"column":3}},"line":18},"1":{"name":"(anonymous_1)","decl":{"start":{"line":35,"column":2},"end":{"line":35,"column":3}},"loc":{"start":{"line":35,"column":19},"end":{"line":48,"column":3}},"line":35},"2":{"name":"(anonymous_2)","decl":{"start":{"line":50,"column":2},"end":{"line":50,"column":3}},"loc":{"start":{"line":50,"column":19},"end":{"line":57,"column":3}},"line":50},"3":{"name":"(anonymous_3)","decl":{"start":{"line":59,"column":2},"end":{"line":59,"column":3}},"loc":{"start":{"line":59,"column":16},"end":{"line":71,"column":3}},"line":59},"4":{"name":"(anonymous_4)","decl":{"start":{"line":73,"column":2},"end":{"line":73,"column":3}},"loc":{"start":{"line":73,"column":22},"end":{"line":82,"column":3}},"line":73},"5":{"name":"(anonymous_5)","decl":{"start":{"line":84,"column":2},"end":{"line":84,"column":3}},"loc":{"start":{"line":84,"column":11},"end":{"line":192,"column":3}},"line":84},"6":{"name":"(anonymous_6)","decl":{"start":{"line":95,"column":28},"end":{"line":95,"column":29}},"loc":{"start":{"line":95,"column":46},"end":{"line":97,"column":15}},"line":95},"7":{"name":"(anonymous_7)","decl":{"start":{"line":109,"column":34},"end":{"line":109,"column":35}},"loc":{"start":{"line":110,"column":22},"end":{"line":110,"column":56}},"line":110},"8":{"name":"(anonymous_8)","decl":{"start":{"line":122,"column":33},"end":{"line":122,"column":34}},"loc":{"start":{"line":122,"column":44},"end":{"line":122,"column":78}},"line":122},"9":{"name":"(anonymous_9)","decl":{"start":{"line":137,"column":31},"end":{"line":137,"column":32}},"loc":{"start":{"line":137,"column":42},"end":{"line":137,"column":70}},"line":137},"10":{"name":"(anonymous_10)","decl":{"start":{"line":153,"column":27},"end":{"line":153,"column":28}},"loc":{"start":{"line":153,"column":38},"end":{"line":153,"column":75}},"line":153},"11":{"name":"(anonymous_11)","decl":{"start":{"line":165,"column":27},"end":{"line":165,"column":28}},"loc":{"start":{"line":165,"column":38},"end":{"line":165,"column":73}},"line":165},"12":{"name":"(anonymous_12)","decl":{"start":{"line":174,"column":26},"end":{"line":174,"column":27}},"loc":{"start":{"line":174,"column":44},"end":{"line":176,"column":17}},"line":174},"13":{"name":"(anonymous_13)","decl":{"start":{"line":181,"column":19},"end":{"line":181,"column":20}},"loc":{"start":{"line":181,"column":25},"end":{"line":181,"column":43}},"line":181},"14":{"name":"(anonymous_14)","decl":{"start":{"line":182,"column":17},"end":{"line":182,"column":18}},"loc":{"start":{"line":182,"column":32},"end":{"line":187,"column":11}},"line":182}},"branchMap":{"0":{"loc":{"start":{"line":36,"column":4},"end":{"line":47,"column":5}},"type":"if","locations":[{"start":{"line":36,"column":4},"end":{"line":47,"column":5}},{"start":{"line":38,"column":11},"end":{"line":47,"column":5}}],"line":36},"1":{"loc":{"start":{"line":38,"column":11},"end":{"line":47,"column":5}},"type":"if","locations":[{"start":{"line":38,"column":11},"end":{"line":47,"column":5}},{"start":{"line":45,"column":11},"end":{"line":47,"column":5}}],"line":38},"2":{"loc":{"start":{"line":39,"column":6},"end":{"line":42,"column":26}},"type":"binary-expr","locations":[{"start":{"line":39,"column":6},"end":{"line":39,"column":23}},{"start":{"line":40,"column":6},"end":{"line":40,"column":22}},{"start":{"line":41,"column":6},"end":{"line":41,"column":27}},{"start":{"line":42,"column":6},"end":{"line":42,"column":26}}],"line":39},"3":{"loc":{"start":{"line":51,"column":4},"end":{"line":55,"column":5}},"type":"if","locations":[{"start":{"line":51,"column":4},"end":{"line":55,"column":5}},{"start":{"line":53,"column":11},"end":{"line":55,"column":5}}],"line":51},"4":{"loc":{"start":{"line":76,"column":6},"end":{"line":76,"column":69}},"type":"if","locations":[{"start":{"line":76,"column":6},"end":{"line":76,"column":69}},{"start":{},"end":{}}],"line":76},"5":{"loc":{"start":{"line":79,"column":6},"end":{"line":79,"column":63}},"type":"if","locations":[{"start":{"line":79,"column":6},"end":{"line":79,"column":63}},{"start":{},"end":{}}],"line":79},"6":{"loc":{"start":{"line":184,"column":31},"end":{"line":184,"column":77}},"type":"cond-expr","locations":[{"start":{"line":184,"column":41},"end":{"line":184,"column":58}},{"start":{"line":184,"column":61},"end":{"line":184,"column":77}}],"line":184}},"s":{"0":0,"1":0,"2":0,"3":0,"4":0,"5":0,"6":0,"7":0,"8":0,"9":0,"10":0,"11":0,"12":0,"13":0,"14":0,"15":0,"16":0,"17":0,"18":0,"19":0,"20":0,"21":0,"22":0,"23":0,"24":0,"25":0,"26":0,"27":0,"28":0,"29":0,"30":0,"31":0,"32":0,"33":0,"34":0,"35":1,"36":1,"37":1,"38":1,"39":1,"40":1,"41":1},"f":{"0":0,"1":0,"2":0,"3":0,"4":0,"5":0,"6":0,"7":0,"8":0,"9":0,"10":0,"11":0,"12":0,"13":0,"14":0},"b":{"0":[0,0],"1":[0,0],"2":[0,0,0,0],"3":[0,0],"4":[0,0],"5":[0,0],"6":[0,0]},"_coverageSchema":"1a1c01bbd47fc00a2c39e90264f33305004495a9","hash":"da703603d9e6e7817607dfcdca2a6034053f6d97"}
,"/home/jackson/Documents/GitHub/Waste-Watcher/food-waste-tracker/src/Popups/TrackWaste.js": {"path":"/home/jackson/Documents/GitHub/Waste-Watcher/food-waste-tracker/src/Popups/TrackWaste.js","statementMap":{"0":{"start":{"line":10,"column":4},"end":{"line":10,"column":16}},"1":{"start":{"line":11,"column":4},"end":{"line":14,"column":5}},"2":{"start":{"line":20,"column":4},"end":{"line":20,"column":64}},"3":{"start":{"line":22,"column":4},"end":{"line":24,"column":6}},"4":{"start":{"line":25,"column":4},"end":{"line":25,"column":37}},"5":{"start":{"line":29,"column":4},"end":{"line":54,"column":5}},"6":{"start":{"line":33,"column":12},"end":{"line":33,"column":56}},"7":{"start":{"line":36,"column":58},"end":{"line":36,"column":73}},"8":{"start":{"line":43,"column":25},"end":{"line":43,"column":43}},"9":{"start":{"line":44,"column":32},"end":{"line":50,"column":11}},"10":{"start":{"line":58,"column":15},"end":{"line":90,"column":2}}},"fnMap":{"0":{"name":"(anonymous_0)","decl":{"start":{"line":9,"column":2},"end":{"line":9,"column":3}},"loc":{"start":{"line":9,"column":21},"end":{"line":15,"column":3}},"line":9},"1":{"name":"(anonymous_1)","decl":{"start":{"line":17,"column":2},"end":{"line":17,"column":3}},"loc":{"start":{"line":17,"column":16},"end":{"line":17,"column":18}},"line":17},"2":{"name":"(anonymous_2)","decl":{"start":{"line":19,"column":2},"end":{"line":19,"column":3}},"loc":{"start":{"line":19,"column":13},"end":{"line":26,"column":3}},"line":19},"3":{"name":"(anonymous_3)","decl":{"start":{"line":28,"column":2},"end":{"line":28,"column":3}},"loc":{"start":{"line":28,"column":11},"end":{"line":55,"column":3}},"line":28},"4":{"name":"(anonymous_4)","decl":{"start":{"line":32,"column":36},"end":{"line":32,"column":37}},"loc":{"start":{"line":32,"column":47},"end":{"line":34,"column":11}},"line":32},"5":{"name":"(anonymous_5)","decl":{"start":{"line":36,"column":52},"end":{"line":36,"column":53}},"loc":{"start":{"line":36,"column":58},"end":{"line":36,"column":73}},"line":36},"6":{"name":"(anonymous_6)","decl":{"start":{"line":43,"column":19},"end":{"line":43,"column":20}},"loc":{"start":{"line":43,"column":25},"end":{"line":43,"column":43}},"line":43},"7":{"name":"(anonymous_7)","decl":{"start":{"line":44,"column":17},"end":{"line":44,"column":18}},"loc":{"start":{"line":44,"column":32},"end":{"line":50,"column":11}},"line":44}},"branchMap":{"0":{"loc":{"start":{"line":46,"column":25},"end":{"line":46,"column":71}},"type":"cond-expr","locations":[{"start":{"line":46,"column":58},"end":{"line":46,"column":63}},{"start":{"line":46,"column":66},"end":{"line":46,"column":71}}],"line":46},"1":{"loc":{"start":{"line":47,"column":31},"end":{"line":47,"column":77}},"type":"cond-expr","locations":[{"start":{"line":47,"column":41},"end":{"line":47,"column":58}},{"start":{"line":47,"column":61},"end":{"line":47,"column":77}}],"line":47}},"s":{"0":0,"1":0,"2":0,"3":0,"4":0,"5":0,"6":0,"7":0,"8":0,"9":0,"10":1},"f":{"0":0,"1":0,"2":0,"3":0,"4":0,"5":0,"6":0,"7":0},"b":{"0":[0,0],"1":[0,0]},"_coverageSchema":"1a1c01bbd47fc00a2c39e90264f33305004495a9","hash":"cd61d30c185673a880f18de77a921d4d3e0243a7"}
,"/home/jackson/Documents/GitHub/Waste-Watcher/food-waste-tracker/src/Popups/TrackWastePopup.js": {"path":"/home/jackson/Documents/GitHub/Waste-Watcher/food-waste-tracker/src/Popups/TrackWastePopup.js","statementMap":{"0":{"start":{"line":17,"column":4},"end":{"line":17,"column":16}},"1":{"start":{"line":18,"column":4},"end":{"line":21,"column":5}},"2":{"start":{"line":24,"column":4},"end":{"line":24,"column":37}},"3":{"start":{"line":28,"column":4},"end":{"line":79,"column":5}},"4":{"start":{"line":32,"column":38},"end":{"line":32,"column":63}},"5":{"start":{"line":47,"column":38},"end":{"line":47,"column":63}},"6":{"start":{"line":64,"column":12},"end":{"line":64,"column":38}},"7":{"start":{"line":69,"column":12},"end":{"line":69,"column":53}},"8":{"start":{"line":83,"column":15},"end":{"line":112,"column":2}}},"fnMap":{"0":{"name":"(anonymous_0)","decl":{"start":{"line":16,"column":2},"end":{"line":16,"column":3}},"loc":{"start":{"line":16,"column":21},"end":{"line":22,"column":3}},"line":16},"1":{"name":"(anonymous_1)","decl":{"start":{"line":23,"column":2},"end":{"line":23,"column":3}},"loc":{"start":{"line":23,"column":22},"end":{"line":25,"column":3}},"line":23},"2":{"name":"(anonymous_2)","decl":{"start":{"line":27,"column":2},"end":{"line":27,"column":3}},"loc":{"start":{"line":27,"column":11},"end":{"line":80,"column":3}},"line":27},"3":{"name":"(anonymous_3)","decl":{"start":{"line":32,"column":32},"end":{"line":32,"column":33}},"loc":{"start":{"line":32,"column":38},"end":{"line":32,"column":63}},"line":32},"4":{"name":"(anonymous_4)","decl":{"start":{"line":47,"column":32},"end":{"line":47,"column":33}},"loc":{"start":{"line":47,"column":38},"end":{"line":47,"column":63}},"line":47},"5":{"name":"(anonymous_5)","decl":{"start":{"line":63,"column":15},"end":{"line":63,"column":16}},"loc":{"start":{"line":63,"column":30},"end":{"line":65,"column":11}},"line":63},"6":{"name":"(anonymous_6)","decl":{"start":{"line":68,"column":26},"end":{"line":68,"column":27}},"loc":{"start":{"line":68,"column":33},"end":{"line":70,"column":11}},"line":68}},"branchMap":{"0":{"loc":{"start":{"line":40,"column":20},"end":{"line":42,"column":40}},"type":"cond-expr","locations":[{"start":{"line":41,"column":24},"end":{"line":41,"column":40}},{"start":{"line":42,"column":24},"end":{"line":42,"column":40}}],"line":40},"1":{"loc":{"start":{"line":55,"column":20},"end":{"line":57,"column":40}},"type":"cond-expr","locations":[{"start":{"line":56,"column":24},"end":{"line":56,"column":40}},{"start":{"line":57,"column":24},"end":{"line":57,"column":40}}],"line":55}},"s":{"0":0,"1":0,"2":0,"3":0,"4":0,"5":0,"6":0,"7":0,"8":1},"f":{"0":0,"1":0,"2":0,"3":0,"4":0,"5":0,"6":0},"b":{"0":[0,0],"1":[0,0]},"_coverageSchema":"1a1c01bbd47fc00a2c39e90264f33305004495a9","hash":"76dc47c7dca0f13e36fa1beb9c6167d1cdfa074c"}
,"/home/jackson/Documents/GitHub/Waste-Watcher/food-waste-tracker/src/Popups/WasteEntry.js": {"path":"/home/jackson/Documents/GitHub/Waste-Watcher/food-waste-tracker/src/Popups/WasteEntry.js","statementMap":{"0":{"start":{"line":7,"column":4},"end":{"line":7,"column":16}},"1":{"start":{"line":8,"column":4},"end":{"line":14,"column":5}},"2":{"start":{"line":18,"column":4},"end":{"line":29,"column":5}},"3":{"start":{"line":19,"column":6},"end":{"line":19,"column":37}},"4":{"start":{"line":20,"column":11},"end":{"line":29,"column":5}},"5":{"start":{"line":26,"column":6},"end":{"line":26,"column":37}},"6":{"start":{"line":28,"column":6},"end":{"line":28,"column":24}},"7":{"start":{"line":38,"column":4},"end":{"line":92,"column":5}},"8":{"start":{"line":50,"column":38},"end":{"line":50,"column":75}},"9":{"start":{"line":62,"column":18},"end":{"line":62,"column":52}},"10":{"start":{"line":75,"column":38},"end":{"line":75,"column":73}},"11":{"start":{"line":86,"column":38},"end":{"line":86,"column":72}},"12":{"start":{"line":96,"column":22},"end":{"line":109,"column":1}},"13":{"start":{"line":111,"column":20},"end":{"line":143,"column":1}},"14":{"start":{"line":145,"column":27},"end":{"line":150,"column":1}},"15":{"start":{"line":152,"column":15},"end":{"line":217,"column":2}}},"fnMap":{"0":{"name":"(anonymous_0)","decl":{"start":{"line":6,"column":2},"end":{"line":6,"column":3}},"loc":{"start":{"line":6,"column":21},"end":{"line":15,"column":3}},"line":6},"1":{"name":"(anonymous_1)","decl":{"start":{"line":17,"column":2},"end":{"line":17,"column":3}},"loc":{"start":{"line":17,"column":19},"end":{"line":30,"column":3}},"line":17},"2":{"name":"(anonymous_2)","decl":{"start":{"line":37,"column":2},"end":{"line":37,"column":3}},"loc":{"start":{"line":37,"column":11},"end":{"line":93,"column":3}},"line":37},"3":{"name":"(anonymous_3)","decl":{"start":{"line":50,"column":27},"end":{"line":50,"column":28}},"loc":{"start":{"line":50,"column":38},"end":{"line":50,"column":75}},"line":50},"4":{"name":"(anonymous_4)","decl":{"start":{"line":61,"column":30},"end":{"line":61,"column":31}},"loc":{"start":{"line":62,"column":18},"end":{"line":62,"column":52}},"line":62},"5":{"name":"(anonymous_5)","decl":{"start":{"line":75,"column":27},"end":{"line":75,"column":28}},"loc":{"start":{"line":75,"column":38},"end":{"line":75,"column":73}},"line":75},"6":{"name":"(anonymous_6)","decl":{"start":{"line":86,"column":27},"end":{"line":86,"column":28}},"loc":{"start":{"line":86,"column":38},"end":{"line":86,"column":72}},"line":86}},"branchMap":{"0":{"loc":{"start":{"line":18,"column":4},"end":{"line":29,"column":5}},"type":"if","locations":[{"start":{"line":18,"column":4},"end":{"line":29,"column":5}},{"start":{"line":20,"column":11},"end":{"line":29,"column":5}}],"line":18},"1":{"loc":{"start":{"line":20,"column":11},"end":{"line":29,"column":5}},"type":"if","locations":[{"start":{"line":20,"column":11},"end":{"line":29,"column":5}},{"start":{"line":27,"column":11},"end":{"line":29,"column":5}}],"line":20},"2":{"loc":{"start":{"line":21,"column":6},"end":{"line":24,"column":26}},"type":"binary-expr","locations":[{"start":{"line":21,"column":6},"end":{"line":21,"column":23}},{"start":{"line":22,"column":6},"end":{"line":22,"column":22}},{"start":{"line":23,"column":6},"end":{"line":23,"column":27}},{"start":{"line":24,"column":6},"end":{"line":24,"column":26}}],"line":21}},"s":{"0":0,"1":0,"2":0,"3":0,"4":0,"5":0,"6":0,"7":0,"8":0,"9":0,"10":0,"11":0,"12":1,"13":1,"14":1,"15":1},"f":{"0":0,"1":0,"2":0,"3":0,"4":0,"5":0,"6":0},"b":{"0":[0,0],"1":[0,0],"2":[0,0,0,0]},"_coverageSchema":"1a1c01bbd47fc00a2c39e90264f33305004495a9","hash":"73fb29cb4fb589bb5d5acc4e04afba116695ea90"}
,"/home/jackson/Documents/GitHub/Waste-Watcher/food-waste-tracker/src/ProfileComponents/Badge.js": {"path":"/home/jackson/Documents/GitHub/Waste-Watcher/food-waste-tracker/src/ProfileComponents/Badge.js","statementMap":{"0":{"start":{"line":9,"column":4},"end":{"line":9,"column":16}},"1":{"start":{"line":13,"column":18},"end":{"line":21,"column":5}},"2":{"start":{"line":22,"column":4},"end":{"line":27,"column":5}},"3":{"start":{"line":31,"column":15},"end":{"line":53,"column":2}}},"fnMap":{"0":{"name":"(anonymous_0)","decl":{"start":{"line":8,"column":2},"end":{"line":8,"column":3}},"loc":{"start":{"line":8,"column":21},"end":{"line":10,"column":3}},"line":8},"1":{"name":"(anonymous_1)","decl":{"start":{"line":12,"column":2},"end":{"line":12,"column":3}},"loc":{"start":{"line":12,"column":11},"end":{"line":28,"column":3}},"line":12}},"branchMap":{},"s":{"0":0,"1":0,"2":0,"3":1},"f":{"0":0,"1":0},"b":{},"_coverageSchema":"1a1c01bbd47fc00a2c39e90264f33305004495a9","hash":"35d9fb06481cb9d2e46d50b489d0a097311b349a"}
,"/home/jackson/Documents/GitHub/Waste-Watcher/food-waste-tracker/src/ProfileComponents/Notification.js": {"path":"/home/jackson/Documents/GitHub/Waste-Watcher/food-waste-tracker/src/ProfileComponents/Notification.js","statementMap":{"0":{"start":{"line":6,"column":4},"end":{"line":6,"column":16}},"1":{"start":{"line":10,"column":4},"end":{"line":14,"column":5}},"2":{"start":{"line":18,"column":15},"end":{"line":26,"column":2}}},"fnMap":{"0":{"name":"(anonymous_0)","decl":{"start":{"line":5,"column":2},"end":{"line":5,"column":3}},"loc":{"start":{"line":5,"column":21},"end":{"line":7,"column":3}},"line":5},"1":{"name":"(anonymous_1)","decl":{"start":{"line":9,"column":2},"end":{"line":9,"column":3}},"loc":{"start":{"line":9,"column":11},"end":{"line":15,"column":3}},"line":9}},"branchMap":{},"s":{"0":0,"1":0,"2":1},"f":{"0":0,"1":0},"b":{},"_coverageSchema":"1a1c01bbd47fc00a2c39e90264f33305004495a9","hash":"8b810ae98c437338c7d9b0bf2f8a4a8c753027f9"}
,"/home/jackson/Documents/GitHub/Waste-Watcher/food-waste-tracker/src/TrackWaste/SubmitButton.js": {"path":"/home/jackson/Documents/GitHub/Waste-Watcher/food-waste-tracker/src/TrackWaste/SubmitButton.js","statementMap":{"0":{"start":{"line":10,"column":4},"end":{"line":10,"column":16}},"1":{"start":{"line":15,"column":6},"end":{"line":15,"column":126}},"2":{"start":{"line":17,"column":4},"end":{"line":22,"column":5}},"3":{"start":{"line":26,"column":15},"end":{"line":41,"column":2}}},"fnMap":{"0":{"name":"(anonymous_0)","decl":{"start":{"line":9,"column":2},"end":{"line":9,"column":3}},"loc":{"start":{"line":9,"column":21},"end":{"line":11,"column":3}},"line":9},"1":{"name":"(anonymous_1)","decl":{"start":{"line":13,"column":2},"end":{"line":13,"column":3}},"loc":{"start":{"line":13,"column":11},"end":{"line":23,"column":3}},"line":13}},"branchMap":{},"s":{"0":0,"1":0,"2":0,"3":1},"f":{"0":0,"1":0},"b":{},"_coverageSchema":"1a1c01bbd47fc00a2c39e90264f33305004495a9","hash":"3980ebe409c3681a03d8aa78fab36a7ea57cb836"}
,"/home/jackson/Documents/GitHub/Waste-Watcher/food-waste-tracker/src/Utils/Divider.js": {"path":"/home/jackson/Documents/GitHub/Waste-Watcher/food-waste-tracker/src/Utils/Divider.js","statementMap":{"0":{"start":{"line":7,"column":4},"end":{"line":7,"column":16}},"1":{"start":{"line":11,"column":4},"end":{"line":11,"column":42}},"2":{"start":{"line":15,"column":15},"end":{"line":22,"column":2}}},"fnMap":{"0":{"name":"(anonymous_0)","decl":{"start":{"line":6,"column":2},"end":{"line":6,"column":3}},"loc":{"start":{"line":6,"column":21},"end":{"line":8,"column":3}},"line":6},"1":{"name":"(anonymous_1)","decl":{"start":{"line":10,"column":2},"end":{"line":10,"column":3}},"loc":{"start":{"line":10,"column":11},"end":{"line":12,"column":3}},"line":10}},"branchMap":{},"s":{"0":0,"1":0,"2":1},"f":{"0":0,"1":0},"b":{},"_coverageSchema":"1a1c01bbd47fc00a2c39e90264f33305004495a9","hash":"ec3584d7d7e89856a448cd8eb82af15ae7e690fa"}
,"/home/jackson/Documents/GitHub/Waste-Watcher/food-waste-tracker/src/Utils/TestData.js": {"path":"/home/jackson/Documents/GitHub/Waste-Watcher/food-waste-tracker/src/Utils/TestData.js","statementMap":{"0":{"start":{"line":13,"column":21},"end":{"line":13,"column":66}},"1":{"start":{"line":14,"column":15},"end":{"line":14,"column":17}},"2":{"start":{"line":15,"column":2},"end":{"line":20,"column":3}},"3":{"start":{"line":15,"column":15},"end":{"line":15,"column":16}},"4":{"start":{"line":16,"column":17},"end":{"line":16,"column":44}},"5":{"start":{"line":17,"column":21},"end":{"line":17,"column":78}},"6":{"start":{"line":18,"column":19},"end":{"line":18,"column":36}},"7":{"start":{"line":19,"column":4},"end":{"line":19,"column":39}},"8":{"start":{"line":21,"column":2},"end":{"line":21,"column":13}},"9":{"start":{"line":24,"column":20},"end":{"line":24,"column":33}},"10":{"start":{"line":27,"column":21},"end":{"line":48,"column":1}},"11":{"start":{"line":50,"column":22},"end":{"line":71,"column":1}}},"fnMap":{"0":{"name":"getTestData","decl":{"start":{"line":12,"column":9},"end":{"line":12,"column":20}},"loc":{"start":{"line":12,"column":23},"end":{"line":22,"column":1}},"line":12}},"branchMap":{"0":{"loc":{"start":{"line":16,"column":22},"end":{"line":16,"column":42}},"type":"cond-expr","locations":[{"start":{"line":16,"column":31},"end":{"line":16,"column":38}},{"start":{"line":16,"column":41},"end":{"line":16,"column":42}}],"line":16}},"s":{"0":1,"1":1,"2":1,"3":1,"4":25,"5":25,"6":25,"7":25,"8":1,"9":1,"10":1,"11":1},"f":{"0":1},"b":{"0":[9,16]},"_coverageSchema":"1a1c01bbd47fc00a2c39e90264f33305004495a9","hash":"2849112654fd3fcfebca6df5eaa9e078c5ace99f"}
,"/home/jackson/Documents/GitHub/Waste-Watcher/food-waste-tracker/src/Utils/colors.js": {"path":"/home/jackson/Documents/GitHub/Waste-Watcher/food-waste-tracker/src/Utils/colors.js","statementMap":{"0":{"start":{"line":1,"column":22},"end":{"line":27,"column":1}}},"fnMap":{},"branchMap":{},"s":{"0":1},"f":{},"b":{},"_coverageSchema":"1a1c01bbd47fc00a2c39e90264f33305004495a9","hash":"a5f26b8e4312f9127ca047999e361797196b33e7"}
,"/home/jackson/Documents/GitHub/Waste-Watcher/food-waste-tracker/src/WasteReductionTips/DairyReduction.js": {"path":"/home/jackson/Documents/GitHub/Waste-Watcher/food-waste-tracker/src/WasteReductionTips/DairyReduction.js","statementMap":{"0":{"start":{"line":8,"column":4},"end":{"line":8,"column":16}},"1":{"start":{"line":12,"column":4},"end":{"line":17,"column":5}},"2":{"start":{"line":21,"column":15},"end":{"line":35,"column":2}}},"fnMap":{"0":{"name":"(anonymous_0)","decl":{"start":{"line":7,"column":2},"end":{"line":7,"column":3}},"loc":{"start":{"line":7,"column":21},"end":{"line":9,"column":3}},"line":7},"1":{"name":"(anonymous_1)","decl":{"start":{"line":11,"column":2},"end":{"line":11,"column":3}},"loc":{"start":{"line":11,"column":11},"end":{"line":18,"column":3}},"line":11}},"branchMap":{},"s":{"0":0,"1":0,"2":1},"f":{"0":0,"1":0},"b":{},"_coverageSchema":"1a1c01bbd47fc00a2c39e90264f33305004495a9","hash":"6c64b6893c67c2d9ef572b1041fa9c1656168a70"}
,"/home/jackson/Documents/GitHub/Waste-Watcher/food-waste-tracker/src/WasteReductionTips/FishReduction.js": {"path":"/home/jackson/Documents/GitHub/Waste-Watcher/food-waste-tracker/src/WasteReductionTips/FishReduction.js","statementMap":{"0":{"start":{"line":8,"column":4},"end":{"line":8,"column":16}},"1":{"start":{"line":12,"column":4},"end":{"line":17,"column":5}},"2":{"start":{"line":21,"column":15},"end":{"line":35,"column":2}}},"fnMap":{"0":{"name":"(anonymous_0)","decl":{"start":{"line":7,"column":2},"end":{"line":7,"column":3}},"loc":{"start":{"line":7,"column":21},"end":{"line":9,"column":3}},"line":7},"1":{"name":"(anonymous_1)","decl":{"start":{"line":11,"column":2},"end":{"line":11,"column":3}},"loc":{"start":{"line":11,"column":11},"end":{"line":18,"column":3}},"line":11}},"branchMap":{},"s":{"0":0,"1":0,"2":1},"f":{"0":0,"1":0},"b":{},"_coverageSchema":"1a1c01bbd47fc00a2c39e90264f33305004495a9","hash":"58a019880a061f68ac8d8b277c2c668ff0c70636"}
,"/home/jackson/Documents/GitHub/Waste-Watcher/food-waste-tracker/src/WasteReductionTips/GeneralReduction.js": {"path":"/home/jackson/Documents/GitHub/Waste-Watcher/food-waste-tracker/src/WasteReductionTips/GeneralReduction.js","statementMap":{"0":{"start":{"line":8,"column":4},"end":{"line":8,"column":16}},"1":{"start":{"line":13,"column":6},"end":{"line":13,"column":125}},"2":{"start":{"line":15,"column":4},"end":{"line":24,"column":5}},"3":{"start":{"line":16,"column":57},"end":{"line":16,"column":77}},"4":{"start":{"line":28,"column":15},"end":{"line":42,"column":2}}},"fnMap":{"0":{"name":"(anonymous_0)","decl":{"start":{"line":7,"column":2},"end":{"line":7,"column":3}},"loc":{"start":{"line":7,"column":21},"end":{"line":9,"column":3}},"line":7},"1":{"name":"(anonymous_1)","decl":{"start":{"line":11,"column":2},"end":{"line":11,"column":3}},"loc":{"start":{"line":11,"column":11},"end":{"line":25,"column":3}},"line":11},"2":{"name":"(anonymous_2)","decl":{"start":{"line":16,"column":51},"end":{"line":16,"column":52}},"loc":{"start":{"line":16,"column":57},"end":{"line":16,"column":77}},"line":16}},"branchMap":{},"s":{"0":0,"1":0,"2":0,"3":0,"4":1},"f":{"0":0,"1":0,"2":0},"b":{},"_coverageSchema":"1a1c01bbd47fc00a2c39e90264f33305004495a9","hash":"a1bfeef4856d16d27757d6136d2ed5430425ebb6"}
,"/home/jackson/Documents/GitHub/Waste-Watcher/food-waste-tracker/src/WasteReductionTips/GrainReduction.js": {"path":"/home/jackson/Documents/GitHub/Waste-Watcher/food-waste-tracker/src/WasteReductionTips/GrainReduction.js","statementMap":{"0":{"start":{"line":7,"column":4},"end":{"line":7,"column":16}},"1":{"start":{"line":11,"column":4},"end":{"line":16,"column":5}},"2":{"start":{"line":20,"column":15},"end":{"line":34,"column":2}}},"fnMap":{"0":{"name":"(anonymous_0)","decl":{"start":{"line":6,"column":2},"end":{"line":6,"column":3}},"loc":{"start":{"line":6,"column":21},"end":{"line":8,"column":3}},"line":6},"1":{"name":"(anonymous_1)","decl":{"start":{"line":10,"column":2},"end":{"line":10,"column":3}},"loc":{"start":{"line":10,"column":11},"end":{"line":17,"column":3}},"line":10}},"branchMap":{},"s":{"0":0,"1":0,"2":1},"f":{"0":0,"1":0},"b":{},"_coverageSchema":"1a1c01bbd47fc00a2c39e90264f33305004495a9","hash":"b583c1d34b4df3f1d188c8d1df4af2e144c795a4"}
,"/home/jackson/Documents/GitHub/Waste-Watcher/food-waste-tracker/src/WasteReductionTips/MeatReduction.js": {"path":"/home/jackson/Documents/GitHub/Waste-Watcher/food-waste-tracker/src/WasteReductionTips/MeatReduction.js","statementMap":{"0":{"start":{"line":8,"column":4},"end":{"line":8,"column":16}},"1":{"start":{"line":12,"column":4},"end":{"line":17,"column":5}},"2":{"start":{"line":21,"column":15},"end":{"line":35,"column":2}}},"fnMap":{"0":{"name":"(anonymous_0)","decl":{"start":{"line":7,"column":2},"end":{"line":7,"column":3}},"loc":{"start":{"line":7,"column":21},"end":{"line":9,"column":3}},"line":7},"1":{"name":"(anonymous_1)","decl":{"start":{"line":11,"column":2},"end":{"line":11,"column":3}},"loc":{"start":{"line":11,"column":11},"end":{"line":18,"column":3}},"line":11}},"branchMap":{},"s":{"0":0,"1":0,"2":1},"f":{"0":0,"1":0},"b":{},"_coverageSchema":"1a1c01bbd47fc00a2c39e90264f33305004495a9","hash":"45408b9c8f8ee7ec0fd5bb7f5fb33b77860ee305"}
,"/home/jackson/Documents/GitHub/Waste-Watcher/food-waste-tracker/src/WasteReductionTips/ProduceReduction.js": {"path":"/home/jackson/Documents/GitHub/Waste-Watcher/food-waste-tracker/src/WasteReductionTips/ProduceReduction.js","statementMap":{"0":{"start":{"line":8,"column":4},"end":{"line":8,"column":16}},"1":{"start":{"line":12,"column":4},"end":{"line":17,"column":5}},"2":{"start":{"line":21,"column":15},"end":{"line":35,"column":2}}},"fnMap":{"0":{"name":"(anonymous_0)","decl":{"start":{"line":7,"column":2},"end":{"line":7,"column":3}},"loc":{"start":{"line":7,"column":21},"end":{"line":9,"column":3}},"line":7},"1":{"name":"(anonymous_1)","decl":{"start":{"line":11,"column":2},"end":{"line":11,"column":3}},"loc":{"start":{"line":11,"column":11},"end":{"line":18,"column":3}},"line":11}},"branchMap":{},"s":{"0":0,"1":0,"2":1},"f":{"0":0,"1":0},"b":{},"_coverageSchema":"1a1c01bbd47fc00a2c39e90264f33305004495a9","hash":"6bb33952d4e261e2186be1f345371ac890c88fef"}
}
