{"C:\\Users\\finnj\\OneDrive\\Desktop\\Waste-Watchers\\Kayak-Develompent-Capstone\\food-waste-tracker\\images\\FoodRescueMaine_Logo_Final-01.png": {"path":"C:\\Users\\finnj\\OneDrive\\Desktop\\Waste-Watchers\\Kayak-Develompent-Capstone\\food-waste-tracker\\images\\FoodRescueMaine_Logo_Final-01.png","statementMap":{"0":{"start":{"line":1,"column":0},"end":{"line":1,"column":19}}},"fnMap":{},"branchMap":{},"s":{"0":1},"f":{},"b":{},"_coverageSchema":"1a1c01bbd47fc00a2c39e90264f33305004495a9","hash":"223d9e4eaf162c32860dd5724cab38a107a0921c"}
,"C:\\Users\\finnj\\OneDrive\\Desktop\\Waste-Watchers\\Kayak-Develompent-Capstone\\food-waste-tracker\\src\\LeaderboardComponents\\Leaderboard.js": {"path":"C:\\Users\\finnj\\OneDrive\\Desktop\\Waste-Watchers\\Kayak-Develompent-Capstone\\food-waste-tracker\\src\\LeaderboardComponents\\Leaderboard.js","statementMap":{"0":{"start":{"line":9,"column":4},"end":{"line":9,"column":16}},"1":{"start":{"line":13,"column":9},"end":{"line":13,"column":24}},"2":{"start":{"line":16,"column":4},"end":{"line":45,"column":5}},"3":{"start":{"line":33,"column":14},"end":{"line":40,"column":15}},"4":{"start":{"line":49,"column":15},"end":{"line":95,"column":2}}},"fnMap":{"0":{"name":"(anonymous_0)","decl":{"start":{"line":8,"column":2},"end":{"line":8,"column":3}},"loc":{"start":{"line":8,"column":21},"end":{"line":10,"column":3}},"line":8},"1":{"name":"(anonymous_1)","decl":{"start":{"line":15,"column":2},"end":{"line":15,"column":3}},"loc":{"start":{"line":15,"column":11},"end":{"line":46,"column":3}},"line":15},"2":{"name":"(anonymous_2)","decl":{"start":{"line":32,"column":27},"end":{"line":32,"column":28}},"loc":{"start":{"line":32,"column":44},"end":{"line":41,"column":13}},"line":32}},"branchMap":{},"s":{"0":1,"1":1,"2":1,"3":5,"4":1},"f":{"0":1,"1":1,"2":5},"b":{},"_coverageSchema":"1a1c01bbd47fc00a2c39e90264f33305004495a9","hash":"c9a80239560ef95c00ba888731bea2bffd49935a"}
,"C:\\Users\\finnj\\OneDrive\\Desktop\\Waste-Watchers\\Kayak-Develompent-Capstone\\food-waste-tracker\\src\\LeaderboardComponents\\Rank.js": {"path":"C:\\Users\\finnj\\OneDrive\\Desktop\\Waste-Watchers\\Kayak-Develompent-Capstone\\food-waste-tracker\\src\\LeaderboardComponents\\Rank.js","statementMap":{"0":{"start":{"line":9,"column":4},"end":{"line":9,"column":16}},"1":{"start":{"line":10,"column":4},"end":{"line":12,"column":5}},"2":{"start":{"line":16,"column":4},"end":{"line":34,"column":5}},"3":{"start":{"line":38,"column":15},"end":{"line":73,"column":2}}},"fnMap":{"0":{"name":"(anonymous_0)","decl":{"start":{"line":8,"column":2},"end":{"line":8,"column":3}},"loc":{"start":{"line":8,"column":21},"end":{"line":13,"column":3}},"line":8},"1":{"name":"(anonymous_1)","decl":{"start":{"line":15,"column":2},"end":{"line":15,"column":3}},"loc":{"start":{"line":15,"column":11},"end":{"line":35,"column":3}},"line":15}},"branchMap":{},"s":{"0":5,"1":5,"2":5,"3":1},"f":{"0":5,"1":5},"b":{},"_coverageSchema":"1a1c01bbd47fc00a2c39e90264f33305004495a9","hash":"6bc07b9fdf0585266677084f5eb35209ac13585e"}
,"C:\\Users\\finnj\\OneDrive\\Desktop\\Waste-Watchers\\Kayak-Develompent-Capstone\\food-waste-tracker\\src\\Pages\\ArcGISMap.js": {"path":"C:\\Users\\finnj\\OneDrive\\Desktop\\Waste-Watchers\\Kayak-Develompent-Capstone\\food-waste-tracker\\src\\Pages\\ArcGISMap.js","statementMap":{"0":{"start":{"line":10,"column":4},"end":{"line":10,"column":16}},"1":{"start":{"line":14,"column":4},"end":{"line":34,"column":5}},"2":{"start":{"line":38,"column":15},"end":{"line":48,"column":2}}},"fnMap":{"0":{"name":"(anonymous_0)","decl":{"start":{"line":9,"column":2},"end":{"line":9,"column":3}},"loc":{"start":{"line":9,"column":21},"end":{"line":11,"column":3}},"line":9},"1":{"name":"(anonymous_1)","decl":{"start":{"line":13,"column":2},"end":{"line":13,"column":3}},"loc":{"start":{"line":13,"column":11},"end":{"line":35,"column":3}},"line":13}},"branchMap":{},"s":{"0":1,"1":1,"2":1},"f":{"0":1,"1":1},"b":{},"_coverageSchema":"1a1c01bbd47fc00a2c39e90264f33305004495a9","hash":"fd483bbcbb0676d1ce734e3769744e614ad38602"}
,"C:\\Users\\finnj\\OneDrive\\Desktop\\Waste-Watchers\\Kayak-Develompent-Capstone\\food-waste-tracker\\src\\Pages\\ForgotPassword.js": {"path":"C:\\Users\\finnj\\OneDrive\\Desktop\\Waste-Watchers\\Kayak-Develompent-Capstone\\food-waste-tracker\\src\\Pages\\ForgotPassword.js","statementMap":{"0":{"start":{"line":15,"column":4},"end":{"line":15,"column":16}},"1":{"start":{"line":16,"column":4},"end":{"line":19,"column":5}},"2":{"start":{"line":24,"column":4},"end":{"line":28,"column":5}},"3":{"start":{"line":25,"column":6},"end":{"line":25,"column":41}},"4":{"start":{"line":27,"column":6},"end":{"line":27,"column":42}},"5":{"start":{"line":34,"column":4},"end":{"line":34,"column":23}},"6":{"start":{"line":35,"column":4},"end":{"line":35,"column":33}},"7":{"start":{"line":39,"column":4},"end":{"line":67,"column":5}},"8":{"start":{"line":55,"column":30},"end":{"line":55,"column":49}},"9":{"start":{"line":56,"column":35},"end":{"line":56,"column":54}},"10":{"start":{"line":71,"column":15},"end":{"line":118,"column":2}}},"fnMap":{"0":{"name":"(anonymous_0)","decl":{"start":{"line":14,"column":2},"end":{"line":14,"column":3}},"loc":{"start":{"line":14,"column":21},"end":{"line":20,"column":3}},"line":14},"1":{"name":"(anonymous_1)","decl":{"start":{"line":23,"column":2},"end":{"line":23,"column":3}},"loc":{"start":{"line":23,"column":17},"end":{"line":29,"column":3}},"line":23},"2":{"name":"(anonymous_2)","decl":{"start":{"line":32,"column":2},"end":{"line":32,"column":3}},"loc":{"start":{"line":32,"column":17},"end":{"line":36,"column":3}},"line":32},"3":{"name":"(anonymous_3)","decl":{"start":{"line":38,"column":2},"end":{"line":38,"column":3}},"loc":{"start":{"line":38,"column":11},"end":{"line":68,"column":3}},"line":38},"4":{"name":"(anonymous_4)","decl":{"start":{"line":55,"column":24},"end":{"line":55,"column":25}},"loc":{"start":{"line":55,"column":30},"end":{"line":55,"column":49}},"line":55},"5":{"name":"(anonymous_5)","decl":{"start":{"line":56,"column":24},"end":{"line":56,"column":25}},"loc":{"start":{"line":56,"column":35},"end":{"line":56,"column":54}},"line":56}},"branchMap":{"0":{"loc":{"start":{"line":24,"column":4},"end":{"line":28,"column":5}},"type":"if","locations":[{"start":{"line":24,"column":4},"end":{"line":28,"column":5}},{"start":{"line":26,"column":11},"end":{"line":28,"column":5}}],"line":24},"1":{"loc":{"start":{"line":58,"column":26},"end":{"line":58,"column":76}},"type":"cond-expr","locations":[{"start":{"line":58,"column":52},"end":{"line":58,"column":57}},{"start":{"line":58,"column":60},"end":{"line":58,"column":76}}],"line":58}},"s":{"0":1,"1":1,"2":0,"3":0,"4":0,"5":0,"6":0,"7":1,"8":0,"9":0,"10":1},"f":{"0":1,"1":0,"2":0,"3":1,"4":0,"5":0},"b":{"0":[0,0],"1":[1,0]},"_coverageSchema":"1a1c01bbd47fc00a2c39e90264f33305004495a9","hash":"c2524f9517ddc7227dec7a08b26bc8c3b05749b6"}
,"C:\\Users\\finnj\\OneDrive\\Desktop\\Waste-Watchers\\Kayak-Develompent-Capstone\\food-waste-tracker\\src\\Pages\\HomePage.js": {"path":"C:\\Users\\finnj\\OneDrive\\Desktop\\Waste-Watchers\\Kayak-Develompent-Capstone\\food-waste-tracker\\src\\Pages\\HomePage.js","statementMap":{"0":{"start":{"line":31,"column":4},"end":{"line":31,"column":16}},"1":{"start":{"line":32,"column":4},"end":{"line":41,"column":5}},"2":{"start":{"line":42,"column":4},"end":{"line":42,"column":18}},"3":{"start":{"line":46,"column":12},"end":{"line":54,"column":3}},"4":{"start":{"line":47,"column":18},"end":{"line":47,"column":55}},"5":{"start":{"line":48,"column":4},"end":{"line":48,"column":33}},"6":{"start":{"line":49,"column":4},"end":{"line":49,"column":48}},"7":{"start":{"line":51,"column":19},"end":{"line":51,"column":57}},"8":{"start":{"line":52,"column":4},"end":{"line":52,"column":39}},"9":{"start":{"line":53,"column":4},"end":{"line":53,"column":46}},"10":{"start":{"line":57,"column":22},"end":{"line":60,"column":3}},"11":{"start":{"line":58,"column":4},"end":{"line":58,"column":50}},"12":{"start":{"line":59,"column":4},"end":{"line":59,"column":46}},"13":{"start":{"line":64,"column":4},"end":{"line":64,"column":43}},"14":{"start":{"line":68,"column":4},"end":{"line":68,"column":37}},"15":{"start":{"line":74,"column":4},"end":{"line":74,"column":41}},"16":{"start":{"line":79,"column":4},"end":{"line":79,"column":41}},"17":{"start":{"line":80,"column":4},"end":{"line":80,"column":35}},"18":{"start":{"line":81,"column":4},"end":{"line":81,"column":41}},"19":{"start":{"line":85,"column":4},"end":{"line":227,"column":5}},"20":{"start":{"line":95,"column":29},"end":{"line":95,"column":54}},"21":{"start":{"line":105,"column":29},"end":{"line":105,"column":48}},"22":{"start":{"line":132,"column":32},"end":{"line":132,"column":61}},"23":{"start":{"line":135,"column":29},"end":{"line":135,"column":58}},"24":{"start":{"line":145,"column":16},"end":{"line":145,"column":53}},"25":{"start":{"line":153,"column":16},"end":{"line":153,"column":47}},"26":{"start":{"line":161,"column":16},"end":{"line":161,"column":53}},"27":{"start":{"line":177,"column":29},"end":{"line":177,"column":75}},"28":{"start":{"line":181,"column":29},"end":{"line":181,"column":55}},"29":{"start":{"line":182,"column":36},"end":{"line":189,"column":15}},"30":{"start":{"line":201,"column":32},"end":{"line":201,"column":58}},"31":{"start":{"line":204,"column":29},"end":{"line":204,"column":55}},"32":{"start":{"line":249,"column":15},"end":{"line":460,"column":2}}},"fnMap":{"0":{"name":"(anonymous_0)","decl":{"start":{"line":30,"column":2},"end":{"line":30,"column":3}},"loc":{"start":{"line":30,"column":21},"end":{"line":43,"column":3}},"line":30},"1":{"name":"(anonymous_1)","decl":{"start":{"line":46,"column":12},"end":{"line":46,"column":13}},"loc":{"start":{"line":46,"column":24},"end":{"line":54,"column":3}},"line":46},"2":{"name":"(anonymous_2)","decl":{"start":{"line":57,"column":22},"end":{"line":57,"column":23}},"loc":{"start":{"line":57,"column":39},"end":{"line":60,"column":3}},"line":57},"3":{"name":"(anonymous_3)","decl":{"start":{"line":63,"column":2},"end":{"line":63,"column":3}},"loc":{"start":{"line":63,"column":24},"end":{"line":65,"column":3}},"line":63},"4":{"name":"(anonymous_4)","decl":{"start":{"line":67,"column":2},"end":{"line":67,"column":3}},"loc":{"start":{"line":67,"column":18},"end":{"line":69,"column":3}},"line":67},"5":{"name":"(anonymous_5)","decl":{"start":{"line":72,"column":2},"end":{"line":72,"column":3}},"loc":{"start":{"line":72,"column":24},"end":{"line":75,"column":3}},"line":72},"6":{"name":"(anonymous_6)","decl":{"start":{"line":78,"column":2},"end":{"line":78,"column":3}},"loc":{"start":{"line":78,"column":24},"end":{"line":82,"column":3}},"line":78},"7":{"name":"(anonymous_7)","decl":{"start":{"line":84,"column":2},"end":{"line":84,"column":3}},"loc":{"start":{"line":84,"column":11},"end":{"line":228,"column":3}},"line":84},"8":{"name":"(anonymous_8)","decl":{"start":{"line":95,"column":23},"end":{"line":95,"column":24}},"loc":{"start":{"line":95,"column":29},"end":{"line":95,"column":54}},"line":95},"9":{"name":"(anonymous_9)","decl":{"start":{"line":105,"column":23},"end":{"line":105,"column":24}},"loc":{"start":{"line":105,"column":29},"end":{"line":105,"column":48}},"line":105},"10":{"name":"(anonymous_10)","decl":{"start":{"line":132,"column":26},"end":{"line":132,"column":27}},"loc":{"start":{"line":132,"column":32},"end":{"line":132,"column":61}},"line":132},"11":{"name":"(anonymous_11)","decl":{"start":{"line":135,"column":23},"end":{"line":135,"column":24}},"loc":{"start":{"line":135,"column":29},"end":{"line":135,"column":58}},"line":135},"12":{"name":"(anonymous_12)","decl":{"start":{"line":144,"column":28},"end":{"line":144,"column":29}},"loc":{"start":{"line":145,"column":16},"end":{"line":145,"column":53}},"line":145},"13":{"name":"(anonymous_13)","decl":{"start":{"line":152,"column":28},"end":{"line":152,"column":29}},"loc":{"start":{"line":153,"column":16},"end":{"line":153,"column":47}},"line":153},"14":{"name":"(anonymous_14)","decl":{"start":{"line":160,"column":28},"end":{"line":160,"column":29}},"loc":{"start":{"line":161,"column":16},"end":{"line":161,"column":53}},"line":161},"15":{"name":"(anonymous_15)","decl":{"start":{"line":177,"column":23},"end":{"line":177,"column":24}},"loc":{"start":{"line":177,"column":29},"end":{"line":177,"column":75}},"line":177},"16":{"name":"(anonymous_16)","decl":{"start":{"line":181,"column":23},"end":{"line":181,"column":24}},"loc":{"start":{"line":181,"column":29},"end":{"line":181,"column":55}},"line":181},"17":{"name":"(anonymous_17)","decl":{"start":{"line":182,"column":21},"end":{"line":182,"column":22}},"loc":{"start":{"line":182,"column":36},"end":{"line":189,"column":15}},"line":182},"18":{"name":"(anonymous_18)","decl":{"start":{"line":201,"column":26},"end":{"line":201,"column":27}},"loc":{"start":{"line":201,"column":32},"end":{"line":201,"column":58}},"line":201},"19":{"name":"(anonymous_19)","decl":{"start":{"line":204,"column":23},"end":{"line":204,"column":24}},"loc":{"start":{"line":204,"column":29},"end":{"line":204,"column":55}},"line":204}},"branchMap":{"0":{"loc":{"start":{"line":184,"column":35},"end":{"line":186,"column":38}},"type":"cond-expr","locations":[{"start":{"line":185,"column":22},"end":{"line":185,"column":39}},{"start":{"line":186,"column":22},"end":{"line":186,"column":38}}],"line":184},"1":{"loc":{"start":{"line":254,"column":15},"end":{"line":254,"column":55}},"type":"cond-expr","locations":[{"start":{"line":254,"column":43},"end":{"line":254,"column":48}},{"start":{"line":254,"column":51},"end":{"line":254,"column":55}}],"line":254}},"s":{"0":1,"1":1,"2":1,"3":1,"4":1,"5":0,"6":0,"7":0,"8":0,"9":0,"10":1,"11":0,"12":0,"13":0,"14":0,"15":0,"16":0,"17":0,"18":0,"19":1,"20":0,"21":0,"22":0,"23":0,"24":0,"25":0,"26":0,"27":0,"28":0,"29":0,"30":0,"31":0,"32":1},"f":{"0":1,"1":1,"2":0,"3":0,"4":0,"5":0,"6":0,"7":1,"8":0,"9":0,"10":0,"11":0,"12":0,"13":0,"14":0,"15":0,"16":0,"17":0,"18":0,"19":0},"b":{"0":[0,0],"1":[0,1]},"_coverageSchema":"1a1c01bbd47fc00a2c39e90264f33305004495a9","hash":"86e5a1bd861d5b15dfce344da45560a4de92c4ab"}
,"C:\\Users\\finnj\\OneDrive\\Desktop\\Waste-Watchers\\Kayak-Develompent-Capstone\\food-waste-tracker\\src\\Pages\\LeaderboardPage.js": {"path":"C:\\Users\\finnj\\OneDrive\\Desktop\\Waste-Watchers\\Kayak-Develompent-Capstone\\food-waste-tracker\\src\\Pages\\LeaderboardPage.js","statementMap":{"0":{"start":{"line":9,"column":4},"end":{"line":9,"column":16}},"1":{"start":{"line":10,"column":4},"end":{"line":12,"column":5}},"2":{"start":{"line":18,"column":4},"end":{"line":18,"column":38}},"3":{"start":{"line":23,"column":4},"end":{"line":23,"column":22}},"4":{"start":{"line":24,"column":4},"end":{"line":26,"column":6}},"5":{"start":{"line":25,"column":6},"end":{"line":25,"column":30}},"6":{"start":{"line":27,"column":4},"end":{"line":27,"column":22}},"7":{"start":{"line":28,"column":4},"end":{"line":28,"column":16}},"8":{"start":{"line":32,"column":22},"end":{"line":32,"column":53}},"9":{"start":{"line":33,"column":23},"end":{"line":33,"column":55}},"10":{"start":{"line":35,"column":4},"end":{"line":79,"column":5}},"11":{"start":{"line":52,"column":29},"end":{"line":52,"column":50}},"12":{"start":{"line":67,"column":29},"end":{"line":67,"column":50}},"13":{"start":{"line":83,"column":15},"end":{"line":146,"column":2}}},"fnMap":{"0":{"name":"(anonymous_0)","decl":{"start":{"line":8,"column":2},"end":{"line":8,"column":3}},"loc":{"start":{"line":8,"column":21},"end":{"line":13,"column":3}},"line":8},"1":{"name":"(anonymous_1)","decl":{"start":{"line":17,"column":2},"end":{"line":17,"column":3}},"loc":{"start":{"line":17,"column":23},"end":{"line":19,"column":3}},"line":17},"2":{"name":"(anonymous_2)","decl":{"start":{"line":22,"column":2},"end":{"line":22,"column":3}},"loc":{"start":{"line":22,"column":29},"end":{"line":29,"column":3}},"line":22},"3":{"name":"(anonymous_3)","decl":{"start":{"line":24,"column":15},"end":{"line":24,"column":16}},"loc":{"start":{"line":24,"column":31},"end":{"line":26,"column":5}},"line":24},"4":{"name":"(anonymous_4)","decl":{"start":{"line":31,"column":2},"end":{"line":31,"column":3}},"loc":{"start":{"line":31,"column":11},"end":{"line":80,"column":3}},"line":31},"5":{"name":"(anonymous_5)","decl":{"start":{"line":52,"column":23},"end":{"line":52,"column":24}},"loc":{"start":{"line":52,"column":29},"end":{"line":52,"column":50}},"line":52},"6":{"name":"(anonymous_6)","decl":{"start":{"line":67,"column":23},"end":{"line":67,"column":24}},"loc":{"start":{"line":67,"column":29},"end":{"line":67,"column":50}},"line":67}},"branchMap":{"0":{"loc":{"start":{"line":47,"column":20},"end":{"line":49,"column":41}},"type":"cond-expr","locations":[{"start":{"line":48,"column":24},"end":{"line":48,"column":40}},{"start":{"line":49,"column":24},"end":{"line":49,"column":41}}],"line":47},"1":{"loc":{"start":{"line":62,"column":20},"end":{"line":64,"column":41}},"type":"cond-expr","locations":[{"start":{"line":63,"column":24},"end":{"line":63,"column":40}},{"start":{"line":64,"column":24},"end":{"line":64,"column":41}}],"line":62},"2":{"loc":{"start":{"line":75,"column":11},"end":{"line":75,"column":74}},"type":"binary-expr","locations":[{"start":{"line":75,"column":11},"end":{"line":75,"column":38}},{"start":{"line":75,"column":42},"end":{"line":75,"column":74}}],"line":75},"3":{"loc":{"start":{"line":76,"column":11},"end":{"line":76,"column":75}},"type":"binary-expr","locations":[{"start":{"line":76,"column":11},"end":{"line":76,"column":38}},{"start":{"line":76,"column":42},"end":{"line":76,"column":75}}],"line":76},"4":{"loc":{"start":{"line":88,"column":15},"end":{"line":88,"column":55}},"type":"cond-expr","locations":[{"start":{"line":88,"column":43},"end":{"line":88,"column":48}},{"start":{"line":88,"column":51},"end":{"line":88,"column":55}}],"line":88}},"s":{"0":1,"1":1,"2":0,"3":2,"4":2,"5":85,"6":2,"7":2,"8":1,"9":1,"10":1,"11":0,"12":0,"13":1},"f":{"0":1,"1":0,"2":2,"3":85,"4":1,"5":0,"6":0},"b":{"0":[1,0],"1":[0,1],"2":[1,1],"3":[1,0],"4":[0,1]},"_coverageSchema":"1a1c01bbd47fc00a2c39e90264f33305004495a9","hash":"ba2810c7627dc19085c663ce2f60cca170e60856"}
,"C:\\Users\\finnj\\OneDrive\\Desktop\\Waste-Watchers\\Kayak-Develompent-Capstone\\food-waste-tracker\\src\\Pages\\LoginPage.js": {"path":"C:\\Users\\finnj\\OneDrive\\Desktop\\Waste-Watchers\\Kayak-Develompent-Capstone\\food-waste-tracker\\src\\Pages\\LoginPage.js","statementMap":{"0":{"start":{"line":22,"column":4},"end":{"line":22,"column":16}},"1":{"start":{"line":23,"column":4},"end":{"line":27,"column":5}},"2":{"start":{"line":31,"column":10},"end":{"line":49,"column":3}},"3":{"start":{"line":32,"column":4},"end":{"line":48,"column":5}},"4":{"start":{"line":33,"column":6},"end":{"line":33,"column":65}},"5":{"start":{"line":34,"column":20},"end":{"line":34,"column":58}},"6":{"start":{"line":35,"column":6},"end":{"line":35,"column":35}},"7":{"start":{"line":37,"column":6},"end":{"line":37,"column":22}},"8":{"start":{"line":39,"column":29},"end":{"line":39,"column":50}},"9":{"start":{"line":40,"column":6},"end":{"line":40,"column":33}},"10":{"start":{"line":41,"column":6},"end":{"line":47,"column":7}},"11":{"start":{"line":42,"column":8},"end":{"line":42,"column":39}},"12":{"start":{"line":44,"column":8},"end":{"line":46,"column":9}},"13":{"start":{"line":52,"column":13},"end":{"line":66,"column":3}},"14":{"start":{"line":54,"column":4},"end":{"line":64,"column":6}},"15":{"start":{"line":63,"column":6},"end":{"line":63,"column":27}},"16":{"start":{"line":65,"column":4},"end":{"line":65,"column":16}},"17":{"start":{"line":70,"column":25},"end":{"line":70,"column":35}},"18":{"start":{"line":71,"column":4},"end":{"line":128,"column":5}},"19":{"start":{"line":84,"column":18},"end":{"line":84,"column":50}},"20":{"start":{"line":92,"column":18},"end":{"line":92,"column":50}},"21":{"start":{"line":95,"column":31},"end":{"line":95,"column":68}},"22":{"start":{"line":101,"column":38},"end":{"line":108,"column":17}},"23":{"start":{"line":109,"column":31},"end":{"line":109,"column":53}},"24":{"start":{"line":132,"column":15},"end":{"line":211,"column":2}}},"fnMap":{"0":{"name":"(anonymous_0)","decl":{"start":{"line":21,"column":2},"end":{"line":21,"column":3}},"loc":{"start":{"line":21,"column":21},"end":{"line":28,"column":3}},"line":21},"1":{"name":"(anonymous_1)","decl":{"start":{"line":31,"column":10},"end":{"line":31,"column":11}},"loc":{"start":{"line":31,"column":32},"end":{"line":49,"column":3}},"line":31},"2":{"name":"(anonymous_2)","decl":{"start":{"line":52,"column":13},"end":{"line":52,"column":14}},"loc":{"start":{"line":52,"column":25},"end":{"line":66,"column":3}},"line":52},"3":{"name":"(anonymous_3)","decl":{"start":{"line":61,"column":12},"end":{"line":61,"column":13}},"loc":{"start":{"line":61,"column":32},"end":{"line":64,"column":5}},"line":61},"4":{"name":"(anonymous_4)","decl":{"start":{"line":68,"column":2},"end":{"line":68,"column":3}},"loc":{"start":{"line":68,"column":11},"end":{"line":129,"column":3}},"line":68},"5":{"name":"(anonymous_5)","decl":{"start":{"line":83,"column":30},"end":{"line":83,"column":31}},"loc":{"start":{"line":83,"column":41},"end":{"line":85,"column":17}},"line":83},"6":{"name":"(anonymous_6)","decl":{"start":{"line":91,"column":30},"end":{"line":91,"column":31}},"loc":{"start":{"line":91,"column":41},"end":{"line":93,"column":17}},"line":91},"7":{"name":"(anonymous_7)","decl":{"start":{"line":95,"column":25},"end":{"line":95,"column":26}},"loc":{"start":{"line":95,"column":31},"end":{"line":95,"column":68}},"line":95},"8":{"name":"(anonymous_8)","decl":{"start":{"line":101,"column":23},"end":{"line":101,"column":24}},"loc":{"start":{"line":101,"column":38},"end":{"line":108,"column":17}},"line":101},"9":{"name":"(anonymous_9)","decl":{"start":{"line":109,"column":25},"end":{"line":109,"column":26}},"loc":{"start":{"line":109,"column":31},"end":{"line":109,"column":53}},"line":109}},"branchMap":{"0":{"loc":{"start":{"line":41,"column":6},"end":{"line":47,"column":7}},"type":"if","locations":[{"start":{"line":41,"column":6},"end":{"line":47,"column":7}},{"start":{"line":43,"column":13},"end":{"line":47,"column":7}}],"line":41},"1":{"loc":{"start":{"line":103,"column":37},"end":{"line":105,"column":40}},"type":"cond-expr","locations":[{"start":{"line":104,"column":24},"end":{"line":104,"column":41}},{"start":{"line":105,"column":24},"end":{"line":105,"column":40}}],"line":103}},"s":{"0":1,"1":1,"2":1,"3":0,"4":0,"5":0,"6":0,"7":0,"8":0,"9":0,"10":0,"11":0,"12":0,"13":1,"14":0,"15":0,"16":0,"17":1,"18":1,"19":0,"20":0,"21":0,"22":1,"23":0,"24":1},"f":{"0":1,"1":0,"2":0,"3":0,"4":1,"5":0,"6":0,"7":0,"8":1,"9":0},"b":{"0":[0,0],"1":[0,1]},"_coverageSchema":"1a1c01bbd47fc00a2c39e90264f33305004495a9","hash":"6a997a8cf311e55b61c3f5656f4e27785c349862"}
,"C:\\Users\\finnj\\OneDrive\\Desktop\\Waste-Watchers\\Kayak-Develompent-Capstone\\food-waste-tracker\\src\\Pages\\LogoutPage.js": {"path":"C:\\Users\\finnj\\OneDrive\\Desktop\\Waste-Watchers\\Kayak-Develompent-Capstone\\food-waste-tracker\\src\\Pages\\LogoutPage.js","statementMap":{"0":{"start":{"line":23,"column":4},"end":{"line":23,"column":16}},"1":{"start":{"line":25,"column":4},"end":{"line":32,"column":5}},"2":{"start":{"line":37,"column":4},"end":{"line":37,"column":42}},"3":{"start":{"line":43,"column":4},"end":{"line":43,"column":41}},"4":{"start":{"line":49,"column":18},"end":{"line":81,"column":3}},"5":{"start":{"line":51,"column":26},"end":{"line":51,"column":56}},"6":{"start":{"line":52,"column":23},"end":{"line":52,"column":40}},"7":{"start":{"line":53,"column":26},"end":{"line":53,"column":46}},"8":{"start":{"line":54,"column":25},"end":{"line":54,"column":44}},"9":{"start":{"line":57,"column":4},"end":{"line":77,"column":5}},"10":{"start":{"line":61,"column":6},"end":{"line":72,"column":8}},"11":{"start":{"line":70,"column":8},"end":{"line":70,"column":34}},"12":{"start":{"line":71,"column":8},"end":{"line":71,"column":29}},"13":{"start":{"line":74,"column":6},"end":{"line":76,"column":7}},"14":{"start":{"line":75,"column":8},"end":{"line":75,"column":39}},"15":{"start":{"line":79,"column":4},"end":{"line":79,"column":63}},"16":{"start":{"line":80,"column":4},"end":{"line":80,"column":63}},"17":{"start":{"line":85,"column":4},"end":{"line":90,"column":5}},"18":{"start":{"line":86,"column":6},"end":{"line":86,"column":55}},"19":{"start":{"line":87,"column":6},"end":{"line":87,"column":18}},"20":{"start":{"line":89,"column":6},"end":{"line":89,"column":17}},"21":{"start":{"line":95,"column":4},"end":{"line":100,"column":5}},"22":{"start":{"line":96,"column":6},"end":{"line":96,"column":68}},"23":{"start":{"line":97,"column":6},"end":{"line":97,"column":18}},"24":{"start":{"line":99,"column":6},"end":{"line":99,"column":17}},"25":{"start":{"line":106,"column":4},"end":{"line":142,"column":5}},"26":{"start":{"line":107,"column":6},"end":{"line":107,"column":78}},"27":{"start":{"line":108,"column":6},"end":{"line":108,"column":18}},"28":{"start":{"line":109,"column":11},"end":{"line":142,"column":5}},"29":{"start":{"line":110,"column":6},"end":{"line":110,"column":59}},"30":{"start":{"line":111,"column":6},"end":{"line":111,"column":18}},"31":{"start":{"line":112,"column":11},"end":{"line":142,"column":5}},"32":{"start":{"line":121,"column":6},"end":{"line":124,"column":7}},"33":{"start":{"line":125,"column":11},"end":{"line":142,"column":5}},"34":{"start":{"line":126,"column":6},"end":{"line":126,"column":70}},"35":{"start":{"line":127,"column":6},"end":{"line":127,"column":18}},"36":{"start":{"line":128,"column":11},"end":{"line":142,"column":5}},"37":{"start":{"line":129,"column":6},"end":{"line":129,"column":70}},"38":{"start":{"line":130,"column":6},"end":{"line":130,"column":18}},"39":{"start":{"line":131,"column":11},"end":{"line":142,"column":5}},"40":{"start":{"line":132,"column":6},"end":{"line":132,"column":61}},"41":{"start":{"line":133,"column":6},"end":{"line":133,"column":18}},"42":{"start":{"line":134,"column":11},"end":{"line":142,"column":5}},"43":{"start":{"line":135,"column":6},"end":{"line":138,"column":7}},"44":{"start":{"line":139,"column":6},"end":{"line":139,"column":18}},"45":{"start":{"line":141,"column":6},"end":{"line":141,"column":17}},"46":{"start":{"line":147,"column":4},"end":{"line":152,"column":5}},"47":{"start":{"line":148,"column":6},"end":{"line":148,"column":52}},"48":{"start":{"line":149,"column":6},"end":{"line":149,"column":18}},"49":{"start":{"line":151,"column":6},"end":{"line":151,"column":17}},"50":{"start":{"line":157,"column":25},"end":{"line":157,"column":35}},"51":{"start":{"line":158,"column":4},"end":{"line":299,"column":5}},"52":{"start":{"line":166,"column":32},"end":{"line":171,"column":11}},"53":{"start":{"line":173,"column":12},"end":{"line":173,"column":38}},"54":{"start":{"line":183,"column":25},"end":{"line":183,"column":57}},"55":{"start":{"line":194,"column":12},"end":{"line":194,"column":39}},"56":{"start":{"line":195,"column":12},"end":{"line":195,"column":38}},"57":{"start":{"line":200,"column":14},"end":{"line":200,"column":41}},"58":{"start":{"line":201,"column":14},"end":{"line":201,"column":40}},"59":{"start":{"line":214,"column":22},"end":{"line":214,"column":56}},"60":{"start":{"line":225,"column":22},"end":{"line":225,"column":62}},"61":{"start":{"line":235,"column":22},"end":{"line":235,"column":56}},"62":{"start":{"line":246,"column":22},"end":{"line":246,"column":62}},"63":{"start":{"line":277,"column":33},"end":{"line":277,"column":79}},"64":{"start":{"line":283,"column":33},"end":{"line":283,"column":63}},"65":{"start":{"line":284,"column":40},"end":{"line":291,"column":19}},"66":{"start":{"line":304,"column":15},"end":{"line":413,"column":2}}},"fnMap":{"0":{"name":"(anonymous_0)","decl":{"start":{"line":22,"column":2},"end":{"line":22,"column":3}},"loc":{"start":{"line":22,"column":21},"end":{"line":33,"column":3}},"line":22},"1":{"name":"(anonymous_1)","decl":{"start":{"line":36,"column":2},"end":{"line":36,"column":3}},"loc":{"start":{"line":36,"column":27},"end":{"line":38,"column":3}},"line":36},"2":{"name":"(anonymous_2)","decl":{"start":{"line":41,"column":2},"end":{"line":41,"column":3}},"loc":{"start":{"line":41,"column":24},"end":{"line":44,"column":3}},"line":41},"3":{"name":"(anonymous_3)","decl":{"start":{"line":49,"column":18},"end":{"line":49,"column":19}},"loc":{"start":{"line":49,"column":40},"end":{"line":81,"column":3}},"line":49},"4":{"name":"(anonymous_4)","decl":{"start":{"line":69,"column":14},"end":{"line":69,"column":15}},"loc":{"start":{"line":69,"column":34},"end":{"line":72,"column":7}},"line":69},"5":{"name":"(anonymous_5)","decl":{"start":{"line":84,"column":2},"end":{"line":84,"column":3}},"loc":{"start":{"line":84,"column":15},"end":{"line":91,"column":3}},"line":84},"6":{"name":"(anonymous_6)","decl":{"start":{"line":94,"column":2},"end":{"line":94,"column":3}},"loc":{"start":{"line":94,"column":18},"end":{"line":101,"column":3}},"line":94},"7":{"name":"(anonymous_7)","decl":{"start":{"line":104,"column":2},"end":{"line":104,"column":3}},"loc":{"start":{"line":104,"column":28},"end":{"line":143,"column":3}},"line":104},"8":{"name":"(anonymous_8)","decl":{"start":{"line":146,"column":2},"end":{"line":146,"column":3}},"loc":{"start":{"line":146,"column":17},"end":{"line":153,"column":3}},"line":146},"9":{"name":"(anonymous_9)","decl":{"start":{"line":155,"column":2},"end":{"line":155,"column":3}},"loc":{"start":{"line":155,"column":11},"end":{"line":300,"column":3}},"line":155},"10":{"name":"(anonymous_10)","decl":{"start":{"line":166,"column":17},"end":{"line":166,"column":18}},"loc":{"start":{"line":166,"column":32},"end":{"line":171,"column":11}},"line":166},"11":{"name":"(anonymous_11)","decl":{"start":{"line":172,"column":19},"end":{"line":172,"column":20}},"loc":{"start":{"line":172,"column":25},"end":{"line":174,"column":11}},"line":172},"12":{"name":"(anonymous_12)","decl":{"start":{"line":183,"column":19},"end":{"line":183,"column":20}},"loc":{"start":{"line":183,"column":25},"end":{"line":183,"column":57}},"line":183},"13":{"name":"(anonymous_13)","decl":{"start":{"line":193,"column":26},"end":{"line":193,"column":27}},"loc":{"start":{"line":193,"column":32},"end":{"line":196,"column":11}},"line":193},"14":{"name":"(anonymous_14)","decl":{"start":{"line":199,"column":21},"end":{"line":199,"column":22}},"loc":{"start":{"line":199,"column":27},"end":{"line":202,"column":13}},"line":199},"15":{"name":"(anonymous_15)","decl":{"start":{"line":213,"column":34},"end":{"line":213,"column":35}},"loc":{"start":{"line":214,"column":22},"end":{"line":214,"column":56}},"line":214},"16":{"name":"(anonymous_16)","decl":{"start":{"line":224,"column":34},"end":{"line":224,"column":35}},"loc":{"start":{"line":225,"column":22},"end":{"line":225,"column":62}},"line":225},"17":{"name":"(anonymous_17)","decl":{"start":{"line":234,"column":34},"end":{"line":234,"column":35}},"loc":{"start":{"line":235,"column":22},"end":{"line":235,"column":56}},"line":235},"18":{"name":"(anonymous_18)","decl":{"start":{"line":245,"column":34},"end":{"line":245,"column":35}},"loc":{"start":{"line":246,"column":22},"end":{"line":246,"column":62}},"line":246},"19":{"name":"(anonymous_19)","decl":{"start":{"line":277,"column":27},"end":{"line":277,"column":28}},"loc":{"start":{"line":277,"column":33},"end":{"line":277,"column":79}},"line":277},"20":{"name":"(anonymous_20)","decl":{"start":{"line":283,"column":27},"end":{"line":283,"column":28}},"loc":{"start":{"line":283,"column":33},"end":{"line":283,"column":63}},"line":283},"21":{"name":"(anonymous_21)","decl":{"start":{"line":284,"column":25},"end":{"line":284,"column":26}},"loc":{"start":{"line":284,"column":40},"end":{"line":291,"column":19}},"line":284}},"branchMap":{"0":{"loc":{"start":{"line":57,"column":4},"end":{"line":77,"column":5}},"type":"if","locations":[{"start":{"line":57,"column":4},"end":{"line":77,"column":5}},{"start":{},"end":{}}],"line":57},"1":{"loc":{"start":{"line":57,"column":8},"end":{"line":57,"column":68}},"type":"binary-expr","locations":[{"start":{"line":57,"column":8},"end":{"line":57,"column":21}},{"start":{"line":57,"column":25},"end":{"line":57,"column":35}},{"start":{"line":57,"column":39},"end":{"line":57,"column":52}},{"start":{"line":57,"column":56},"end":{"line":57,"column":68}}],"line":57},"2":{"loc":{"start":{"line":74,"column":6},"end":{"line":76,"column":7}},"type":"if","locations":[{"start":{"line":74,"column":6},"end":{"line":76,"column":7}},{"start":{},"end":{}}],"line":74},"3":{"loc":{"start":{"line":85,"column":4},"end":{"line":90,"column":5}},"type":"if","locations":[{"start":{"line":85,"column":4},"end":{"line":90,"column":5}},{"start":{"line":88,"column":11},"end":{"line":90,"column":5}}],"line":85},"4":{"loc":{"start":{"line":95,"column":4},"end":{"line":100,"column":5}},"type":"if","locations":[{"start":{"line":95,"column":4},"end":{"line":100,"column":5}},{"start":{"line":98,"column":11},"end":{"line":100,"column":5}}],"line":95},"5":{"loc":{"start":{"line":106,"column":4},"end":{"line":142,"column":5}},"type":"if","locations":[{"start":{"line":106,"column":4},"end":{"line":142,"column":5}},{"start":{"line":109,"column":11},"end":{"line":142,"column":5}}],"line":106},"6":{"loc":{"start":{"line":109,"column":11},"end":{"line":142,"column":5}},"type":"if","locations":[{"start":{"line":109,"column":11},"end":{"line":142,"column":5}},{"start":{"line":112,"column":11},"end":{"line":142,"column":5}}],"line":109},"7":{"loc":{"start":{"line":112,"column":11},"end":{"line":142,"column":5}},"type":"if","locations":[{"start":{"line":112,"column":11},"end":{"line":142,"column":5}},{"start":{"line":125,"column":11},"end":{"line":142,"column":5}}],"line":112},"8":{"loc":{"start":{"line":114,"column":8},"end":{"line":118,"column":41}},"type":"binary-expr","locations":[{"start":{"line":114,"column":8},"end":{"line":114,"column":41}},{"start":{"line":115,"column":8},"end":{"line":115,"column":41}},{"start":{"line":116,"column":8},"end":{"line":116,"column":41}},{"start":{"line":117,"column":8},"end":{"line":117,"column":41}},{"start":{"line":118,"column":8},"end":{"line":118,"column":41}}],"line":114},"9":{"loc":{"start":{"line":125,"column":11},"end":{"line":142,"column":5}},"type":"if","locations":[{"start":{"line":125,"column":11},"end":{"line":142,"column":5}},{"start":{"line":128,"column":11},"end":{"line":142,"column":5}}],"line":125},"10":{"loc":{"start":{"line":128,"column":11},"end":{"line":142,"column":5}},"type":"if","locations":[{"start":{"line":128,"column":11},"end":{"line":142,"column":5}},{"start":{"line":131,"column":11},"end":{"line":142,"column":5}}],"line":128},"11":{"loc":{"start":{"line":131,"column":11},"end":{"line":142,"column":5}},"type":"if","locations":[{"start":{"line":131,"column":11},"end":{"line":142,"column":5}},{"start":{"line":134,"column":11},"end":{"line":142,"column":5}}],"line":131},"12":{"loc":{"start":{"line":134,"column":11},"end":{"line":142,"column":5}},"type":"if","locations":[{"start":{"line":134,"column":11},"end":{"line":142,"column":5}},{"start":{"line":140,"column":11},"end":{"line":142,"column":5}}],"line":134},"13":{"loc":{"start":{"line":147,"column":4},"end":{"line":152,"column":5}},"type":"if","locations":[{"start":{"line":147,"column":4},"end":{"line":152,"column":5}},{"start":{"line":150,"column":11},"end":{"line":152,"column":5}}],"line":147},"14":{"loc":{"start":{"line":168,"column":31},"end":{"line":168,"column":77}},"type":"cond-expr","locations":[{"start":{"line":168,"column":41},"end":{"line":168,"column":58}},{"start":{"line":168,"column":61},"end":{"line":168,"column":77}}],"line":168},"15":{"loc":{"start":{"line":286,"column":39},"end":{"line":288,"column":42}},"type":"cond-expr","locations":[{"start":{"line":287,"column":26},"end":{"line":287,"column":43}},{"start":{"line":288,"column":26},"end":{"line":288,"column":42}}],"line":286}},"s":{"0":1,"1":1,"2":0,"3":0,"4":1,"5":0,"6":0,"7":0,"8":0,"9":0,"10":0,"11":0,"12":0,"13":0,"14":0,"15":0,"16":0,"17":0,"18":0,"19":0,"20":0,"21":0,"22":0,"23":0,"24":0,"25":0,"26":0,"27":0,"28":0,"29":0,"30":0,"31":0,"32":0,"33":0,"34":0,"35":0,"36":0,"37":0,"38":0,"39":0,"40":0,"41":0,"42":0,"43":0,"44":0,"45":0,"46":0,"47":0,"48":0,"49":0,"50":1,"51":1,"52":1,"53":0,"54":0,"55":0,"56":0,"57":0,"58":0,"59":0,"60":0,"61":0,"62":0,"63":0,"64":0,"65":0,"66":1},"f":{"0":1,"1":0,"2":0,"3":0,"4":0,"5":0,"6":0,"7":0,"8":0,"9":1,"10":1,"11":0,"12":0,"13":0,"14":0,"15":0,"16":0,"17":0,"18":0,"19":0,"20":0,"21":0},"b":{"0":[0,0],"1":[0,0,0,0],"2":[0,0],"3":[0,0],"4":[0,0],"5":[0,0],"6":[0,0],"7":[0,0],"8":[0,0,0,0,0],"9":[0,0],"10":[0,0],"11":[0,0],"12":[0,0],"13":[0,0],"14":[0,1],"15":[0,0]},"_coverageSchema":"1a1c01bbd47fc00a2c39e90264f33305004495a9","hash":"d6c5726aba59d99adab85758930142c8d895d691"}
,"C:\\Users\\finnj\\OneDrive\\Desktop\\Waste-Watchers\\Kayak-Develompent-Capstone\\food-waste-tracker\\src\\Pages\\ProfilePage.js": {"path":"C:\\Users\\finnj\\OneDrive\\Desktop\\Waste-Watchers\\Kayak-Develompent-Capstone\\food-waste-tracker\\src\\Pages\\ProfilePage.js","statementMap":{"0":{"start":{"line":30,"column":4},"end":{"line":30,"column":16}},"1":{"start":{"line":31,"column":4},"end":{"line":39,"column":5}},"2":{"start":{"line":44,"column":4},"end":{"line":44,"column":41}},"3":{"start":{"line":48,"column":4},"end":{"line":48,"column":46}},"4":{"start":{"line":52,"column":4},"end":{"line":52,"column":39}},"5":{"start":{"line":56,"column":4},"end":{"line":56,"column":39}},"6":{"start":{"line":60,"column":21},"end":{"line":60,"column":55}},"7":{"start":{"line":61,"column":22},"end":{"line":61,"column":58}},"8":{"start":{"line":62,"column":4},"end":{"line":64,"column":33}},"9":{"start":{"line":68,"column":4},"end":{"line":270,"column":5}},"10":{"start":{"line":79,"column":29},"end":{"line":79,"column":58}},"11":{"start":{"line":89,"column":36},"end":{"line":89,"column":66}},"12":{"start":{"line":96,"column":35},"end":{"line":96,"column":65}},"13":{"start":{"line":127,"column":27},"end":{"line":127,"column":61}},"14":{"start":{"line":147,"column":34},"end":{"line":147,"column":69}},"15":{"start":{"line":154,"column":33},"end":{"line":154,"column":68}},"16":{"start":{"line":165,"column":27},"end":{"line":165,"column":54}},"17":{"start":{"line":188,"column":34},"end":{"line":188,"column":62}},"18":{"start":{"line":195,"column":33},"end":{"line":195,"column":61}},"19":{"start":{"line":208,"column":27},"end":{"line":208,"column":54}},"20":{"start":{"line":232,"column":34},"end":{"line":232,"column":62}},"21":{"start":{"line":239,"column":33},"end":{"line":239,"column":61}},"22":{"start":{"line":252,"column":27},"end":{"line":252,"column":49}},"23":{"start":{"line":274,"column":15},"end":{"line":397,"column":2}}},"fnMap":{"0":{"name":"(anonymous_0)","decl":{"start":{"line":29,"column":2},"end":{"line":29,"column":3}},"loc":{"start":{"line":29,"column":21},"end":{"line":40,"column":3}},"line":29},"1":{"name":"(anonymous_1)","decl":{"start":{"line":43,"column":2},"end":{"line":43,"column":3}},"loc":{"start":{"line":43,"column":28},"end":{"line":45,"column":3}},"line":43},"2":{"name":"(anonymous_2)","decl":{"start":{"line":47,"column":2},"end":{"line":47,"column":3}},"loc":{"start":{"line":47,"column":33},"end":{"line":49,"column":3}},"line":47},"3":{"name":"(anonymous_3)","decl":{"start":{"line":51,"column":2},"end":{"line":51,"column":3}},"loc":{"start":{"line":51,"column":26},"end":{"line":53,"column":3}},"line":51},"4":{"name":"(anonymous_4)","decl":{"start":{"line":55,"column":2},"end":{"line":55,"column":3}},"loc":{"start":{"line":55,"column":26},"end":{"line":57,"column":3}},"line":55},"5":{"name":"(anonymous_5)","decl":{"start":{"line":59,"column":2},"end":{"line":59,"column":3}},"loc":{"start":{"line":59,"column":20},"end":{"line":65,"column":3}},"line":59},"6":{"name":"(anonymous_6)","decl":{"start":{"line":67,"column":2},"end":{"line":67,"column":3}},"loc":{"start":{"line":67,"column":11},"end":{"line":271,"column":3}},"line":67},"7":{"name":"(anonymous_7)","decl":{"start":{"line":79,"column":23},"end":{"line":79,"column":24}},"loc":{"start":{"line":79,"column":29},"end":{"line":79,"column":58}},"line":79},"8":{"name":"(anonymous_8)","decl":{"start":{"line":89,"column":30},"end":{"line":89,"column":31}},"loc":{"start":{"line":89,"column":36},"end":{"line":89,"column":66}},"line":89},"9":{"name":"(anonymous_9)","decl":{"start":{"line":96,"column":29},"end":{"line":96,"column":30}},"loc":{"start":{"line":96,"column":35},"end":{"line":96,"column":65}},"line":96},"10":{"name":"(anonymous_10)","decl":{"start":{"line":127,"column":21},"end":{"line":127,"column":22}},"loc":{"start":{"line":127,"column":27},"end":{"line":127,"column":61}},"line":127},"11":{"name":"(anonymous_11)","decl":{"start":{"line":147,"column":28},"end":{"line":147,"column":29}},"loc":{"start":{"line":147,"column":34},"end":{"line":147,"column":69}},"line":147},"12":{"name":"(anonymous_12)","decl":{"start":{"line":154,"column":27},"end":{"line":154,"column":28}},"loc":{"start":{"line":154,"column":33},"end":{"line":154,"column":68}},"line":154},"13":{"name":"(anonymous_13)","decl":{"start":{"line":165,"column":21},"end":{"line":165,"column":22}},"loc":{"start":{"line":165,"column":27},"end":{"line":165,"column":54}},"line":165},"14":{"name":"(anonymous_14)","decl":{"start":{"line":188,"column":28},"end":{"line":188,"column":29}},"loc":{"start":{"line":188,"column":34},"end":{"line":188,"column":62}},"line":188},"15":{"name":"(anonymous_15)","decl":{"start":{"line":195,"column":27},"end":{"line":195,"column":28}},"loc":{"start":{"line":195,"column":33},"end":{"line":195,"column":61}},"line":195},"16":{"name":"(anonymous_16)","decl":{"start":{"line":208,"column":21},"end":{"line":208,"column":22}},"loc":{"start":{"line":208,"column":27},"end":{"line":208,"column":54}},"line":208},"17":{"name":"(anonymous_17)","decl":{"start":{"line":232,"column":28},"end":{"line":232,"column":29}},"loc":{"start":{"line":232,"column":34},"end":{"line":232,"column":62}},"line":232},"18":{"name":"(anonymous_18)","decl":{"start":{"line":239,"column":27},"end":{"line":239,"column":28}},"loc":{"start":{"line":239,"column":33},"end":{"line":239,"column":61}},"line":239},"19":{"name":"(anonymous_19)","decl":{"start":{"line":252,"column":21},"end":{"line":252,"column":22}},"loc":{"start":{"line":252,"column":27},"end":{"line":252,"column":49}},"line":252}},"branchMap":{"0":{"loc":{"start":{"line":62,"column":4},"end":{"line":64,"column":33}},"type":"cond-expr","locations":[{"start":{"line":63,"column":8},"end":{"line":63,"column":34}},{"start":{"line":64,"column":8},"end":{"line":64,"column":33}}],"line":62},"1":{"loc":{"start":{"line":310,"column":15},"end":{"line":310,"column":55}},"type":"cond-expr","locations":[{"start":{"line":310,"column":43},"end":{"line":310,"column":48}},{"start":{"line":310,"column":51},"end":{"line":310,"column":55}}],"line":310}},"s":{"0":1,"1":1,"2":0,"3":0,"4":0,"5":0,"6":0,"7":0,"8":0,"9":1,"10":0,"11":0,"12":0,"13":0,"14":0,"15":0,"16":0,"17":0,"18":0,"19":0,"20":0,"21":0,"22":0,"23":1},"f":{"0":1,"1":0,"2":0,"3":0,"4":0,"5":0,"6":1,"7":0,"8":0,"9":0,"10":0,"11":0,"12":0,"13":0,"14":0,"15":0,"16":0,"17":0,"18":0,"19":0},"b":{"0":[0,0],"1":[0,1]},"_coverageSchema":"1a1c01bbd47fc00a2c39e90264f33305004495a9","hash":"0de0328718a8ef7514c08e5c01366e604d00eb6d"}
,"C:\\Users\\finnj\\OneDrive\\Desktop\\Waste-Watchers\\Kayak-Develompent-Capstone\\food-waste-tracker\\src\\Popups\\BadgesPopup.js": {"path":"C:\\Users\\finnj\\OneDrive\\Desktop\\Waste-Watchers\\Kayak-Develompent-Capstone\\food-waste-tracker\\src\\Popups\\BadgesPopup.js","statementMap":{"0":{"start":{"line":9,"column":4},"end":{"line":9,"column":16}},"1":{"start":{"line":13,"column":4},"end":{"line":19,"column":5}},"2":{"start":{"line":23,"column":15},"end":{"line":31,"column":2}}},"fnMap":{"0":{"name":"(anonymous_0)","decl":{"start":{"line":8,"column":2},"end":{"line":8,"column":3}},"loc":{"start":{"line":8,"column":21},"end":{"line":10,"column":3}},"line":8},"1":{"name":"(anonymous_1)","decl":{"start":{"line":12,"column":2},"end":{"line":12,"column":3}},"loc":{"start":{"line":12,"column":11},"end":{"line":20,"column":3}},"line":12}},"branchMap":{},"s":{"0":0,"1":0,"2":1},"f":{"0":0,"1":0},"b":{},"_coverageSchema":"1a1c01bbd47fc00a2c39e90264f33305004495a9","hash":"ddb89ff312436ccefe2f43c0c90f8de5c47f3d73"}
,"C:\\Users\\finnj\\OneDrive\\Desktop\\Waste-Watchers\\Kayak-Develompent-Capstone\\food-waste-tracker\\src\\Popups\\NotificationsPopup.js": {"path":"C:\\Users\\finnj\\OneDrive\\Desktop\\Waste-Watchers\\Kayak-Develompent-Capstone\\food-waste-tracker\\src\\Popups\\NotificationsPopup.js","statementMap":{"0":{"start":{"line":9,"column":4},"end":{"line":9,"column":16}},"1":{"start":{"line":13,"column":4},"end":{"line":31,"column":5}},"2":{"start":{"line":35,"column":15},"end":{"line":50,"column":2}}},"fnMap":{"0":{"name":"(anonymous_0)","decl":{"start":{"line":8,"column":2},"end":{"line":8,"column":3}},"loc":{"start":{"line":8,"column":21},"end":{"line":10,"column":3}},"line":8},"1":{"name":"(anonymous_1)","decl":{"start":{"line":12,"column":2},"end":{"line":12,"column":3}},"loc":{"start":{"line":12,"column":11},"end":{"line":32,"column":3}},"line":12}},"branchMap":{},"s":{"0":0,"1":0,"2":1},"f":{"0":0,"1":0},"b":{},"_coverageSchema":"1a1c01bbd47fc00a2c39e90264f33305004495a9","hash":"7b6e22234248a1b70a42852739e482d26d2fb3b8"}
,"C:\\Users\\finnj\\OneDrive\\Desktop\\Waste-Watchers\\Kayak-Develompent-Capstone\\food-waste-tracker\\src\\Popups\\Popup.js": {"path":"C:\\Users\\finnj\\OneDrive\\Desktop\\Waste-Watchers\\Kayak-Develompent-Capstone\\food-waste-tracker\\src\\Popups\\Popup.js","statementMap":{"0":{"start":{"line":6,"column":4},"end":{"line":6,"column":16}},"1":{"start":{"line":10,"column":4},"end":{"line":14,"column":5}},"2":{"start":{"line":18,"column":15},"end":{"line":32,"column":2}}},"fnMap":{"0":{"name":"(anonymous_0)","decl":{"start":{"line":5,"column":2},"end":{"line":5,"column":3}},"loc":{"start":{"line":5,"column":21},"end":{"line":7,"column":3}},"line":5},"1":{"name":"(anonymous_1)","decl":{"start":{"line":9,"column":2},"end":{"line":9,"column":3}},"loc":{"start":{"line":9,"column":11},"end":{"line":15,"column":3}},"line":9}},"branchMap":{"0":{"loc":{"start":{"line":28,"column":15},"end":{"line":28,"column":56}},"type":"cond-expr","locations":[{"start":{"line":28,"column":43},"end":{"line":28,"column":48}},{"start":{"line":28,"column":51},"end":{"line":28,"column":56}}],"line":28}},"s":{"0":0,"1":0,"2":1},"f":{"0":0,"1":0},"b":{"0":[0,1]},"_coverageSchema":"1a1c01bbd47fc00a2c39e90264f33305004495a9","hash":"91b23a9347cb1b1ed511b3c10a2ad07c95caa390"}
,"C:\\Users\\finnj\\OneDrive\\Desktop\\Waste-Watchers\\Kayak-Develompent-Capstone\\food-waste-tracker\\src\\Popups\\ReferralPopup.js": {"path":"C:\\Users\\finnj\\OneDrive\\Desktop\\Waste-Watchers\\Kayak-Develompent-Capstone\\food-waste-tracker\\src\\Popups\\ReferralPopup.js","statementMap":{"0":{"start":{"line":8,"column":4},"end":{"line":8,"column":16}},"1":{"start":{"line":12,"column":4},"end":{"line":18,"column":5}},"2":{"start":{"line":22,"column":15},"end":{"line":30,"column":2}}},"fnMap":{"0":{"name":"(anonymous_0)","decl":{"start":{"line":7,"column":2},"end":{"line":7,"column":3}},"loc":{"start":{"line":7,"column":21},"end":{"line":9,"column":3}},"line":7},"1":{"name":"(anonymous_1)","decl":{"start":{"line":11,"column":2},"end":{"line":11,"column":3}},"loc":{"start":{"line":11,"column":11},"end":{"line":19,"column":3}},"line":11}},"branchMap":{},"s":{"0":0,"1":0,"2":1},"f":{"0":0,"1":0},"b":{},"_coverageSchema":"1a1c01bbd47fc00a2c39e90264f33305004495a9","hash":"ce86e160410a2351e6808045ffd8caea1491f6a1"}
,"C:\\Users\\finnj\\OneDrive\\Desktop\\Waste-Watchers\\Kayak-Develompent-Capstone\\food-waste-tracker\\src\\Popups\\SettingsPopup.js": {"path":"C:\\Users\\finnj\\OneDrive\\Desktop\\Waste-Watchers\\Kayak-Develompent-Capstone\\food-waste-tracker\\src\\Popups\\SettingsPopup.js","statementMap":{"0":{"start":{"line":9,"column":4},"end":{"line":9,"column":16}},"1":{"start":{"line":10,"column":4},"end":{"line":14,"column":5}},"2":{"start":{"line":19,"column":4},"end":{"line":19,"column":36}},"3":{"start":{"line":23,"column":4},"end":{"line":26,"column":5}},"4":{"start":{"line":24,"column":6},"end":{"line":24,"column":55}},"5":{"start":{"line":25,"column":6},"end":{"line":25,"column":18}},"6":{"start":{"line":27,"column":4},"end":{"line":27,"column":15}},"7":{"start":{"line":31,"column":4},"end":{"line":34,"column":5}},"8":{"start":{"line":32,"column":6},"end":{"line":32,"column":75}},"9":{"start":{"line":33,"column":6},"end":{"line":33,"column":18}},"10":{"start":{"line":35,"column":4},"end":{"line":35,"column":15}},"11":{"start":{"line":39,"column":4},"end":{"line":39,"column":35}},"12":{"start":{"line":43,"column":4},"end":{"line":43,"column":28}},"13":{"start":{"line":48,"column":4},"end":{"line":48,"column":32}},"14":{"start":{"line":52,"column":4},"end":{"line":56,"column":5}},"15":{"start":{"line":60,"column":4},"end":{"line":129,"column":5}},"16":{"start":{"line":71,"column":39},"end":{"line":71,"column":71}},"17":{"start":{"line":83,"column":39},"end":{"line":83,"column":68}},"18":{"start":{"line":84,"column":37},"end":{"line":84,"column":70}},"19":{"start":{"line":96,"column":39},"end":{"line":96,"column":70}},"20":{"start":{"line":97,"column":37},"end":{"line":97,"column":74}},"21":{"start":{"line":133,"column":15},"end":{"line":194,"column":2}}},"fnMap":{"0":{"name":"(anonymous_0)","decl":{"start":{"line":8,"column":2},"end":{"line":8,"column":3}},"loc":{"start":{"line":8,"column":21},"end":{"line":15,"column":3}},"line":8},"1":{"name":"(anonymous_1)","decl":{"start":{"line":18,"column":2},"end":{"line":18,"column":3}},"loc":{"start":{"line":18,"column":24},"end":{"line":20,"column":3}},"line":18},"2":{"name":"(anonymous_2)","decl":{"start":{"line":22,"column":2},"end":{"line":22,"column":3}},"loc":{"start":{"line":22,"column":20},"end":{"line":28,"column":3}},"line":22},"3":{"name":"(anonymous_3)","decl":{"start":{"line":30,"column":2},"end":{"line":30,"column":3}},"loc":{"start":{"line":30,"column":22},"end":{"line":36,"column":3}},"line":30},"4":{"name":"(anonymous_4)","decl":{"start":{"line":38,"column":2},"end":{"line":38,"column":3}},"loc":{"start":{"line":38,"column":26},"end":{"line":40,"column":3}},"line":38},"5":{"name":"(anonymous_5)","decl":{"start":{"line":42,"column":2},"end":{"line":42,"column":3}},"loc":{"start":{"line":42,"column":19},"end":{"line":44,"column":3}},"line":42},"6":{"name":"(anonymous_6)","decl":{"start":{"line":46,"column":2},"end":{"line":46,"column":3}},"loc":{"start":{"line":46,"column":16},"end":{"line":49,"column":3}},"line":46},"7":{"name":"(anonymous_7)","decl":{"start":{"line":51,"column":2},"end":{"line":51,"column":3}},"loc":{"start":{"line":51,"column":18},"end":{"line":57,"column":3}},"line":51},"8":{"name":"(anonymous_8)","decl":{"start":{"line":59,"column":2},"end":{"line":59,"column":3}},"loc":{"start":{"line":59,"column":11},"end":{"line":130,"column":3}},"line":59},"9":{"name":"(anonymous_9)","decl":{"start":{"line":71,"column":28},"end":{"line":71,"column":29}},"loc":{"start":{"line":71,"column":39},"end":{"line":71,"column":71}},"line":71},"10":{"name":"(anonymous_10)","decl":{"start":{"line":83,"column":28},"end":{"line":83,"column":29}},"loc":{"start":{"line":83,"column":39},"end":{"line":83,"column":68}},"line":83},"11":{"name":"(anonymous_11)","decl":{"start":{"line":84,"column":31},"end":{"line":84,"column":32}},"loc":{"start":{"line":84,"column":37},"end":{"line":84,"column":70}},"line":84},"12":{"name":"(anonymous_12)","decl":{"start":{"line":96,"column":28},"end":{"line":96,"column":29}},"loc":{"start":{"line":96,"column":39},"end":{"line":96,"column":70}},"line":96},"13":{"name":"(anonymous_13)","decl":{"start":{"line":97,"column":31},"end":{"line":97,"column":32}},"loc":{"start":{"line":97,"column":37},"end":{"line":97,"column":74}},"line":97}},"branchMap":{"0":{"loc":{"start":{"line":23,"column":4},"end":{"line":26,"column":5}},"type":"if","locations":[{"start":{"line":23,"column":4},"end":{"line":26,"column":5}},{"start":{},"end":{}}],"line":23},"1":{"loc":{"start":{"line":31,"column":4},"end":{"line":34,"column":5}},"type":"if","locations":[{"start":{"line":31,"column":4},"end":{"line":34,"column":5}},{"start":{},"end":{}}],"line":31}},"s":{"0":0,"1":0,"2":0,"3":0,"4":0,"5":0,"6":0,"7":0,"8":0,"9":0,"10":0,"11":0,"12":0,"13":0,"14":0,"15":0,"16":0,"17":0,"18":0,"19":0,"20":0,"21":1},"f":{"0":0,"1":0,"2":0,"3":0,"4":0,"5":0,"6":0,"7":0,"8":0,"9":0,"10":0,"11":0,"12":0,"13":0},"b":{"0":[0,0],"1":[0,0]},"_coverageSchema":"1a1c01bbd47fc00a2c39e90264f33305004495a9","hash":"1c905bac94c1d46b71a73d8e447223e31db4ef8d"}
,"C:\\Users\\finnj\\OneDrive\\Desktop\\Waste-Watchers\\Kayak-Develompent-Capstone\\food-waste-tracker\\src\\Popups\\StreakPopup.js": {"path":"C:\\Users\\finnj\\OneDrive\\Desktop\\Waste-Watchers\\Kayak-Develompent-Capstone\\food-waste-tracker\\src\\Popups\\StreakPopup.js","statementMap":{"0":{"start":{"line":8,"column":4},"end":{"line":8,"column":16}},"1":{"start":{"line":12,"column":4},"end":{"line":40,"column":5}},"2":{"start":{"line":44,"column":15},"end":{"line":71,"column":2}}},"fnMap":{"0":{"name":"(anonymous_0)","decl":{"start":{"line":7,"column":2},"end":{"line":7,"column":3}},"loc":{"start":{"line":7,"column":21},"end":{"line":9,"column":3}},"line":7},"1":{"name":"(anonymous_1)","decl":{"start":{"line":11,"column":2},"end":{"line":11,"column":3}},"loc":{"start":{"line":11,"column":11},"end":{"line":41,"column":3}},"line":11}},"branchMap":{},"s":{"0":0,"1":0,"2":1},"f":{"0":0,"1":0},"b":{},"_coverageSchema":"1a1c01bbd47fc00a2c39e90264f33305004495a9","hash":"a13b7c16f3ed5c2fb79c45a112c920b03511abdb"}
,"C:\\Users\\finnj\\OneDrive\\Desktop\\Waste-Watchers\\Kayak-Develompent-Capstone\\food-waste-tracker\\src\\Popups\\TrackMeal.js": {"path":"C:\\Users\\finnj\\OneDrive\\Desktop\\Waste-Watchers\\Kayak-Develompent-Capstone\\food-waste-tracker\\src\\Popups\\TrackMeal.js","statementMap":{"0":{"start":{"line":18,"column":4},"end":{"line":18,"column":16}},"1":{"start":{"line":20,"column":4},"end":{"line":30,"column":5}},"2":{"start":{"line":35,"column":4},"end":{"line":46,"column":5}},"3":{"start":{"line":36,"column":6},"end":{"line":36,"column":37}},"4":{"start":{"line":37,"column":11},"end":{"line":46,"column":5}},"5":{"start":{"line":43,"column":6},"end":{"line":43,"column":37}},"6":{"start":{"line":45,"column":6},"end":{"line":45,"column":24}},"7":{"start":{"line":50,"column":4},"end":{"line":54,"column":5}},"8":{"start":{"line":51,"column":6},"end":{"line":51,"column":39}},"9":{"start":{"line":53,"column":6},"end":{"line":53,"column":40}},"10":{"start":{"line":55,"column":4},"end":{"line":55,"column":38}},"11":{"start":{"line":59,"column":4},"end":{"line":59,"column":32}},"12":{"start":{"line":60,"column":4},"end":{"line":60,"column":41}},"13":{"start":{"line":61,"column":4},"end":{"line":61,"column":39}},"14":{"start":{"line":62,"column":4},"end":{"line":62,"column":38}},"15":{"start":{"line":63,"column":4},"end":{"line":63,"column":39}},"16":{"start":{"line":64,"column":4},"end":{"line":64,"column":38}},"17":{"start":{"line":68,"column":4},"end":{"line":173,"column":5}},"18":{"start":{"line":79,"column":16},"end":{"line":79,"column":72}},"19":{"start":{"line":92,"column":22},"end":{"line":92,"column":56}},"20":{"start":{"line":104,"column":44},"end":{"line":104,"column":78}},"21":{"start":{"line":119,"column":42},"end":{"line":119,"column":76}},"22":{"start":{"line":135,"column":38},"end":{"line":135,"column":75}},"23":{"start":{"line":147,"column":38},"end":{"line":147,"column":73}},"24":{"start":{"line":157,"column":18},"end":{"line":157,"column":67}},"25":{"start":{"line":163,"column":25},"end":{"line":163,"column":43}},"26":{"start":{"line":164,"column":32},"end":{"line":169,"column":11}},"27":{"start":{"line":178,"column":24},"end":{"line":227,"column":1}},"28":{"start":{"line":229,"column":22},"end":{"line":242,"column":1}},"29":{"start":{"line":244,"column":20},"end":{"line":276,"column":1}},"30":{"start":{"line":278,"column":27},"end":{"line":283,"column":1}},"31":{"start":{"line":285,"column":18},"end":{"line":291,"column":1}},"32":{"start":{"line":292,"column":22},"end":{"line":317,"column":1}},"33":{"start":{"line":318,"column":15},"end":{"line":402,"column":2}}},"fnMap":{"0":{"name":"(anonymous_0)","decl":{"start":{"line":17,"column":2},"end":{"line":17,"column":3}},"loc":{"start":{"line":17,"column":21},"end":{"line":31,"column":3}},"line":17},"1":{"name":"(anonymous_1)","decl":{"start":{"line":34,"column":2},"end":{"line":34,"column":3}},"loc":{"start":{"line":34,"column":19},"end":{"line":47,"column":3}},"line":34},"2":{"name":"(anonymous_2)","decl":{"start":{"line":49,"column":2},"end":{"line":49,"column":3}},"loc":{"start":{"line":49,"column":19},"end":{"line":56,"column":3}},"line":49},"3":{"name":"(anonymous_3)","decl":{"start":{"line":58,"column":2},"end":{"line":58,"column":3}},"loc":{"start":{"line":58,"column":16},"end":{"line":65,"column":3}},"line":58},"4":{"name":"(anonymous_4)","decl":{"start":{"line":67,"column":2},"end":{"line":67,"column":3}},"loc":{"start":{"line":67,"column":11},"end":{"line":174,"column":3}},"line":67},"5":{"name":"(anonymous_5)","decl":{"start":{"line":78,"column":28},"end":{"line":78,"column":29}},"loc":{"start":{"line":78,"column":46},"end":{"line":80,"column":15}},"line":78},"6":{"name":"(anonymous_6)","decl":{"start":{"line":91,"column":34},"end":{"line":91,"column":35}},"loc":{"start":{"line":92,"column":22},"end":{"line":92,"column":56}},"line":92},"7":{"name":"(anonymous_7)","decl":{"start":{"line":104,"column":33},"end":{"line":104,"column":34}},"loc":{"start":{"line":104,"column":44},"end":{"line":104,"column":78}},"line":104},"8":{"name":"(anonymous_8)","decl":{"start":{"line":119,"column":31},"end":{"line":119,"column":32}},"loc":{"start":{"line":119,"column":42},"end":{"line":119,"column":76}},"line":119},"9":{"name":"(anonymous_9)","decl":{"start":{"line":135,"column":27},"end":{"line":135,"column":28}},"loc":{"start":{"line":135,"column":38},"end":{"line":135,"column":75}},"line":135},"10":{"name":"(anonymous_10)","decl":{"start":{"line":147,"column":27},"end":{"line":147,"column":28}},"loc":{"start":{"line":147,"column":38},"end":{"line":147,"column":73}},"line":147},"11":{"name":"(anonymous_11)","decl":{"start":{"line":156,"column":26},"end":{"line":156,"column":27}},"loc":{"start":{"line":156,"column":44},"end":{"line":158,"column":17}},"line":156},"12":{"name":"(anonymous_12)","decl":{"start":{"line":163,"column":19},"end":{"line":163,"column":20}},"loc":{"start":{"line":163,"column":25},"end":{"line":163,"column":43}},"line":163},"13":{"name":"(anonymous_13)","decl":{"start":{"line":164,"column":17},"end":{"line":164,"column":18}},"loc":{"start":{"line":164,"column":32},"end":{"line":169,"column":11}},"line":164}},"branchMap":{"0":{"loc":{"start":{"line":35,"column":4},"end":{"line":46,"column":5}},"type":"if","locations":[{"start":{"line":35,"column":4},"end":{"line":46,"column":5}},{"start":{"line":37,"column":11},"end":{"line":46,"column":5}}],"line":35},"1":{"loc":{"start":{"line":37,"column":11},"end":{"line":46,"column":5}},"type":"if","locations":[{"start":{"line":37,"column":11},"end":{"line":46,"column":5}},{"start":{"line":44,"column":11},"end":{"line":46,"column":5}}],"line":37},"2":{"loc":{"start":{"line":38,"column":6},"end":{"line":41,"column":26}},"type":"binary-expr","locations":[{"start":{"line":38,"column":6},"end":{"line":38,"column":23}},{"start":{"line":39,"column":6},"end":{"line":39,"column":22}},{"start":{"line":40,"column":6},"end":{"line":40,"column":27}},{"start":{"line":41,"column":6},"end":{"line":41,"column":26}}],"line":38},"3":{"loc":{"start":{"line":50,"column":4},"end":{"line":54,"column":5}},"type":"if","locations":[{"start":{"line":50,"column":4},"end":{"line":54,"column":5}},{"start":{"line":52,"column":11},"end":{"line":54,"column":5}}],"line":50},"4":{"loc":{"start":{"line":166,"column":31},"end":{"line":166,"column":77}},"type":"cond-expr","locations":[{"start":{"line":166,"column":41},"end":{"line":166,"column":58}},{"start":{"line":166,"column":61},"end":{"line":166,"column":77}}],"line":166}},"s":{"0":0,"1":0,"2":0,"3":0,"4":0,"5":0,"6":0,"7":0,"8":0,"9":0,"10":0,"11":0,"12":0,"13":0,"14":0,"15":0,"16":0,"17":0,"18":0,"19":0,"20":0,"21":0,"22":0,"23":0,"24":0,"25":0,"26":0,"27":1,"28":1,"29":1,"30":1,"31":1,"32":1,"33":1},"f":{"0":0,"1":0,"2":0,"3":0,"4":0,"5":0,"6":0,"7":0,"8":0,"9":0,"10":0,"11":0,"12":0,"13":0},"b":{"0":[0,0],"1":[0,0],"2":[0,0,0,0],"3":[0,0],"4":[0,0]},"_coverageSchema":"1a1c01bbd47fc00a2c39e90264f33305004495a9","hash":"db8b9696e41abf76f32becfeb48d59b963faddcc"}
,"C:\\Users\\finnj\\OneDrive\\Desktop\\Waste-Watchers\\Kayak-Develompent-Capstone\\food-waste-tracker\\src\\Popups\\TrackWaste.js": {"path":"C:\\Users\\finnj\\OneDrive\\Desktop\\Waste-Watchers\\Kayak-Develompent-Capstone\\food-waste-tracker\\src\\Popups\\TrackWaste.js","statementMap":{"0":{"start":{"line":10,"column":4},"end":{"line":10,"column":16}},"1":{"start":{"line":11,"column":4},"end":{"line":14,"column":5}},"2":{"start":{"line":20,"column":4},"end":{"line":20,"column":64}},"3":{"start":{"line":22,"column":4},"end":{"line":24,"column":6}},"4":{"start":{"line":25,"column":4},"end":{"line":25,"column":37}},"5":{"start":{"line":29,"column":4},"end":{"line":54,"column":5}},"6":{"start":{"line":33,"column":12},"end":{"line":33,"column":56}},"7":{"start":{"line":36,"column":58},"end":{"line":36,"column":73}},"8":{"start":{"line":43,"column":25},"end":{"line":43,"column":43}},"9":{"start":{"line":44,"column":32},"end":{"line":50,"column":11}},"10":{"start":{"line":58,"column":15},"end":{"line":90,"column":2}}},"fnMap":{"0":{"name":"(anonymous_0)","decl":{"start":{"line":9,"column":2},"end":{"line":9,"column":3}},"loc":{"start":{"line":9,"column":21},"end":{"line":15,"column":3}},"line":9},"1":{"name":"(anonymous_1)","decl":{"start":{"line":17,"column":2},"end":{"line":17,"column":3}},"loc":{"start":{"line":17,"column":16},"end":{"line":17,"column":18}},"line":17},"2":{"name":"(anonymous_2)","decl":{"start":{"line":19,"column":2},"end":{"line":19,"column":3}},"loc":{"start":{"line":19,"column":13},"end":{"line":26,"column":3}},"line":19},"3":{"name":"(anonymous_3)","decl":{"start":{"line":28,"column":2},"end":{"line":28,"column":3}},"loc":{"start":{"line":28,"column":11},"end":{"line":55,"column":3}},"line":28},"4":{"name":"(anonymous_4)","decl":{"start":{"line":32,"column":36},"end":{"line":32,"column":37}},"loc":{"start":{"line":32,"column":47},"end":{"line":34,"column":11}},"line":32},"5":{"name":"(anonymous_5)","decl":{"start":{"line":36,"column":52},"end":{"line":36,"column":53}},"loc":{"start":{"line":36,"column":58},"end":{"line":36,"column":73}},"line":36},"6":{"name":"(anonymous_6)","decl":{"start":{"line":43,"column":19},"end":{"line":43,"column":20}},"loc":{"start":{"line":43,"column":25},"end":{"line":43,"column":43}},"line":43},"7":{"name":"(anonymous_7)","decl":{"start":{"line":44,"column":17},"end":{"line":44,"column":18}},"loc":{"start":{"line":44,"column":32},"end":{"line":50,"column":11}},"line":44}},"branchMap":{"0":{"loc":{"start":{"line":46,"column":25},"end":{"line":46,"column":71}},"type":"cond-expr","locations":[{"start":{"line":46,"column":58},"end":{"line":46,"column":63}},{"start":{"line":46,"column":66},"end":{"line":46,"column":71}}],"line":46},"1":{"loc":{"start":{"line":47,"column":31},"end":{"line":47,"column":77}},"type":"cond-expr","locations":[{"start":{"line":47,"column":41},"end":{"line":47,"column":58}},{"start":{"line":47,"column":61},"end":{"line":47,"column":77}}],"line":47}},"s":{"0":0,"1":0,"2":0,"3":0,"4":0,"5":0,"6":0,"7":0,"8":0,"9":0,"10":1},"f":{"0":0,"1":0,"2":0,"3":0,"4":0,"5":0,"6":0,"7":0},"b":{"0":[0,0],"1":[0,0]},"_coverageSchema":"1a1c01bbd47fc00a2c39e90264f33305004495a9","hash":"fdfa8629b9ac0769837a145707918bfdb61ab1c7"}
,"C:\\Users\\finnj\\OneDrive\\Desktop\\Waste-Watchers\\Kayak-Develompent-Capstone\\food-waste-tracker\\src\\Popups\\TrackWastePopup.js": {"path":"C:\\Users\\finnj\\OneDrive\\Desktop\\Waste-Watchers\\Kayak-Develompent-Capstone\\food-waste-tracker\\src\\Popups\\TrackWastePopup.js","statementMap":{"0":{"start":{"line":17,"column":4},"end":{"line":17,"column":16}},"1":{"start":{"line":18,"column":4},"end":{"line":21,"column":5}},"2":{"start":{"line":24,"column":4},"end":{"line":24,"column":37}},"3":{"start":{"line":28,"column":4},"end":{"line":79,"column":5}},"4":{"start":{"line":32,"column":38},"end":{"line":32,"column":63}},"5":{"start":{"line":47,"column":38},"end":{"line":47,"column":63}},"6":{"start":{"line":64,"column":12},"end":{"line":64,"column":38}},"7":{"start":{"line":69,"column":12},"end":{"line":69,"column":53}},"8":{"start":{"line":83,"column":15},"end":{"line":112,"column":2}}},"fnMap":{"0":{"name":"(anonymous_0)","decl":{"start":{"line":16,"column":2},"end":{"line":16,"column":3}},"loc":{"start":{"line":16,"column":21},"end":{"line":22,"column":3}},"line":16},"1":{"name":"(anonymous_1)","decl":{"start":{"line":23,"column":2},"end":{"line":23,"column":3}},"loc":{"start":{"line":23,"column":22},"end":{"line":25,"column":3}},"line":23},"2":{"name":"(anonymous_2)","decl":{"start":{"line":27,"column":2},"end":{"line":27,"column":3}},"loc":{"start":{"line":27,"column":11},"end":{"line":80,"column":3}},"line":27},"3":{"name":"(anonymous_3)","decl":{"start":{"line":32,"column":32},"end":{"line":32,"column":33}},"loc":{"start":{"line":32,"column":38},"end":{"line":32,"column":63}},"line":32},"4":{"name":"(anonymous_4)","decl":{"start":{"line":47,"column":32},"end":{"line":47,"column":33}},"loc":{"start":{"line":47,"column":38},"end":{"line":47,"column":63}},"line":47},"5":{"name":"(anonymous_5)","decl":{"start":{"line":63,"column":15},"end":{"line":63,"column":16}},"loc":{"start":{"line":63,"column":30},"end":{"line":65,"column":11}},"line":63},"6":{"name":"(anonymous_6)","decl":{"start":{"line":68,"column":26},"end":{"line":68,"column":27}},"loc":{"start":{"line":68,"column":33},"end":{"line":70,"column":11}},"line":68}},"branchMap":{"0":{"loc":{"start":{"line":40,"column":20},"end":{"line":42,"column":40}},"type":"cond-expr","locations":[{"start":{"line":41,"column":24},"end":{"line":41,"column":40}},{"start":{"line":42,"column":24},"end":{"line":42,"column":40}}],"line":40},"1":{"loc":{"start":{"line":55,"column":20},"end":{"line":57,"column":40}},"type":"cond-expr","locations":[{"start":{"line":56,"column":24},"end":{"line":56,"column":40}},{"start":{"line":57,"column":24},"end":{"line":57,"column":40}}],"line":55}},"s":{"0":0,"1":0,"2":0,"3":0,"4":0,"5":0,"6":0,"7":0,"8":1},"f":{"0":0,"1":0,"2":0,"3":0,"4":0,"5":0,"6":0},"b":{"0":[0,0],"1":[0,0]},"_coverageSchema":"1a1c01bbd47fc00a2c39e90264f33305004495a9","hash":"a1262ed75cdba3904b295cd13618f60797b0294f"}
,"C:\\Users\\finnj\\OneDrive\\Desktop\\Waste-Watchers\\Kayak-Develompent-Capstone\\food-waste-tracker\\src\\Popups\\WasteEntry.js": {"path":"C:\\Users\\finnj\\OneDrive\\Desktop\\Waste-Watchers\\Kayak-Develompent-Capstone\\food-waste-tracker\\src\\Popups\\WasteEntry.js","statementMap":{"0":{"start":{"line":7,"column":4},"end":{"line":7,"column":16}},"1":{"start":{"line":8,"column":4},"end":{"line":14,"column":5}},"2":{"start":{"line":18,"column":4},"end":{"line":29,"column":5}},"3":{"start":{"line":19,"column":6},"end":{"line":19,"column":37}},"4":{"start":{"line":20,"column":11},"end":{"line":29,"column":5}},"5":{"start":{"line":26,"column":6},"end":{"line":26,"column":37}},"6":{"start":{"line":28,"column":6},"end":{"line":28,"column":24}},"7":{"start":{"line":38,"column":4},"end":{"line":92,"column":5}},"8":{"start":{"line":50,"column":38},"end":{"line":50,"column":75}},"9":{"start":{"line":62,"column":18},"end":{"line":62,"column":52}},"10":{"start":{"line":75,"column":38},"end":{"line":75,"column":73}},"11":{"start":{"line":86,"column":38},"end":{"line":86,"column":72}},"12":{"start":{"line":96,"column":22},"end":{"line":109,"column":1}},"13":{"start":{"line":111,"column":20},"end":{"line":143,"column":1}},"14":{"start":{"line":145,"column":27},"end":{"line":150,"column":1}},"15":{"start":{"line":152,"column":15},"end":{"line":217,"column":2}}},"fnMap":{"0":{"name":"(anonymous_0)","decl":{"start":{"line":6,"column":2},"end":{"line":6,"column":3}},"loc":{"start":{"line":6,"column":21},"end":{"line":15,"column":3}},"line":6},"1":{"name":"(anonymous_1)","decl":{"start":{"line":17,"column":2},"end":{"line":17,"column":3}},"loc":{"start":{"line":17,"column":19},"end":{"line":30,"column":3}},"line":17},"2":{"name":"(anonymous_2)","decl":{"start":{"line":37,"column":2},"end":{"line":37,"column":3}},"loc":{"start":{"line":37,"column":11},"end":{"line":93,"column":3}},"line":37},"3":{"name":"(anonymous_3)","decl":{"start":{"line":50,"column":27},"end":{"line":50,"column":28}},"loc":{"start":{"line":50,"column":38},"end":{"line":50,"column":75}},"line":50},"4":{"name":"(anonymous_4)","decl":{"start":{"line":61,"column":30},"end":{"line":61,"column":31}},"loc":{"start":{"line":62,"column":18},"end":{"line":62,"column":52}},"line":62},"5":{"name":"(anonymous_5)","decl":{"start":{"line":75,"column":27},"end":{"line":75,"column":28}},"loc":{"start":{"line":75,"column":38},"end":{"line":75,"column":73}},"line":75},"6":{"name":"(anonymous_6)","decl":{"start":{"line":86,"column":27},"end":{"line":86,"column":28}},"loc":{"start":{"line":86,"column":38},"end":{"line":86,"column":72}},"line":86}},"branchMap":{"0":{"loc":{"start":{"line":18,"column":4},"end":{"line":29,"column":5}},"type":"if","locations":[{"start":{"line":18,"column":4},"end":{"line":29,"column":5}},{"start":{"line":20,"column":11},"end":{"line":29,"column":5}}],"line":18},"1":{"loc":{"start":{"line":20,"column":11},"end":{"line":29,"column":5}},"type":"if","locations":[{"start":{"line":20,"column":11},"end":{"line":29,"column":5}},{"start":{"line":27,"column":11},"end":{"line":29,"column":5}}],"line":20},"2":{"loc":{"start":{"line":21,"column":6},"end":{"line":24,"column":26}},"type":"binary-expr","locations":[{"start":{"line":21,"column":6},"end":{"line":21,"column":23}},{"start":{"line":22,"column":6},"end":{"line":22,"column":22}},{"start":{"line":23,"column":6},"end":{"line":23,"column":27}},{"start":{"line":24,"column":6},"end":{"line":24,"column":26}}],"line":21}},"s":{"0":0,"1":0,"2":0,"3":0,"4":0,"5":0,"6":0,"7":0,"8":0,"9":0,"10":0,"11":0,"12":1,"13":1,"14":1,"15":1},"f":{"0":0,"1":0,"2":0,"3":0,"4":0,"5":0,"6":0},"b":{"0":[0,0],"1":[0,0],"2":[0,0,0,0]},"_coverageSchema":"1a1c01bbd47fc00a2c39e90264f33305004495a9","hash":"37ea16f378af80d367eade8f204347b6ed3273eb"}
,"C:\\Users\\finnj\\OneDrive\\Desktop\\Waste-Watchers\\Kayak-Develompent-Capstone\\food-waste-tracker\\src\\Popups\\WasteHistoryPopup.js": {"path":"C:\\Users\\finnj\\OneDrive\\Desktop\\Waste-Watchers\\Kayak-Develompent-Capstone\\food-waste-tracker\\src\\Popups\\WasteHistoryPopup.js","statementMap":{"0":{"start":{"line":9,"column":4},"end":{"line":9,"column":16}},"1":{"start":{"line":13,"column":4},"end":{"line":43,"column":5}},"2":{"start":{"line":30,"column":14},"end":{"line":37,"column":15}},"3":{"start":{"line":47,"column":15},"end":{"line":87,"column":2}}},"fnMap":{"0":{"name":"(anonymous_0)","decl":{"start":{"line":8,"column":2},"end":{"line":8,"column":3}},"loc":{"start":{"line":8,"column":21},"end":{"line":10,"column":3}},"line":8},"1":{"name":"(anonymous_1)","decl":{"start":{"line":12,"column":2},"end":{"line":12,"column":3}},"loc":{"start":{"line":12,"column":11},"end":{"line":44,"column":3}},"line":12},"2":{"name":"(anonymous_2)","decl":{"start":{"line":29,"column":17},"end":{"line":29,"column":18}},"loc":{"start":{"line":29,"column":34},"end":{"line":38,"column":13}},"line":29}},"branchMap":{},"s":{"0":0,"1":0,"2":0,"3":1},"f":{"0":0,"1":0,"2":0},"b":{},"_coverageSchema":"1a1c01bbd47fc00a2c39e90264f33305004495a9","hash":"8a52d90928f79ff3a2efb54a79c116d0a2fe3fb2"}
,"C:\\Users\\finnj\\OneDrive\\Desktop\\Waste-Watchers\\Kayak-Develompent-Capstone\\food-waste-tracker\\src\\ProfileComponents\\Badge.js": {"path":"C:\\Users\\finnj\\OneDrive\\Desktop\\Waste-Watchers\\Kayak-Develompent-Capstone\\food-waste-tracker\\src\\ProfileComponents\\Badge.js","statementMap":{"0":{"start":{"line":9,"column":4},"end":{"line":9,"column":16}},"1":{"start":{"line":13,"column":18},"end":{"line":21,"column":5}},"2":{"start":{"line":22,"column":4},"end":{"line":27,"column":5}},"3":{"start":{"line":31,"column":15},"end":{"line":53,"column":2}}},"fnMap":{"0":{"name":"(anonymous_0)","decl":{"start":{"line":8,"column":2},"end":{"line":8,"column":3}},"loc":{"start":{"line":8,"column":21},"end":{"line":10,"column":3}},"line":8},"1":{"name":"(anonymous_1)","decl":{"start":{"line":12,"column":2},"end":{"line":12,"column":3}},"loc":{"start":{"line":12,"column":11},"end":{"line":28,"column":3}},"line":12}},"branchMap":{},"s":{"0":0,"1":0,"2":0,"3":1},"f":{"0":0,"1":0},"b":{},"_coverageSchema":"1a1c01bbd47fc00a2c39e90264f33305004495a9","hash":"67666903207ec7033da47e35b9df640270e28ef8"}
,"C:\\Users\\finnj\\OneDrive\\Desktop\\Waste-Watchers\\Kayak-Develompent-Capstone\\food-waste-tracker\\src\\ProfileComponents\\Notification.js": {"path":"C:\\Users\\finnj\\OneDrive\\Desktop\\Waste-Watchers\\Kayak-Develompent-Capstone\\food-waste-tracker\\src\\ProfileComponents\\Notification.js","statementMap":{"0":{"start":{"line":6,"column":4},"end":{"line":6,"column":16}},"1":{"start":{"line":10,"column":4},"end":{"line":14,"column":5}},"2":{"start":{"line":18,"column":15},"end":{"line":26,"column":2}}},"fnMap":{"0":{"name":"(anonymous_0)","decl":{"start":{"line":5,"column":2},"end":{"line":5,"column":3}},"loc":{"start":{"line":5,"column":21},"end":{"line":7,"column":3}},"line":5},"1":{"name":"(anonymous_1)","decl":{"start":{"line":9,"column":2},"end":{"line":9,"column":3}},"loc":{"start":{"line":9,"column":11},"end":{"line":15,"column":3}},"line":9}},"branchMap":{},"s":{"0":0,"1":0,"2":1},"f":{"0":0,"1":0},"b":{},"_coverageSchema":"1a1c01bbd47fc00a2c39e90264f33305004495a9","hash":"ad9cc641eae467483eacc211cf80845e8c9a7fbe"}
,"C:\\Users\\finnj\\OneDrive\\Desktop\\Waste-Watchers\\Kayak-Develompent-Capstone\\food-waste-tracker\\src\\StatisticsPageComponents\\ViewWaste.js": {"path":"C:\\Users\\finnj\\OneDrive\\Desktop\\Waste-Watchers\\Kayak-Develompent-Capstone\\food-waste-tracker\\src\\StatisticsPageComponents\\ViewWaste.js","statementMap":{"0":{"start":{"line":10,"column":4},"end":{"line":10,"column":16}},"1":{"start":{"line":11,"column":4},"end":{"line":13,"column":5}},"2":{"start":{"line":17,"column":4},"end":{"line":17,"column":40}},"3":{"start":{"line":21,"column":4},"end":{"line":56,"column":5}},"4":{"start":{"line":26,"column":25},"end":{"line":26,"column":53}},"5":{"start":{"line":36,"column":32},"end":{"line":36,"column":61}},"6":{"start":{"line":44,"column":31},"end":{"line":44,"column":60}},"7":{"start":{"line":60,"column":15},"end":{"line":106,"column":2}}},"fnMap":{"0":{"name":"(anonymous_0)","decl":{"start":{"line":9,"column":2},"end":{"line":9,"column":3}},"loc":{"start":{"line":9,"column":21},"end":{"line":14,"column":3}},"line":9},"1":{"name":"(anonymous_1)","decl":{"start":{"line":16,"column":2},"end":{"line":16,"column":3}},"loc":{"start":{"line":16,"column":27},"end":{"line":18,"column":3}},"line":16},"2":{"name":"(anonymous_2)","decl":{"start":{"line":20,"column":2},"end":{"line":20,"column":3}},"loc":{"start":{"line":20,"column":11},"end":{"line":57,"column":3}},"line":20},"3":{"name":"(anonymous_3)","decl":{"start":{"line":26,"column":19},"end":{"line":26,"column":20}},"loc":{"start":{"line":26,"column":25},"end":{"line":26,"column":53}},"line":26},"4":{"name":"(anonymous_4)","decl":{"start":{"line":36,"column":26},"end":{"line":36,"column":27}},"loc":{"start":{"line":36,"column":32},"end":{"line":36,"column":61}},"line":36},"5":{"name":"(anonymous_5)","decl":{"start":{"line":44,"column":25},"end":{"line":44,"column":26}},"loc":{"start":{"line":44,"column":31},"end":{"line":44,"column":60}},"line":44}},"branchMap":{},"s":{"0":1,"1":1,"2":0,"3":1,"4":0,"5":0,"6":0,"7":1},"f":{"0":1,"1":0,"2":1,"3":0,"4":0,"5":0},"b":{},"_coverageSchema":"1a1c01bbd47fc00a2c39e90264f33305004495a9","hash":"8d5e14bf24108811cf44576eab186a6c87734ccf"}
,"C:\\Users\\finnj\\OneDrive\\Desktop\\Waste-Watchers\\Kayak-Develompent-Capstone\\food-waste-tracker\\src\\StatisticsPageComponents\\WasteLog.js": {"path":"C:\\Users\\finnj\\OneDrive\\Desktop\\Waste-Watchers\\Kayak-Develompent-Capstone\\food-waste-tracker\\src\\StatisticsPageComponents\\WasteLog.js","statementMap":{"0":{"start":{"line":8,"column":4},"end":{"line":8,"column":16}},"1":{"start":{"line":12,"column":4},"end":{"line":21,"column":5}},"2":{"start":{"line":25,"column":15},"end":{"line":54,"column":2}}},"fnMap":{"0":{"name":"(anonymous_0)","decl":{"start":{"line":7,"column":2},"end":{"line":7,"column":3}},"loc":{"start":{"line":7,"column":21},"end":{"line":9,"column":3}},"line":7},"1":{"name":"(anonymous_1)","decl":{"start":{"line":11,"column":2},"end":{"line":11,"column":3}},"loc":{"start":{"line":11,"column":11},"end":{"line":22,"column":3}},"line":11}},"branchMap":{},"s":{"0":0,"1":0,"2":1},"f":{"0":0,"1":0},"b":{},"_coverageSchema":"1a1c01bbd47fc00a2c39e90264f33305004495a9","hash":"6721143b6e989105cf6f545a4017a7464ecf0e20"}
,"C:\\Users\\finnj\\OneDrive\\Desktop\\Waste-Watchers\\Kayak-Develompent-Capstone\\food-waste-tracker\\src\\Utils\\Divider.js": {"path":"C:\\Users\\finnj\\OneDrive\\Desktop\\Waste-Watchers\\Kayak-Develompent-Capstone\\food-waste-tracker\\src\\Utils\\Divider.js","statementMap":{"0":{"start":{"line":7,"column":4},"end":{"line":7,"column":16}},"1":{"start":{"line":11,"column":4},"end":{"line":11,"column":42}},"2":{"start":{"line":15,"column":15},"end":{"line":22,"column":2}}},"fnMap":{"0":{"name":"(anonymous_0)","decl":{"start":{"line":6,"column":2},"end":{"line":6,"column":3}},"loc":{"start":{"line":6,"column":21},"end":{"line":8,"column":3}},"line":6},"1":{"name":"(anonymous_1)","decl":{"start":{"line":10,"column":2},"end":{"line":10,"column":3}},"loc":{"start":{"line":10,"column":11},"end":{"line":12,"column":3}},"line":10}},"branchMap":{},"s":{"0":6,"1":6,"2":1},"f":{"0":6,"1":6},"b":{},"_coverageSchema":"1a1c01bbd47fc00a2c39e90264f33305004495a9","hash":"a12a6405984b2ea8120fb3845551397c80a76048"}
,"C:\\Users\\finnj\\OneDrive\\Desktop\\Waste-Watchers\\Kayak-Develompent-Capstone\\food-waste-tracker\\src\\Utils\\TestData.js": {"path":"C:\\Users\\finnj\\OneDrive\\Desktop\\Waste-Watchers\\Kayak-Develompent-Capstone\\food-waste-tracker\\src\\Utils\\TestData.js","statementMap":{"0":{"start":{"line":13,"column":21},"end":{"line":13,"column":66}},"1":{"start":{"line":14,"column":15},"end":{"line":14,"column":17}},"2":{"start":{"line":15,"column":2},"end":{"line":20,"column":3}},"3":{"start":{"line":15,"column":15},"end":{"line":15,"column":16}},"4":{"start":{"line":16,"column":17},"end":{"line":16,"column":45}},"5":{"start":{"line":17,"column":21},"end":{"line":17,"column":78}},"6":{"start":{"line":18,"column":19},"end":{"line":18,"column":36}},"7":{"start":{"line":19,"column":4},"end":{"line":19,"column":39}},"8":{"start":{"line":21,"column":2},"end":{"line":21,"column":13}},"9":{"start":{"line":24,"column":20},"end":{"line":24,"column":33}},"10":{"start":{"line":27,"column":21},"end":{"line":48,"column":1}},"11":{"start":{"line":50,"column":22},"end":{"line":147,"column":1}}},"fnMap":{"0":{"name":"getTestData","decl":{"start":{"line":12,"column":9},"end":{"line":12,"column":20}},"loc":{"start":{"line":12,"column":23},"end":{"line":22,"column":1}},"line":12}},"branchMap":{"0":{"loc":{"start":{"line":16,"column":23},"end":{"line":16,"column":43}},"type":"cond-expr","locations":[{"start":{"line":16,"column":32},"end":{"line":16,"column":39}},{"start":{"line":16,"column":42},"end":{"line":16,"column":43}}],"line":16}},"s":{"0":1,"1":1,"2":1,"3":1,"4":21,"5":21,"6":21,"7":21,"8":1,"9":1,"10":1,"11":1},"f":{"0":1},"b":{"0":[9,12]},"_coverageSchema":"1a1c01bbd47fc00a2c39e90264f33305004495a9","hash":"b941f4f182a9afa23173add7f89229de02cd43d0"}
,"C:\\Users\\finnj\\OneDrive\\Desktop\\Waste-Watchers\\Kayak-Develompent-Capstone\\food-waste-tracker\\src\\Utils\\colors.js": {"path":"C:\\Users\\finnj\\OneDrive\\Desktop\\Waste-Watchers\\Kayak-Develompent-Capstone\\food-waste-tracker\\src\\Utils\\colors.js","statementMap":{"0":{"start":{"line":1,"column":22},"end":{"line":13,"column":1}}},"fnMap":{},"branchMap":{},"s":{"0":1},"f":{},"b":{},"_coverageSchema":"1a1c01bbd47fc00a2c39e90264f33305004495a9","hash":"81e8d510b32ef07d7f2999a1e5e6a60a39d5a094"}
,"C:\\Users\\finnj\\OneDrive\\Desktop\\Waste-Watchers\\Kayak-Develompent-Capstone\\food-waste-tracker\\src\\WasteReductionTips\\DairyReduction.js": {"path":"C:\\Users\\finnj\\OneDrive\\Desktop\\Waste-Watchers\\Kayak-Develompent-Capstone\\food-waste-tracker\\src\\WasteReductionTips\\DairyReduction.js","statementMap":{"0":{"start":{"line":8,"column":4},"end":{"line":8,"column":16}},"1":{"start":{"line":12,"column":4},"end":{"line":17,"column":5}},"2":{"start":{"line":21,"column":15},"end":{"line":36,"column":2}}},"fnMap":{"0":{"name":"(anonymous_0)","decl":{"start":{"line":7,"column":2},"end":{"line":7,"column":3}},"loc":{"start":{"line":7,"column":21},"end":{"line":9,"column":3}},"line":7},"1":{"name":"(anonymous_1)","decl":{"start":{"line":11,"column":2},"end":{"line":11,"column":3}},"loc":{"start":{"line":11,"column":11},"end":{"line":18,"column":3}},"line":11}},"branchMap":{},"s":{"0":1,"1":1,"2":1},"f":{"0":1,"1":1},"b":{},"_coverageSchema":"1a1c01bbd47fc00a2c39e90264f33305004495a9","hash":"eca69b51c41d5f8e76cd5d0289b00febc9d4a3b7"}
,"C:\\Users\\finnj\\OneDrive\\Desktop\\Waste-Watchers\\Kayak-Develompent-Capstone\\food-waste-tracker\\src\\WasteReductionTips\\FishReduction.js": {"path":"C:\\Users\\finnj\\OneDrive\\Desktop\\Waste-Watchers\\Kayak-Develompent-Capstone\\food-waste-tracker\\src\\WasteReductionTips\\FishReduction.js","statementMap":{"0":{"start":{"line":8,"column":4},"end":{"line":8,"column":16}},"1":{"start":{"line":12,"column":4},"end":{"line":17,"column":5}},"2":{"start":{"line":21,"column":15},"end":{"line":36,"column":2}}},"fnMap":{"0":{"name":"(anonymous_0)","decl":{"start":{"line":7,"column":2},"end":{"line":7,"column":3}},"loc":{"start":{"line":7,"column":21},"end":{"line":9,"column":3}},"line":7},"1":{"name":"(anonymous_1)","decl":{"start":{"line":11,"column":2},"end":{"line":11,"column":3}},"loc":{"start":{"line":11,"column":11},"end":{"line":18,"column":3}},"line":11}},"branchMap":{},"s":{"0":1,"1":1,"2":1},"f":{"0":1,"1":1},"b":{},"_coverageSchema":"1a1c01bbd47fc00a2c39e90264f33305004495a9","hash":"1d584822da5067c76536ef71580f648c951c6623"}
,"C:\\Users\\finnj\\OneDrive\\Desktop\\Waste-Watchers\\Kayak-Develompent-Capstone\\food-waste-tracker\\src\\WasteReductionTips\\GeneralReduction.js": {"path":"C:\\Users\\finnj\\OneDrive\\Desktop\\Waste-Watchers\\Kayak-Develompent-Capstone\\food-waste-tracker\\src\\WasteReductionTips\\GeneralReduction.js","statementMap":{"0":{"start":{"line":8,"column":4},"end":{"line":8,"column":16}},"1":{"start":{"line":13,"column":6},"end":{"line":13,"column":125}},"2":{"start":{"line":15,"column":4},"end":{"line":24,"column":5}},"3":{"start":{"line":16,"column":57},"end":{"line":16,"column":77}},"4":{"start":{"line":28,"column":15},"end":{"line":43,"column":2}}},"fnMap":{"0":{"name":"(anonymous_0)","decl":{"start":{"line":7,"column":2},"end":{"line":7,"column":3}},"loc":{"start":{"line":7,"column":21},"end":{"line":9,"column":3}},"line":7},"1":{"name":"(anonymous_1)","decl":{"start":{"line":11,"column":2},"end":{"line":11,"column":3}},"loc":{"start":{"line":11,"column":11},"end":{"line":25,"column":3}},"line":11},"2":{"name":"(anonymous_2)","decl":{"start":{"line":16,"column":51},"end":{"line":16,"column":52}},"loc":{"start":{"line":16,"column":57},"end":{"line":16,"column":77}},"line":16}},"branchMap":{},"s":{"0":1,"1":1,"2":1,"3":0,"4":1},"f":{"0":1,"1":1,"2":0},"b":{},"_coverageSchema":"1a1c01bbd47fc00a2c39e90264f33305004495a9","hash":"b4a2770913e7bda1a2fc89f66b468eeabd9a96cb"}
,"C:\\Users\\finnj\\OneDrive\\Desktop\\Waste-Watchers\\Kayak-Develompent-Capstone\\food-waste-tracker\\src\\WasteReductionTips\\GrainReduction.js": {"path":"C:\\Users\\finnj\\OneDrive\\Desktop\\Waste-Watchers\\Kayak-Develompent-Capstone\\food-waste-tracker\\src\\WasteReductionTips\\GrainReduction.js","statementMap":{"0":{"start":{"line":7,"column":4},"end":{"line":7,"column":16}},"1":{"start":{"line":11,"column":4},"end":{"line":16,"column":5}},"2":{"start":{"line":20,"column":15},"end":{"line":35,"column":2}}},"fnMap":{"0":{"name":"(anonymous_0)","decl":{"start":{"line":6,"column":2},"end":{"line":6,"column":3}},"loc":{"start":{"line":6,"column":21},"end":{"line":8,"column":3}},"line":6},"1":{"name":"(anonymous_1)","decl":{"start":{"line":10,"column":2},"end":{"line":10,"column":3}},"loc":{"start":{"line":10,"column":11},"end":{"line":17,"column":3}},"line":10}},"branchMap":{},"s":{"0":1,"1":1,"2":1},"f":{"0":1,"1":1},"b":{},"_coverageSchema":"1a1c01bbd47fc00a2c39e90264f33305004495a9","hash":"5224857b3a259c0750be5809e9b44bc036c4e1a6"}
,"C:\\Users\\finnj\\OneDrive\\Desktop\\Waste-Watchers\\Kayak-Develompent-Capstone\\food-waste-tracker\\src\\WasteReductionTips\\MeatReduction.js": {"path":"C:\\Users\\finnj\\OneDrive\\Desktop\\Waste-Watchers\\Kayak-Develompent-Capstone\\food-waste-tracker\\src\\WasteReductionTips\\MeatReduction.js","statementMap":{"0":{"start":{"line":8,"column":4},"end":{"line":8,"column":16}},"1":{"start":{"line":12,"column":4},"end":{"line":17,"column":5}},"2":{"start":{"line":21,"column":15},"end":{"line":36,"column":2}}},"fnMap":{"0":{"name":"(anonymous_0)","decl":{"start":{"line":7,"column":2},"end":{"line":7,"column":3}},"loc":{"start":{"line":7,"column":21},"end":{"line":9,"column":3}},"line":7},"1":{"name":"(anonymous_1)","decl":{"start":{"line":11,"column":2},"end":{"line":11,"column":3}},"loc":{"start":{"line":11,"column":11},"end":{"line":18,"column":3}},"line":11}},"branchMap":{},"s":{"0":1,"1":1,"2":1},"f":{"0":1,"1":1},"b":{},"_coverageSchema":"1a1c01bbd47fc00a2c39e90264f33305004495a9","hash":"b811f171eb73241a1dda641424f51043fd7b9b6a"}
,"C:\\Users\\finnj\\OneDrive\\Desktop\\Waste-Watchers\\Kayak-Develompent-Capstone\\food-waste-tracker\\src\\WasteReductionTips\\ProduceReduction.js": {"path":"C:\\Users\\finnj\\OneDrive\\Desktop\\Waste-Watchers\\Kayak-Develompent-Capstone\\food-waste-tracker\\src\\WasteReductionTips\\ProduceReduction.js","statementMap":{"0":{"start":{"line":8,"column":4},"end":{"line":8,"column":16}},"1":{"start":{"line":12,"column":4},"end":{"line":17,"column":5}},"2":{"start":{"line":21,"column":15},"end":{"line":36,"column":2}}},"fnMap":{"0":{"name":"(anonymous_0)","decl":{"start":{"line":7,"column":2},"end":{"line":7,"column":3}},"loc":{"start":{"line":7,"column":21},"end":{"line":9,"column":3}},"line":7},"1":{"name":"(anonymous_1)","decl":{"start":{"line":11,"column":2},"end":{"line":11,"column":3}},"loc":{"start":{"line":11,"column":11},"end":{"line":18,"column":3}},"line":11}},"branchMap":{},"s":{"0":1,"1":1,"2":1},"f":{"0":1,"1":1},"b":{},"_coverageSchema":"1a1c01bbd47fc00a2c39e90264f33305004495a9","hash":"c60c0c73b901df4e98d90ebf4393ae2aae72d80b"}
,"C:\\Users\\finnj\\OneDrive\\Desktop\\Waste-Watchers\\Kayak-Develompent-Capstone\\food-waste-tracker\\src\\WasteReductionTips\\ReduceProduceWaste.js": {"path":"C:\\Users\\finnj\\OneDrive\\Desktop\\Waste-Watchers\\Kayak-Develompent-Capstone\\food-waste-tracker\\src\\WasteReductionTips\\ReduceProduceWaste.js","statementMap":{"0":{"start":{"line":6,"column":4},"end":{"line":6,"column":16}},"1":{"start":{"line":11,"column":6},"end":{"line":11,"column":421}},"2":{"start":{"line":12,"column":4},"end":{"line":26,"column":5}},"3":{"start":{"line":20,"column":51},"end":{"line":20,"column":71}},"4":{"start":{"line":30,"column":15},"end":{"line":49,"column":2}}},"fnMap":{"0":{"name":"(anonymous_0)","decl":{"start":{"line":5,"column":2},"end":{"line":5,"column":3}},"loc":{"start":{"line":5,"column":21},"end":{"line":7,"column":3}},"line":5},"1":{"name":"(anonymous_1)","decl":{"start":{"line":9,"column":2},"end":{"line":9,"column":3}},"loc":{"start":{"line":9,"column":11},"end":{"line":27,"column":3}},"line":9},"2":{"name":"(anonymous_2)","decl":{"start":{"line":20,"column":45},"end":{"line":20,"column":46}},"loc":{"start":{"line":20,"column":51},"end":{"line":20,"column":71}},"line":20}},"branchMap":{},"s":{"0":0,"1":0,"2":0,"3":0,"4":1},"f":{"0":0,"1":0,"2":0},"b":{},"_coverageSchema":"1a1c01bbd47fc00a2c39e90264f33305004495a9","hash":"cac2947750dafdaeb809aca2abeeacfcd5233cb2"}
}
