TN:
SF:FirebaseConfig.js
FNF:0
FNH:0
DA:11,1
DA:21,1
DA:22,1
DA:26,1
LF:4
LH:4
BRF:0
BRH:0
end_of_record
TN:
SF:images/FoodRescueMaine_Logo_Final-01.png
FNF:0
FNH:0
DA:1,1
LF:1
LH:1
BRF:0
BRH:0
end_of_record
TN:
SF:images/bell.png
FNF:0
FNH:0
DA:1,1
LF:1
LH:1
BRF:0
BRH:0
end_of_record
TN:
SF:images/friends.png
FNF:0
FNH:0
DA:1,1
LF:1
LH:1
BRF:0
BRH:0
end_of_record
TN:
SF:images/profile.png
FNF:0
FNH:0
DA:1,1
LF:1
LH:1
BRF:0
BRH:0
end_of_record
TN:
SF:images/refer.png
FNF:0
FNH:0
DA:1,1
LF:1
LH:1
BRF:0
BRH:0
end_of_record
TN:
SF:images/ribbon.png
FNF:0
FNH:0
DA:1,1
LF:1
LH:1
BRF:0
BRH:0
end_of_record
TN:
SF:images/settings.png
FNF:0
FNH:0
DA:1,1
LF:1
LH:1
BRF:0
BRH:0
end_of_record
TN:
SF:images/streak.png
FNF:0
FNH:0
DA:1,1
LF:1
LH:1
BRF:0
BRH:0
end_of_record
TN:
SF:src/Pages/ArcGISMap.js
FN:9,(anonymous_0)
FN:13,(anonymous_1)
FNF:2
FNH:0
FNDA:0,(anonymous_0)
FNDA:0,(anonymous_1)
DA:10,0
DA:14,0
DA:38,1
LF:3
LH:1
BRF:0
BRH:0
end_of_record
TN:
SF:src/Pages/ForgotPassword.js
FN:17,(anonymous_0)
FN:26,(anonymous_1)
FN:35,(anonymous_2)
FN:41,(anonymous_3)
FN:54,(anonymous_4)
FN:55,(anonymous_5)
FN:73,(anonymous_6)
FN:74,(anonymous_7)
FN:78,(anonymous_8)
FNF:9
FNH:4
FNDA:1,(anonymous_0)
FNDA:0,(anonymous_1)
FNDA:0,(anonymous_2)
FNDA:1,(anonymous_3)
FNDA:0,(anonymous_4)
FNDA:1,(anonymous_5)
FNDA:0,(anonymous_6)
FNDA:0,(anonymous_7)
FNDA:1,(anonymous_8)
DA:18,1
DA:19,1
DA:27,0
DA:28,0
DA:30,0
DA:37,0
DA:38,0
DA:42,1
DA:44,1
DA:54,0
DA:55,1
DA:73,0
DA:74,0
DA:78,1
DA:93,1
LF:15
LH:7
BRDA:27,0,0,0
BRDA:27,0,1,0
BRDA:57,1,0,0
BRDA:57,1,1,1
BRDA:80,2,0,0
BRDA:80,2,1,1
BRF:6
BRH:2
end_of_record
TN:
SF:src/Pages/HomePage.js
FN:33,(anonymous_0)
FN:42,(anonymous_1)
FN:68,(anonymous_2)
FN:91,(anonymous_3)
FN:105,(anonymous_4)
FN:111,(anonymous_5)
FN:115,(anonymous_6)
FN:120,(anonymous_7)
FN:126,(anonymous_8)
FN:134,(anonymous_9)
FN:161,(anonymous_10)
FN:230,(anonymous_11)
FN:233,(anonymous_12)
FN:242,(anonymous_13)
FN:250,(anonymous_14)
FN:258,(anonymous_15)
FN:275,(anonymous_16)
FN:279,(anonymous_17)
FN:280,(anonymous_18)
FN:299,(anonymous_19)
FN:302,(anonymous_20)
FN:322,(anonymous_21)
FN:335,(anonymous_22)
FN:349,(anonymous_23)
FN:361,(anonymous_24)
FN:374,(anonymous_25)
FN:386,(anonymous_26)
FN:387,(anonymous_27)
FN:400,(anonymous_28)
FN:401,(anonymous_29)
FNF:30
FNH:0
FNDA:0,(anonymous_0)
FNDA:0,(anonymous_1)
FNDA:0,(anonymous_2)
FNDA:0,(anonymous_3)
FNDA:0,(anonymous_4)
FNDA:0,(anonymous_5)
FNDA:0,(anonymous_6)
FNDA:0,(anonymous_7)
FNDA:0,(anonymous_8)
FNDA:0,(anonymous_9)
FNDA:0,(anonymous_10)
FNDA:0,(anonymous_11)
FNDA:0,(anonymous_12)
FNDA:0,(anonymous_13)
FNDA:0,(anonymous_14)
FNDA:0,(anonymous_15)
FNDA:0,(anonymous_16)
FNDA:0,(anonymous_17)
FNDA:0,(anonymous_18)
FNDA:0,(anonymous_19)
FNDA:0,(anonymous_20)
FNDA:0,(anonymous_21)
FNDA:0,(anonymous_22)
FNDA:0,(anonymous_23)
FNDA:0,(anonymous_24)
FNDA:0,(anonymous_25)
FNDA:0,(anonymous_26)
FNDA:0,(anonymous_27)
FNDA:0,(anonymous_28)
FNDA:0,(anonymous_29)
DA:28,1
DA:33,0
DA:37,1
DA:42,0
DA:49,1
DA:51,1
DA:57,1
DA:62,1
DA:69,0
DA:70,0
DA:87,0
DA:91,0
DA:92,0
DA:93,0
DA:94,0
DA:95,0
DA:97,0
DA:98,0
DA:105,0
DA:106,0
DA:107,0
DA:112,0
DA:116,0
DA:122,0
DA:127,0
DA:128,0
DA:129,0
DA:130,0
DA:135,0
DA:136,0
DA:137,0
DA:143,0
DA:145,0
DA:162,0
DA:163,0
DA:230,0
DA:233,0
DA:243,0
DA:251,0
DA:259,0
DA:275,0
DA:279,0
DA:280,0
DA:299,0
DA:302,0
DA:323,0
DA:336,0
DA:350,0
DA:361,0
DA:374,0
DA:387,0
DA:401,0
DA:416,1
LF:53
LH:7
BRDA:33,0,0,0
BRDA:42,1,0,0
BRDA:135,2,0,0
BRDA:135,2,1,0
BRDA:137,3,0,0
BRDA:137,3,1,0
BRDA:138,4,0,0
BRDA:138,4,1,0
BRDA:138,4,2,0
BRDA:138,4,3,0
BRDA:282,5,0,0
BRDA:282,5,1,0
BRDA:444,6,0,0
BRDA:444,6,1,1
BRF:14
BRH:1
end_of_record
TN:
SF:src/Pages/LeaderboardPage.js
FN:21,(anonymous_0)
FN:29,(anonymous_1)
FN:36,(anonymous_2)
FNF:3
FNH:0
FNDA:0,(anonymous_0)
FNDA:0,(anonymous_1)
FNDA:0,(anonymous_2)
DA:22,0
DA:23,0
DA:30,0
DA:37,0
DA:38,0
DA:102,1
LF:6
LH:1
BRDA:107,0,0,0
BRDA:107,0,1,1
BRF:2
BRH:1
end_of_record
TN:
SF:src/Pages/LogoutPage.js
FN:28,(anonymous_0)
FN:46,(anonymous_1)
FN:66,(anonymous_2)
FN:70,(anonymous_3)
FN:76,(anonymous_4)
FN:101,(anonymous_5)
FN:108,(anonymous_6)
FN:128,(anonymous_7)
FN:136,(anonymous_8)
FN:154,(anonymous_9)
FN:164,(anonymous_10)
FN:178,(anonymous_11)
FN:194,(anonymous_12)
FN:236,(anonymous_13)
FN:241,(anonymous_14)
FN:251,(anonymous_15)
FN:259,(anonymous_16)
FN:285,(anonymous_17)
FN:296,(anonymous_18)
FN:304,(anonymous_19)
FN:312,(anonymous_20)
FN:318,(anonymous_21)
FN:326,(anonymous_22)
FN:333,(anonymous_23)
FN:339,(anonymous_24)
FN:355,(anonymous_25)
FN:361,(anonymous_26)
FN:376,(anonymous_27)
FN:398,(anonymous_28)
FN:402,(anonymous_29)
FN:418,(anonymous_30)
FN:433,(anonymous_31)
FN:449,(anonymous_32)
FN:462,(anonymous_33)
FN:476,(anonymous_34)
FN:489,(anonymous_35)
FN:524,(anonymous_36)
FN:525,(anonymous_37)
FN:534,(anonymous_38)
FN:535,(anonymous_39)
FNF:40
FNH:6
FNDA:1,(anonymous_0)
FNDA:0,(anonymous_1)
FNDA:0,(anonymous_2)
FNDA:0,(anonymous_3)
FNDA:0,(anonymous_4)
FNDA:0,(anonymous_5)
FNDA:0,(anonymous_6)
FNDA:0,(anonymous_7)
FNDA:0,(anonymous_8)
FNDA:0,(anonymous_9)
FNDA:0,(anonymous_10)
FNDA:0,(anonymous_11)
FNDA:0,(anonymous_12)
FNDA:0,(anonymous_13)
FNDA:0,(anonymous_14)
FNDA:0,(anonymous_15)
FNDA:1,(anonymous_16)
FNDA:0,(anonymous_17)
FNDA:0,(anonymous_18)
FNDA:1,(anonymous_19)
FNDA:0,(anonymous_20)
FNDA:1,(anonymous_21)
FNDA:0,(anonymous_22)
FNDA:1,(anonymous_23)
FNDA:0,(anonymous_24)
FNDA:1,(anonymous_25)
FNDA:0,(anonymous_26)
FNDA:0,(anonymous_27)
FNDA:0,(anonymous_28)
FNDA:0,(anonymous_29)
FNDA:0,(anonymous_30)
FNDA:0,(anonymous_31)
FNDA:0,(anonymous_32)
FNDA:0,(anonymous_33)
FNDA:0,(anonymous_34)
FNDA:0,(anonymous_35)
FNDA:0,(anonymous_36)
FNDA:0,(anonymous_37)
FNDA:0,(anonymous_38)
FNDA:0,(anonymous_39)
DA:29,1
DA:31,1
DA:46,1
DA:48,0
DA:49,0
DA:60,0
DA:66,1
DA:67,0
DA:68,0
DA:69,0
DA:72,0
DA:73,0
DA:77,0
DA:78,0
DA:79,0
DA:82,0
DA:83,0
DA:85,0
DA:88,0
DA:89,0
DA:91,0
DA:102,0
DA:108,1
DA:112,0
DA:113,0
DA:114,0
DA:115,0
DA:116,0
DA:119,0
DA:122,0
DA:123,0
DA:125,0
DA:127,0
DA:130,0
DA:131,0
DA:132,0
DA:133,0
DA:134,0
DA:137,0
DA:138,0
DA:139,0
DA:140,0
DA:142,0
DA:146,0
DA:147,0
DA:155,0
DA:156,0
DA:157,0
DA:159,0
DA:167,0
DA:168,0
DA:170,0
DA:171,0
DA:173,0
DA:174,0
DA:178,0
DA:179,0
DA:180,0
DA:184,0
DA:185,0
DA:186,0
DA:188,0
DA:196,0
DA:197,0
DA:198,0
DA:199,0
DA:200,0
DA:201,0
DA:202,0
DA:211,0
DA:215,0
DA:216,0
DA:217,0
DA:218,0
DA:219,0
DA:220,0
DA:221,0
DA:222,0
DA:223,0
DA:224,0
DA:225,0
DA:229,0
DA:231,0
DA:237,0
DA:242,0
DA:243,0
DA:244,0
DA:246,0
DA:252,0
DA:253,0
DA:254,0
DA:256,0
DA:261,1
DA:262,1
DA:286,0
DA:297,0
DA:304,1
DA:312,0
DA:318,1
DA:326,0
DA:333,1
DA:339,0
DA:355,1
DA:362,0
DA:377,0
DA:378,0
DA:399,0
DA:400,0
DA:402,0
DA:419,0
DA:434,0
DA:449,0
DA:463,0
DA:476,0
DA:489,0
DA:525,0
DA:534,0
DA:535,0
DA:559,1
LF:119
LH:12
BRDA:88,0,0,0
BRDA:88,0,1,0
BRDA:119,1,0,0
BRDA:119,1,1,0
BRDA:119,2,0,0
BRDA:119,2,1,0
BRDA:119,2,2,0
BRDA:119,2,3,0
BRDA:119,2,4,0
BRDA:139,3,0,0
BRDA:139,3,1,0
BRDA:146,4,0,0
BRDA:146,4,1,0
BRDA:155,5,0,0
BRDA:155,5,1,0
BRDA:184,6,0,0
BRDA:184,6,1,0
BRDA:196,7,0,0
BRDA:196,7,1,0
BRDA:199,8,0,0
BRDA:199,8,1,0
BRDA:202,9,0,0
BRDA:202,9,1,0
BRDA:204,10,0,0
BRDA:204,10,1,0
BRDA:204,10,2,0
BRDA:204,10,3,0
BRDA:204,10,4,0
BRDA:215,11,0,0
BRDA:215,11,1,0
BRDA:218,12,0,0
BRDA:218,12,1,0
BRDA:221,13,0,0
BRDA:221,13,1,0
BRDA:224,14,0,0
BRDA:224,14,1,0
BRDA:242,15,0,0
BRDA:242,15,1,0
BRDA:252,16,0,0
BRDA:252,16,1,0
BRDA:252,17,0,0
BRDA:252,17,1,0
BRDA:306,18,0,0
BRDA:306,18,1,1
BRDA:320,19,0,0
BRDA:320,19,1,1
BRDA:335,20,0,0
BRDA:335,20,1,1
BRDA:357,21,0,0
BRDA:357,21,1,1
BRDA:404,22,0,0
BRDA:404,22,1,0
BRDA:537,23,0,0
BRDA:537,23,1,0
BRF:54
BRH:4
end_of_record
TN:
SF:src/Pages/ProfilePage.js
FN:31,(anonymous_0)
FN:46,(anonymous_1)
FN:51,(anonymous_2)
FN:55,(anonymous_3)
FN:59,(anonymous_4)
FN:63,(anonymous_5)
FN:67,(anonymous_6)
FN:71,(anonymous_7)
FN:79,(anonymous_8)
FN:125,(anonymous_9)
FN:131,(anonymous_10)
FN:151,(anonymous_11)
FN:158,(anonymous_12)
FN:169,(anonymous_13)
FN:175,(anonymous_14)
FN:195,(anonymous_15)
FN:202,(anonymous_16)
FN:213,(anonymous_17)
FN:219,(anonymous_18)
FN:242,(anonymous_19)
FN:249,(anonymous_20)
FN:262,(anonymous_21)
FN:268,(anonymous_22)
FN:291,(anonymous_23)
FN:298,(anonymous_24)
FN:311,(anonymous_25)
FN:317,(anonymous_26)
FN:339,(anonymous_27)
FN:346,(anonymous_28)
FN:362,(anonymous_29)
FN:368,(anonymous_30)
FNF:31
FNH:8
FNDA:1,(anonymous_0)
FNDA:0,(anonymous_1)
FNDA:0,(anonymous_2)
FNDA:0,(anonymous_3)
FNDA:0,(anonymous_4)
FNDA:0,(anonymous_5)
FNDA:0,(anonymous_6)
FNDA:0,(anonymous_7)
FNDA:1,(anonymous_8)
FNDA:1,(anonymous_9)
FNDA:0,(anonymous_10)
FNDA:0,(anonymous_11)
FNDA:0,(anonymous_12)
FNDA:1,(anonymous_13)
FNDA:0,(anonymous_14)
FNDA:0,(anonymous_15)
FNDA:0,(anonymous_16)
FNDA:1,(anonymous_17)
FNDA:0,(anonymous_18)
FNDA:0,(anonymous_19)
FNDA:0,(anonymous_20)
FNDA:1,(anonymous_21)
FNDA:0,(anonymous_22)
FNDA:0,(anonymous_23)
FNDA:0,(anonymous_24)
FNDA:1,(anonymous_25)
FNDA:0,(anonymous_26)
FNDA:0,(anonymous_27)
FNDA:0,(anonymous_28)
FNDA:1,(anonymous_29)
FNDA:0,(anonymous_30)
DA:32,1
DA:33,1
DA:43,1
DA:47,0
DA:52,0
DA:56,0
DA:60,0
DA:64,0
DA:68,0
DA:72,0
DA:73,0
DA:74,0
DA:80,1
DA:81,1
DA:125,1
DA:131,0
DA:151,0
DA:158,0
DA:169,1
DA:175,0
DA:195,0
DA:202,0
DA:213,1
DA:219,0
DA:242,0
DA:249,0
DA:262,1
DA:268,0
DA:291,0
DA:298,0
DA:311,1
DA:317,0
DA:339,0
DA:346,0
DA:362,1
DA:368,0
DA:413,1
LF:37
LH:12
BRDA:74,0,0,0
BRDA:74,0,1,0
BRDA:127,1,0,0
BRDA:127,1,1,1
BRDA:171,2,0,0
BRDA:171,2,1,1
BRDA:215,3,0,0
BRDA:215,3,1,1
BRDA:264,4,0,0
BRDA:264,4,1,1
BRDA:313,5,0,0
BRDA:313,5,1,1
BRDA:364,6,0,0
BRDA:364,6,1,1
BRDA:432,7,0,0
BRDA:432,7,1,1
BRF:16
BRH:7
end_of_record
TN:
SF:src/Popups/AddFriendsPopup.js
FN:8,(anonymous_0)
FN:12,(anonymous_1)
FN:31,(anonymous_2)
FNF:3
FNH:0
FNDA:0,(anonymous_0)
FNDA:0,(anonymous_1)
FNDA:0,(anonymous_2)
DA:9,0
DA:13,0
DA:31,0
DA:44,1
LF:4
LH:1
BRDA:33,0,0,0
BRDA:33,0,1,0
BRF:2
BRH:0
end_of_record
TN:
SF:src/Popups/BadgesPopup.js
FN:8,(anonymous_0)
FN:12,(anonymous_1)
FNF:2
FNH:0
FNDA:0,(anonymous_0)
FNDA:0,(anonymous_1)
DA:9,0
DA:13,0
DA:23,1
LF:3
LH:1
BRF:0
BRH:0
end_of_record
TN:
SF:src/Popups/NotificationsPopup.js
FN:8,(anonymous_0)
FN:12,(anonymous_1)
FNF:2
FNH:0
FNDA:0,(anonymous_0)
FNDA:0,(anonymous_1)
DA:9,0
DA:13,0
DA:35,1
LF:3
LH:1
BRF:0
BRH:0
end_of_record
TN:
SF:src/Popups/Popup.js
FN:5,(anonymous_0)
FN:9,(anonymous_1)
FNF:2
FNH:0
FNDA:0,(anonymous_0)
FNDA:0,(anonymous_1)
DA:6,0
DA:10,0
DA:18,1
LF:3
LH:1
BRDA:28,0,0,0
BRDA:28,0,1,1
BRF:2
BRH:1
end_of_record
TN:
SF:src/Popups/ReferralPopup.js
FN:7,(anonymous_0)
FN:11,(anonymous_1)
FNF:2
FNH:0
FNDA:0,(anonymous_0)
FNDA:0,(anonymous_1)
DA:8,0
DA:12,0
DA:22,1
LF:3
LH:1
BRF:0
BRH:0
end_of_record
TN:
SF:src/Popups/SettingsPopup.js
FN:18,(anonymous_0)
FN:67,(anonymous_1)
FN:71,(anonymous_2)
FN:75,(anonymous_3)
FN:79,(anonymous_4)
FN:83,(anonymous_5)
FN:95,(anonymous_6)
FN:141,(anonymous_7)
FN:179,(anonymous_8)
FNF:9
FNH:0
FNDA:0,(anonymous_0)
FNDA:0,(anonymous_1)
FNDA:0,(anonymous_2)
FNDA:0,(anonymous_3)
FNDA:0,(anonymous_4)
FNDA:0,(anonymous_5)
FNDA:0,(anonymous_6)
FNDA:0,(anonymous_7)
FNDA:0,(anonymous_8)
DA:19,0
DA:20,0
DA:68,0
DA:72,0
DA:76,0
DA:80,0
DA:84,0
DA:96,0
DA:141,0
DA:179,0
DA:229,1
LF:11
LH:1
BRDA:143,0,0,0
BRDA:143,0,1,0
BRDA:155,1,0,0
BRDA:155,1,1,0
BRDA:170,2,0,0
BRDA:170,2,1,0
BRDA:181,3,0,0
BRDA:181,3,1,0
BRDA:194,4,0,0
BRDA:194,4,1,0
BRDA:208,5,0,0
BRDA:208,5,1,0
BRF:12
BRH:0
end_of_record
TN:
SF:src/Popups/StreakPopup.js
FN:7,(anonymous_0)
FN:11,(anonymous_1)
FNF:2
FNH:0
FNDA:0,(anonymous_0)
FNDA:0,(anonymous_1)
DA:8,0
DA:12,0
DA:44,1
LF:3
LH:1
BRF:0
BRH:0
end_of_record
TN:
SF:src/Popups/TrackMeal.js
FN:18,(anonymous_0)
FN:35,(anonymous_1)
FN:50,(anonymous_2)
FN:59,(anonymous_3)
FN:73,(anonymous_4)
FN:84,(anonymous_5)
FN:95,(anonymous_6)
FN:109,(anonymous_7)
FN:122,(anonymous_8)
FN:137,(anonymous_9)
FN:153,(anonymous_10)
FN:165,(anonymous_11)
FN:174,(anonymous_12)
FN:181,(anonymous_13)
FN:182,(anonymous_14)
FNF:15
FNH:0
FNDA:0,(anonymous_0)
FNDA:0,(anonymous_1)
FNDA:0,(anonymous_2)
FNDA:0,(anonymous_3)
FNDA:0,(anonymous_4)
FNDA:0,(anonymous_5)
FNDA:0,(anonymous_6)
FNDA:0,(anonymous_7)
FNDA:0,(anonymous_8)
FNDA:0,(anonymous_9)
FNDA:0,(anonymous_10)
FNDA:0,(anonymous_11)
FNDA:0,(anonymous_12)
FNDA:0,(anonymous_13)
FNDA:0,(anonymous_14)
DA:19,0
DA:21,0
DA:36,0
DA:37,0
DA:38,0
DA:44,0
DA:46,0
DA:51,0
DA:52,0
DA:54,0
DA:56,0
DA:60,0
DA:67,0
DA:68,0
DA:69,0
DA:70,0
DA:75,0
DA:76,0
DA:78,0
DA:79,0
DA:81,0
DA:85,0
DA:96,0
DA:110,0
DA:122,0
DA:137,0
DA:153,0
DA:165,0
DA:175,0
DA:181,0
DA:182,0
DA:196,1
DA:247,1
DA:262,1
DA:296,1
DA:303,1
DA:310,1
DA:336,1
LF:38
LH:7
BRDA:36,0,0,0
BRDA:36,0,1,0
BRDA:38,1,0,0
BRDA:38,1,1,0
BRDA:39,2,0,0
BRDA:39,2,1,0
BRDA:39,2,2,0
BRDA:39,2,3,0
BRDA:51,3,0,0
BRDA:51,3,1,0
BRDA:76,4,0,0
BRDA:76,4,1,0
BRDA:79,5,0,0
BRDA:79,5,1,0
BRDA:184,6,0,0
BRDA:184,6,1,0
BRF:16
BRH:0
end_of_record
TN:
SF:src/Popups/TrackWaste.js
FN:9,(anonymous_0)
FN:17,(anonymous_1)
FN:19,(anonymous_2)
FN:28,(anonymous_3)
FN:32,(anonymous_4)
FN:36,(anonymous_5)
FN:43,(anonymous_6)
FN:44,(anonymous_7)
FNF:8
FNH:0
FNDA:0,(anonymous_0)
FNDA:0,(anonymous_1)
FNDA:0,(anonymous_2)
FNDA:0,(anonymous_3)
FNDA:0,(anonymous_4)
FNDA:0,(anonymous_5)
FNDA:0,(anonymous_6)
FNDA:0,(anonymous_7)
DA:10,0
DA:11,0
DA:20,0
DA:22,0
DA:25,0
DA:29,0
DA:33,0
DA:36,0
DA:43,0
DA:44,0
DA:58,1
LF:11
LH:1
BRDA:46,0,0,0
BRDA:46,0,1,0
BRDA:47,1,0,0
BRDA:47,1,1,0
BRF:4
BRH:0
end_of_record
TN:
SF:src/Popups/TrackWastePopup.js
FN:16,(anonymous_0)
FN:23,(anonymous_1)
FN:27,(anonymous_2)
FN:32,(anonymous_3)
FN:47,(anonymous_4)
FN:63,(anonymous_5)
FN:68,(anonymous_6)
FNF:7
FNH:0
FNDA:0,(anonymous_0)
FNDA:0,(anonymous_1)
FNDA:0,(anonymous_2)
FNDA:0,(anonymous_3)
FNDA:0,(anonymous_4)
FNDA:0,(anonymous_5)
FNDA:0,(anonymous_6)
DA:17,0
DA:18,0
DA:24,0
DA:28,0
DA:32,0
DA:47,0
DA:64,0
DA:69,0
DA:83,1
LF:9
LH:1
BRDA:40,0,0,0
BRDA:40,0,1,0
BRDA:55,1,0,0
BRDA:55,1,1,0
BRF:4
BRH:0
end_of_record
TN:
SF:src/Popups/WasteEntry.js
FN:6,(anonymous_0)
FN:17,(anonymous_1)
FN:37,(anonymous_2)
FN:50,(anonymous_3)
FN:61,(anonymous_4)
FN:75,(anonymous_5)
FN:86,(anonymous_6)
FNF:7
FNH:0
FNDA:0,(anonymous_0)
FNDA:0,(anonymous_1)
FNDA:0,(anonymous_2)
FNDA:0,(anonymous_3)
FNDA:0,(anonymous_4)
FNDA:0,(anonymous_5)
FNDA:0,(anonymous_6)
DA:7,0
DA:8,0
DA:18,0
DA:19,0
DA:20,0
DA:26,0
DA:28,0
DA:38,0
DA:50,0
DA:62,0
DA:75,0
DA:86,0
DA:96,1
DA:111,1
DA:145,1
DA:152,1
LF:16
LH:4
BRDA:18,0,0,0
BRDA:18,0,1,0
BRDA:20,1,0,0
BRDA:20,1,1,0
BRDA:21,2,0,0
BRDA:21,2,1,0
BRDA:21,2,2,0
BRDA:21,2,3,0
BRF:8
BRH:0
end_of_record
TN:
SF:src/ProfileComponents/Badge.js
FN:8,(anonymous_0)
FN:12,(anonymous_1)
FNF:2
FNH:0
FNDA:0,(anonymous_0)
FNDA:0,(anonymous_1)
DA:9,0
DA:13,0
DA:22,0
DA:31,1
LF:4
LH:1
BRF:0
BRH:0
end_of_record
TN:
SF:src/ProfileComponents/Notification.js
FN:5,(anonymous_0)
FN:9,(anonymous_1)
FNF:2
FNH:0
FNDA:0,(anonymous_0)
FNDA:0,(anonymous_1)
DA:6,0
DA:10,0
DA:18,1
LF:3
LH:1
BRF:0
BRH:0
end_of_record
TN:
SF:src/TrackWaste/SubmitButton.js
FN:9,(anonymous_0)
FN:13,(anonymous_1)
FNF:2
FNH:0
FNDA:0,(anonymous_0)
FNDA:0,(anonymous_1)
DA:10,0
DA:15,0
DA:17,0
DA:26,1
LF:4
LH:1
BRF:0
BRH:0
end_of_record
TN:
SF:src/Utils/Divider.js
FN:6,(anonymous_0)
FN:10,(anonymous_1)
FNF:2
FNH:0
FNDA:0,(anonymous_0)
FNDA:0,(anonymous_1)
DA:7,0
DA:11,0
DA:15,1
LF:3
LH:1
BRF:0
BRH:0
end_of_record
TN:
SF:src/Utils/TestData.js
FN:12,getTestData
FNF:1
FNH:1
FNDA:1,getTestData
DA:13,1
DA:14,1
DA:15,1
DA:16,25
DA:17,25
DA:18,25
DA:19,25
DA:21,1
DA:24,1
DA:27,1
DA:50,1
LF:11
LH:11
BRDA:16,0,0,9
BRDA:16,0,1,16
BRF:2
BRH:2
end_of_record
TN:
SF:src/Utils/colors.js
FNF:0
FNH:0
DA:1,1
LF:1
LH:1
BRF:0
BRH:0
end_of_record
TN:
SF:src/WasteReductionTips/DairyReduction.js
FN:7,(anonymous_0)
FN:11,(anonymous_1)
FNF:2
FNH:0
FNDA:0,(anonymous_0)
FNDA:0,(anonymous_1)
DA:8,0
DA:12,0
DA:21,1
LF:3
LH:1
BRF:0
BRH:0
end_of_record
TN:
SF:src/WasteReductionTips/FishReduction.js
FN:7,(anonymous_0)
FN:11,(anonymous_1)
FNF:2
FNH:0
FNDA:0,(anonymous_0)
FNDA:0,(anonymous_1)
DA:8,0
DA:12,0
DA:21,1
LF:3
LH:1
BRF:0
BRH:0
end_of_record
TN:
SF:src/WasteReductionTips/GeneralReduction.js
FN:7,(anonymous_0)
FN:11,(anonymous_1)
FN:16,(anonymous_2)
FNF:3
FNH:0
FNDA:0,(anonymous_0)
FNDA:0,(anonymous_1)
FNDA:0,(anonymous_2)
DA:8,0
DA:13,0
DA:15,0
DA:16,0
DA:28,1
LF:5
LH:1
BRF:0
BRH:0
end_of_record
TN:
SF:src/WasteReductionTips/GrainReduction.js
FN:6,(anonymous_0)
FN:10,(anonymous_1)
FNF:2
FNH:0
FNDA:0,(anonymous_0)
FNDA:0,(anonymous_1)
DA:7,0
DA:11,0
DA:20,1
LF:3
LH:1
BRF:0
BRH:0
end_of_record
TN:
SF:src/WasteReductionTips/MeatReduction.js
FN:7,(anonymous_0)
FN:11,(anonymous_1)
FNF:2
FNH:0
FNDA:0,(anonymous_0)
FNDA:0,(anonymous_1)
DA:8,0
DA:12,0
DA:21,1
LF:3
LH:1
BRF:0
BRH:0
end_of_record
TN:
SF:src/WasteReductionTips/ProduceReduction.js
FN:7,(anonymous_0)
FN:11,(anonymous_1)
FNF:2
FNH:0
FNDA:0,(anonymous_0)
FNDA:0,(anonymous_1)
DA:8,0
DA:12,0
DA:21,1
LF:3
LH:1
BRF:0
BRH:0
end_of_record
